00:03:47.20 Script skip: 0 516 [ comment 0 Рекламный блок 51 начало - 23:49 ]
00:03:47.20 Script skip: 0 517 [ comment 0 Нет рекламы в блоке ]
00:03:47.21 Script skip: 0 518 [ comment 0 Рекламный блок 51 конец ]
00:03:47.22 Script take: 0 519 [ movie 00:00:28.12 Z:\Promo\-3 ПРОМО Смайлик 21.11.m2t ]
00:04:15.18 Script take: 0 520 [ movie 00:00:32.20 Z:\Promo\-3 ПРОМО Леди Макбет 22.11.m2t ]
00:04:47.26 Script take: 0 521 [ movie 00:00:32.60 Z:\Promo\-3_ПРОМО Интердевочка 24.11 испр.m2t ]
00:05:19.80 Script take: 0 522 [ movie 00:48:00.36 Y:\НТС_11_18_24\криминальный роман 1 серия тайна золотых апостолов ч 1.mpg ]
00:53:20.19 Script take: 0 523 [ movie 00:04:03.32 Y:\НТС_история государства российского\00055 история государства российского 55 серия Княжение Рюрика в Киеве.mpg ]
00:57:23.53 Script take: 0 524 [ movie 00:04:06.88 Y:\НТС_история государства российского\00059 история государства российского 59 серия Крестоносцы.mpg ]
01:01:30.37 Script skip: 0 525 [ comment 0 Рекламный блок 52 начало - 00:20 ]
01:01:30.37 Script skip: 0 526 [ comment 0 Нет рекламы в блоке ]
01:01:30.38 Script skip: 0 527 [ comment 0 Рекламный блок 52 конец ]
01:01:30.39 Script skip: 0 528 [ comment 0 Рекламный блок 53 начало - 00:55 ]
01:01:30.39 Script skip: 0 529 [ comment 0 Нет рекламы в блоке ]
01:01:30.40 Script skip: 0 530 [ comment 0 Рекламный блок 53 конец ]
01:01:30.41 Script take: 0 531 [ movie 00:28:12.52 Y:\НТС_11_18_24\Машина времени из Италии 7 выпуск Турин и Музей современного искусства.mpg ]
01:29:43.13 Script take: 0 532 [ movie 00:00:38.80 Z:\Promo\-3 ПРОМО Неизвестная Италия 20.11.m2t ]
01:30:21.77 Script take: 0 533 [ movie 00:00:28.12 Z:\Promo\-3 ПРОМО Смайлик 21.11.m2t ]
01:30:50.14 Script skip: 0 534 [ comment 0 Рекламный блок 54 начало - 01:12 ]
01:30:50.14 Script skip: 0 535 [ comment 0 Нет рекламы в блоке ]
01:30:50.16 Script skip: 0 536 [ comment 0 Рекламный блок 54 конец ]
01:30:50.17 Script take: 0 537 [ movie 00:27:22.60 Z:\OnAir\11_19\АО_Коми Инкогнито Рыбаки Ямала 27 10 18.m2t ]
01:58:12.66 Script take: 0 538 [ movie 00:00:28.12 Z:\Promo\-3 ПРОМО Смайлик 21.11.m2t ]
01:58:40.69 Script take: 0 539 [ movie 00:00:32.20 Z:\Promo\-3 ПРОМО Леди Макбет 22.11.m2t ]
01:59:12.74 Script take: 0 540 [ movie 00:00:32.60 Z:\Promo\-3_ПРОМО Интердевочка 24.11 испр.m2t ]
01:59:45.44 Flags take:  logoOn
01:59:45.44 Script take: 0 541 [ pause 0  ]
02:00:11.99 Button Shedule.SaveToFile 0 Z:\PlayList\отработанный от 19.11.2019_91.air
02:01:37.39 Button Shedule.EraseList 0
02:01:37.79 Script wait: 0 0 [ wait operator 0 * * * * * ]
02:01:40.10 FilePage Shedule.InsertFromFile 0 0 Z:\PlayList\AirPlay 20.11.2019_91.air
02:01:41.11 Watchdog timeout 1 sec.  Actual interval 1.03

DebugInfo2: 02:02:47.99 picture 00:00:50.00 E:\Типа проги\ВН Главное 12,30.png Check change: State (None->Error)
DebugInfo2: 02:02:54.04 picture 00:00:50.00 E:\Типа проги\ВН Главное 13,30.png Check change: State (None->Error)
DebugInfo2: 02:03:01.85 picture 00:00:40.00 E:\Типа проги\погода.png Check change: State (None->Error)
DebugInfo2: 02:03:11.22 picture 00:00:50.00 E:\Типа проги\ВН Главное 15,30.png Check change: State (None->Error)
DebugInfo2: 02:03:16.36 picture 00:12:00.00 E:\Типа проги\Крик.png Check change: State (None->Error)
DebugInfo2: 02:03:21.47 picture 00:01:30.00 E:\Типа проги\погода.png Check change: State (None->Error)
DebugInfo2: 02:03:26.03 movie 00:00:56.25 Z:\Reklama\АНТИНАРКО\Антинаркотик. Ролик на конкурс.mpg Check change: Duration (00:00:56.25->00:00:56.25)
DebugInfo2: 02:03:27.96 picture 00:00:50.00 E:\Типа проги\ВН Главное 17,45.png Check change: State (None->Error)
DebugInfo2: 02:03:30.00 picture 00:14:00.00 E:\Типа проги\УХТА.png Check change: State (None->Error)
DebugInfo2: 02:03:34.23 picture 00:00:40.00 E:\Типа проги\погода.png Check change: State (None->Error)
DebugInfo2: 02:03:35.97 picture 00:14:00.00 E:\Типа проги\ФИННОУГОРИЯ.png Check change: State (None->Error)
DebugInfo2: 02:03:39.00 picture 00:13:00.00 E:\Типа проги\Крик.png Check change: State (None->Error)
DebugInfo2: 02:03:49.42 picture 00:01:30.00 E:\Типа проги\погода.png Check change: State (None->Error)
DebugInfo2: 02:03:50.22 picture 00:28:00.00 E:\Типа проги\ДЕТАЛИ.png Check change: State (None->Error)
DebugInfo2: 02:04:04.38 picture 00:15:00.00 E:\Типа проги\Время новостей 21,30.png Check change: State (None->Error)
DebugInfo2: 02:04:07.90 picture 00:10:00.00 E:\Типа проги\Время новостей 21,30.png Check change: State (None->Error)
DebugInfo2: 02:04:10.08 picture 00:01:30.00 E:\Типа проги\погода.png Check change: State (None->Error)
DebugInfo2: 02:04:11.05 picture 00:15:00.00 E:\Типа проги\Крик.png Check change: State (None->Error)
02:27:34.69 Button Shedule.DeleteItem 0 0
Deleted 0 0 wait operator 0 * * * * *
02:27:35.10 Script wait: 0 0 [ wait operator 0  ]
02:33:48.66 ScheduleDblClick Shedule.SetRunPosition 0 3
02:33:48.95 ScheduleDblClick Shedule.SetPause 0
02:33:48.96 Script wait: 0 3 [ wait time 05:59:00.00 [0] active  ]
Time break detected: past (2019-11-20 02:34:01.691), current (2019-11-20 02:34:01.185)
02:34:12.16 ScheduleDblClick Shedule.SetRunPosition 0 3
02:34:12.20 ScheduleDblClick Shedule.SetPause 0
05:59:00.14 Script skip: 0 3 [ wait time 05:59:00.00 [0] active  ]
05:59:00.14 Flags take:  logoOn
05:59:00.14 Script take: 0 4 [ pause 0  ]
05:59:00.16 Script wait: 0 6 [ wait time 06:00:00.00 [0] active Слот 1___6,00-6,30 = 30 мин    (Рекл=1 мин)=29 мин ]
06:00:00.12 Script skip: 0 6 [ wait time 06:00:00.00 [0] active Слот 1___6,00-6,30 = 30 мин    (Рекл=1 мин)=29 мин ]
06:00:00.12 Flags take:  logoOff
06:00:00.12 Script take: 0 7 [ movie 00:00:08.16 Z:\Promo\-3_Bndr_ЛИЦЕНЗИЯ_2019.m2t ]
06:00:08.21 Script take: 0 8 [ movie 00:12:01.52 Z:\OnAir\11_19\-3 Время новостей УХТА 19-11.m2t ]
06:12:09.87 Script take: 0 9 [ movie 00:00:38.80 Z:\Promo\-3 ПРОМО Неизвестная Италия 20.11 сегодня.m2t ]
06:12:48.51 Script take: 0 10 [ movie 00:00:28.12 Z:\Promo\-3 ПРОМО Смайлик 21.11.m2t ]
06:13:16.64 Script take: 0 11 [ movie 00:00:50.32 Z:\Promo\-3 ПРОМО Мне тесно в строю. Александр Розенбаум 23.11.m2t ]
06:14:06.90 Script skip: 0 12 [ comment 0 @ талун.avi ]
06:14:06.90 Script take: 0 13 [ movie 00:13:54.32 Z:\OnAir\11_19\-3 Вочакыв Виктория Агаркова 19 11 19.m2t ]
06:28:01.27 Script skip: 0 14 [ comment 0 Рекламный блок 01 начало - 06:25 ]
06:28:01.27 Script take: 0 15 [ movie 00:00:05.20 Z:\Reklama\ПЕРЕБИВКИ_РЕКЛАМА_СЕНТЯБРЬ_2019\-3_перебивка_реклама_3 _ золото _ 300-700.m2t ]
06:28:06.42 Script take: 0 16 [ movie 00:00:15.16 Z:\Reklama\-3_ЕПЗ - Алмаг+ (Изоляция) 15 сек 16х9 - Сыктывкар сентябрь 2019.m2t ]
06:28:21.61 Script take: 0 17 [ movie 00:00:15.20 Z:\Reklama\-3 MORI_01.m2t ]
06:28:36.84 Script skip: 0 18 [ comment 0 Рекламный блок 01 конец ]
06:28:36.84 Script take: 0 19 [ movie 00:00:59.20 Z:\Promo\-3_Глава 73 16х9.m2t ]
06:29:35.98 Script take: 0 20 [ movie <00:00:36.00> 00:00:24.28 Z:\Часы\Сlock_18_30 (06_30).m2t ]
06:30:00.34 Script skip: 0 21 [ comment 0 Слот 2___6,30-7,30 = 1 час  (Рекл=6 мин)=54 мин ]
06:30:00.34 Script take: 0 22 [ movie 00:08:07.04 Z:\OnAir\11_20\-3 ТАЛУН УТРО 1 часть 20-11.m2t ]
06:38:07.32 Script skip: 0 23 [ comment 0 Рекламный блок 02 начало - 06:42 ]
06:38:07.32 Script take: 0 24 [ movie 00:00:05.12 Z:\Reklama\-3_TOYS_санки(Настя).m2t ]
06:38:12.45 Script skip: 0 25 [ comment 0 Рекламный блок 02 конец ]
06:38:12.45 Script take: 0 26 [ movie 00:07:52.88 Z:\OnAir\11_19\-3 ТАЛУН вечер и утро 2 часть 19-11.m2t ]
06:46:05.31 Script skip: 0 27 [ comment 0 Рекламный блок 03 начало - 06:56 ]
06:46:05.31 Script take: 0 28 [ movie 00:00:05.20 Z:\Reklama\ПЕРЕБИВКИ_РЕКЛАМА_СЕНТЯБРЬ_2019\-3_перебивка_реклама_3 _ золото _ 300-700.m2t ]
06:46:10.67 Script take: 0 29 [ movie 00:00:05.20 Z:\Reklama\-3_Магия мэха_кож пух_5с.m2t ]
06:46:15.77 Script take: 0 30 [ movie 00:00:10.12 Z:\Reklama\-3 HINKALI_0719_10S Хинкали.m2t ]
06:46:25.90 Script take: 0 31 [ movie 00:00:28.60 Z:\OnAir\11_20\-3_[0]-ТГ_ВАХТА_191119.m2t ]
06:46:54.64 Script take: 0 32 [ movie 00:00:30.16 Z:\Reklama\ЗОЖ 25 июня\-3_Bndr_Курение.m2t ]
06:47:24.67 Script skip: 0 33 [ comment 0 Рекламный блок 03 конец ]
06:47:24.67 Script take: 0 34 [ movie 00:00:27.68 Z:\OnAir\11_20\-3_Поводдя_йылысь_Утро_20_11.m2t ]
06:47:52.29 Script take: 0 35 [ movie 00:00:59.20 Z:\Promo\-3_Глава 73 16х9.m2t ]
06:48:51.65 Script take: 0 36 [ movie 00:00:32.20 Z:\Promo\-3 ПРОМО Леди Макбет 22.11.m2t ]
06:49:23.74 Script take: 0 37 [ movie 00:00:28.12 Z:\Promo\-3 ПРОМО Смайлик 21.11.m2t ]
06:49:51.88 Script take: 0 38 [ movie 00:00:38.80 Z:\Promo\-3 ПРОМО Неизвестная Италия 20.11 сегодня.m2t ]
06:50:30.64 Script take: 0 39 [ movie 00:01:13.72 Z:\Promo\-3_ПРОМО суббота с юрганом 23.11.m2t ]
06:51:44.30 Script take: 0 40 [ movie 00:00:50.32 Z:\Promo\-3 ПРОМО Мне тесно в строю. Александр Розенбаум 23.11.m2t ]
06:52:34.65 Script take: 0 41 [ movie 00:00:32.60 Z:\Promo\-3_ПРОМО Интердевочка 24.11 испр.m2t ]
06:53:07.27 Script take: 0 42 [ movie 00:03:09.60 Z:\OnAir\Серни басни\-3 Серни басни Валерий Михайлович 2.avi ]
06:56:16.93 Script take: 0 43 [ movie 00:02:05.92 Z:\OnAir\ФУ\-3_Bndr_ФУ музыка «Лым» Анна Попова Зима.m2t ]
06:58:22.85 Script take: 0 44 [ movie 00:27:55.72 Z:\OnAir\11_20\-3 Студия11_20-11-2019.m2t ]
07:26:18.55 Script skip: 0 45 [ comment 0 Рекламный блок 04 начало - 07:27 ]
07:26:18.55 Script take: 0 46 [ movie 00:00:05.20 Z:\Reklama\ПЕРЕБИВКИ_РЕКЛАМА_СЕНТЯБРЬ_2019\-3_перебивка_реклама_3 _ золото _ 300-700.m2t ]
07:26:23.89 Script take: 0 47 [ movie 00:00:20.20 Z:\Reklama\-3_ролик_ЗС_зима_Сыктывкар.m2t ]
07:26:43.86 Script take: 0 48 [ movie 00:00:05.20 Z:\Reklama\-3_Магия мэха_скидка на шубы_5 сек.m2t ]
07:26:49.11 Script take: 0 49 [ movie 00:00:15.16 Z:\Reklama\-3_ЕПЗ - Алмаг+ (Имидж) 15 сек 16х9 - Сыктывкар (сентябрь) 2019.m2t ]
07:27:04.24 Script take: 0 50 [ movie 00:00:05.12 Z:\Reklama\-3_TOYS_санки(Настя).m2t ]
07:27:09.36 Script take: 0 51 [ movie 00:00:15.20 Z:\Reklama\-3 MORI_01.m2t ]
07:27:24.60 Script take: 0 52 [ movie 00:00:15.16 Z:\Reklama\-3 Пригородный 15 сек.m2t ]
07:27:39.92 Script take: 0 53 [ movie 00:00:10.12 Z:\Reklama\-3 Оптика Люкс 10 сек_2.m2t ]
07:27:49.93 Script take: 0 54 [ movie 00:00:28.60 Z:\OnAir\11_20\-3_[0]-ТГ_ВАХТА_191119.m2t ]
07:28:18.53 Script take: 0 55 [ movie 00:00:20.12 Z:\Reklama\Телекарта _ ОКТЯБРЬ _ 2019\-3_Народный премьер_16+_0-20_1080p.m2t ]
07:28:38.62 Script skip: 0 56 [ comment 0 Рекламный блок 04 конец ]
07:28:38.62 Script take: 0 57 [ movie 00:00:59.20 Z:\Promo\-3_Глава 73 16х9.m2t ]
07:29:37.87 Script take: 0 58 [ movie <00:00:38.00> 00:00:22.28 Z:\Часы\Сlock_19_30 (07_30).m2t ]
07:30:00.12 Script skip: 0 59 [ comment 0 Слот 3___7,30-14,30 = 7 часов (Рекл=47,30 мин)=6 часов 12,30 мин ]
07:30:00.12 Script take: 0 60 [ movie 00:17:08.24 Z:\OnAir\11_20\-3 Время новостей УТРО 1 часть 20-11.m2t ]
07:47:08.33 Script skip: 0 61 [ comment 0 Рекламный блок 05 начало - 07:42 ]
07:47:08.33 Script take: 0 62 [ movie 00:00:15.16 Z:\Reklama\-3 PN_PiterLove_Fed Петербургская недвиж.m2t ]
07:47:23.44 Script take: 0 63 [ movie 00:00:05.20 Z:\Reklama\-3_Магия меха_новое поступление Зима.m2t ]
07:47:28.71 Script take: 0 64 [ movie 00:00:08.20 Z:\Reklama\РГС-Мед_НОЯБРЬ_2019\-3_Bndr_РГС_МЕД_стационар.m2t ]
07:47:36.85 Script take: 0 65 [ movie 00:00:10.00 Z:\Reklama\-3_Bndr_Еврочехлы 10с_февраль2019 г_ 16-9.avi ]
07:47:46.85 Script take: 0 66 [ movie 00:00:15.16 Z:\Reklama\-3_DINAMIKA_QASHKAI_1119_15S.m2t ]
07:48:02.14 Script take: 0 67 [ movie 00:00:05.12 Z:\Reklama\-3_АптекаБЗ 20ноя2019 5с FullHD.m2t ]
07:48:07.12 Script take: 0 68 [ movie 00:00:15.16 Z:\Reklama\-3 КС-Керамик_Уже началась СТРОЙМАТ.m2t ]
07:48:22.27 Script skip: 0 69 [ comment 0 Рекламный блок 05 конец ]
07:48:22.27 Script take: 0 70 [ movie 00:07:10.56 Z:\OnAir\11_19\-3 ВН ночь и утро 2 часть 19-11.m2t ]
07:55:32.86 Script skip: 0 71 [ comment 0 Рекламный блок 5а начало - 07:55 ]
07:55:32.86 Script take: 0 72 [ movie 00:00:05.20 Z:\Reklama\ПЕРЕБИВКИ_РЕКЛАМА_СЕНТЯБРЬ_2019\-3_перебивка_реклама_3 _ золото _ 300-700.m2t ]
07:55:38.25 Script take: 0 73 [ movie 00:00:05.20 Z:\Reklama\-3_Магия мэха_кож пух_5с.m2t ]
07:55:43.26 Script take: 0 74 [ movie 00:00:05.12 Z:\Reklama\-3_TOYS_санки(Настя).m2t ]
07:55:48.38 Script take: 0 75 [ movie 00:00:15.16 Z:\Reklama\-3_DINAMIKA_DATSUN_11.2019 г.m2t ]
07:56:03.50 Script take: 0 76 [ movie 00:00:23.20 Z:\Reklama\-3 С Легким паром.m2t ]
07:56:26.77 Script take: 0 77 [ movie 00:00:10.12 Z:\Reklama\-3 Оптика Люкс 10 сек_2.m2t ]
07:56:36.90 Script take: 0 78 [ movie 00:00:10.12 Z:\Reklama\-3 HINKALI_0719_10S Хинкали.m2t ]
07:56:47.19 Script take: 0 79 [ movie 00:00:20.20 Z:\Reklama\Телекарта _ ОКТЯБРЬ _ 2019\-3_85 гр (смотри за 0)_1080p.m2t ]
07:57:07.21 Script skip: 0 80 [ comment 0 Рекламный блок 5а конец ]
07:57:07.21 Script take: 0 81 [ movie 00:01:28.16 Z:\OnAir\11_20\-3_Все_о_погоде_Утро_20_11.m2t ]
07:58:35.39 Script take: 0 82 [ movie 00:00:59.20 Z:\Promo\-3_Глава 73 16х9.m2t ]
07:59:34.55 Script take: 0 83 [ movie 00:00:38.80 Z:\Promo\-3 ПРОМО Неизвестная Италия 20.11 сегодня.m2t ]
08:00:13.38 Script take: 0 84 [ movie 00:27:55.72 Z:\OnAir\11_20\-3 Студия11_20-11-2019.m2t ]
08:28:09.24 Script skip: 0 85 [ comment 0 Рекламный блок 06 начало - 08:25 ]
08:28:09.24 Script take: 0 86 [ movie 00:00:05.20 Z:\Reklama\ПЕРЕБИВКИ_РЕКЛАМА_СЕНТЯБРЬ_2019\-3_перебивка_реклама_8 _ смайлы _ 300-700.m2t ]
08:28:14.24 Script take: 0 87 [ movie 00:00:10.00 Z:\Reklama\-3_Bndr_Еврочехлы 10с_февраль2019 г_ 16-9.avi ]
08:28:24.25 Script skip: 0 88 [ comment 0 Рекламный блок 06 конец ]
08:28:24.25 Script take: 0 89 [ movie 00:00:38.80 Z:\Promo\-3 ПРОМО Неизвестная Италия 20.11 сегодня.m2t ]
08:29:03.23 Script take: 0 90 [ movie 00:00:28.12 Z:\Promo\-3 ПРОМО Смайлик 21.11.m2t ]
08:29:31.20 Script take: 0 91 [ movie 00:00:32.20 Z:\Promo\-3 ПРОМО Леди Макбет 22.11.m2t ]
08:30:03.46 Script skip: 0 92 [ comment 0 Монди ]
08:30:03.46 Script take: 0 93 [ movie 00:27:59.96 Z:\OnAir\11_19\-3_О Монди начистоту 1серия С шапкой и концом 19_10_2019.m2t ]
08:58:03.42 Script skip: 0 94 [ comment 0 Рекламный блок 07 начало - 08:48 ]
08:58:03.42 Script take: 0 95 [ movie 00:00:05.20 Z:\Reklama\ПЕРЕБИВКИ_РЕКЛАМА_СЕНТЯБРЬ_2019\-3_перебивка_реклама_5 _ капли _ 300-700.m2t ]
08:58:08.52 Script take: 0 96 [ movie 00:00:23.20 Z:\Reklama\-3 С Легким паром.m2t ]
08:58:31.76 Script skip: 0 97 [ comment 0 Рекламный блок 07 конец ]
08:58:31.76 Script take: 0 98 [ movie 00:00:50.32 Z:\Promo\-3 ПРОМО Мне тесно в строю. Александр Розенбаум 23.11.m2t ]
08:59:22.31 Script take: 0 99 [ movie 00:00:32.20 Z:\Promo\-3 ПРОМО Леди Макбет 22.11.m2t ]
08:59:54.30 Script take: 0 100 [ movie 00:00:28.12 Z:\Promo\-3 ПРОМО Смайлик 21.11.m2t ]
09:00:22.39 Script take: 0 101 [ movie 00:25:55.08 Y:\НТС_11_18_24\Неизвестная Италия 10 выпуск Бокюз Дор.mpg ]
09:26:17.57 Script skip: 0 102 [ comment 0 Рекламный блок 08 начало - 09:23 ]
09:26:17.57 Script take: 0 103 [ movie 00:00:05.20 Z:\Reklama\ПЕРЕБИВКИ_РЕКЛАМА_СЕНТЯБРЬ_2019\-3_перебивка_реклама_4 _ Серая _ 300-700.m2t ]
09:26:22.67 Script take: 0 104 [ movie 00:00:05.12 Z:\Reklama\-3_TOYS_санки(Настя).m2t ]
09:26:27.79 Script skip: 0 105 [ comment 0 Рекламный блок 08 конец ]
09:26:27.79 Script take: 0 106 [ movie 00:01:13.72 Z:\Promo\-3_ПРОМО суббота с юрганом 23.11.m2t ]
09:27:41.49 Script take: 0 107 [ movie 00:22:49.28 Y:\НТС_11_18_24\Неизвестная Италия 11 выпуск Сакра_Микель.mpg ]
09:50:30.74 Script skip: 0 108 [ comment 0 Рекламный блок 09 начало - 09:39 ]
09:50:30.74 Script skip: 0 109 [ comment 0 Нет рекламы в блоке ]
09:50:30.74 Script skip: 0 110 [ comment 0 Рекламный блок 09 конец ]
09:50:30.75 Script take: 0 111 [ movie 00:03:36.88 Y:\НТС_Мульты\доктор машинкова 27 серия Limo.mpg ]
09:54:07.72 Script take: 0 112 [ movie 00:02:58.40 Y:\НТС_Мульты\доктор машинкова 28 серия McWheelie_Colour_CementMixer.mpg ]
09:57:06.08 Script take: 0 113 [ movie 00:03:34.16 Y:\НТС_Мульты\доктор машинкова 29 серия GPS_TV.mpg ]
10:00:40.30 Script take: 0 114 [ movie 00:04:04.16 Y:\НТС_Мульты\доктор машинкова 30 серия Tank.mpg ]
10:04:44.37 Script take: 0 115 [ movie 00:03:19.84 Y:\НТС_Мульты\доктор машинкова 31 серия SnowClean.mpg ]
10:08:04.21 Script take: 0 116 [ movie 00:02:54.72 Y:\НТС_Мульты\доктор машинкова 32 серия McWheelie_Colour_DumpTruck.mpg ]
10:10:58.95 Script take: 0 117 [ movie 00:04:22.52 Y:\НТС_Мульты\доктор машинкова 33 серия BadRoad.mpg ]
10:13:28.38 Watchdog timeout 1 sec.  Actual interval 1.06

10:13:33.90 SheduleEdit Shedule.SetItemInOut 0 166 0 1675720 (00:00:00.00, 00:27:55.72)
10:13:44.00 Button Shedule.SaveToFile 0 Z:\PlayList\AirPlay 20.11.2019_91.air
10:15:21.46 Script take: 0 118 [ movie 00:02:29.76 Y:\НТС_Мульты\доктор машинкова 34 серия McWheelie_Colour_SportCar.mpg ]
10:17:51.20 Script take: 0 119 [ movie 00:05:06.20 Y:\НТС_Мульты\доктор машинкова 35 серия Showroom.mpg ]
10:22:57.47 Script take: 0 120 [ movie 00:04:54.08 Y:\НТС_Мульты\доктор машинкова 41 серия AgressiveDriving.mpg ]
10:27:51.46 Script skip: 0 121 [ comment 0 Рекламный блок 10 начало - 10:15 ]
10:27:51.46 Script skip: 0 122 [ comment 0 Нет рекламы в блоке ]
10:27:51.47 Script skip: 0 123 [ comment 0 Рекламный блок 10 конец ]
10:27:51.47 Script take: 0 124 [ movie 00:00:12.24 Z:\OnAir\ФУ\-3_Bndr_ШАПКА_ФИННОУГОРИЯ_ТК.m2t ]
10:28:03.75 Script take: 0 125 [ movie <00:00:00.12> 00:25:44.20 Z:\OnAir\11_20\А_Манси. Путь промысла.avi ]
10:52:29.72 FilePage  Shedule.AddItem 0 264 1 0 0 movie 00:00:30.16  Z:\OnAir\11_20\-3 ТЫ СИЛЬНЕЕ БЕЗ АЛКОГОЛЯ! МИНЗДРАВ УТВЕРЖДАЕТ! (30 сек).m2t
10:52:43.21 SheduleEdit Shedule.SetItemInOut 0 265 0 30160 (00:00:00.00, 00:00:30.16)
10:52:54.12 Button Shedule.DeleteItem 0 279
Deleted 0 279 movie 00:00:28.12 Z:\Promo\-3 ПРОМО Смайлик 21.11.m2t
10:53:01.22 SheduleEdit Shedule.SetItemDuration 0 281 1031000 (00:17:11.00)
10:53:48.08 Script skip: 0 126 [ comment 0 Рекламный блок 11 начало - 10:35 ]
10:53:48.08 Script take: 0 127 [ movie 00:00:05.20 Z:\Reklama\ПЕРЕБИВКИ_РЕКЛАМА_СЕНТЯБРЬ_2019\-3_перебивка_реклама_4 _ Серая _ 300-700.m2t ]
10:53:53.12 Script take: 0 128 [ movie 00:00:20.12 Z:\Reklama\Телекарта _ ОКТЯБРЬ _ 2019\-3_Народный премьер_16+_0-20_1080p.m2t ]
10:53:56.48 FilePage  Shedule.AddItem 0 471 1 0 0 movie 00:00:30.16  Z:\OnAir\11_20\-3 ТЫ СИЛЬНЕЕ БЕЗ АЛКОГОЛЯ! МИНЗДРАВ УТВЕРЖДАЕТ! (30 сек).m2t
10:54:13.32 Script skip: 0 129 [ comment 0 Рекламный блок 11 конец ]
10:54:13.32 Script take: 0 130 [ movie 00:02:28.96 Z:\OnAir\ФУ\-3_Финноугория 39 Межпрограммка музыка 2_утверждено.m2t ]
10:54:15.44 Button Shedule.DeleteItem 0 476
Deleted 0 476 movie 00:00:32.60 Z:\Promo\-3_ПРОМО Интердевочка 24.11 испр.m2t
10:54:25.10 Button Shedule.SaveToFile 0 Z:\PlayList\AirPlay 20.11.2019_91.air
10:54:28.47 Watchdog timeout 1 sec.  Actual interval 1.06

10:56:42.21 Script take: 0 131 [ movie 00:01:13.72 Z:\Promo\-3_ПРОМО суббота с юрганом 23.11.m2t ]
10:57:56.11 Script take: 0 132 [ movie 00:00:05.20 Z:\Promo\ПЕРЕБИВКИ_ПРОМО_СЕНТЯБРЬ_2019\-3_перебивка_3ИСПР _ золото.m2t ]
10:58:01.12 Script take: 0 133 [ movie 00:00:50.32 Z:\Promo\-3 ПРОМО Мне тесно в строю. Александр Розенбаум 23.11.m2t ]
10:58:51.47 Script take: 0 134 [ movie 00:00:05.20 Z:\Promo\ПЕРЕБИВКИ_ПРОМО_СЕНТЯБРЬ_2019\-3_перебивка_5ИСПР _ капли.m2t ]
10:58:56.65 Script take: 0 135 [ movie 00:00:32.20 Z:\Promo\-3 ПРОМО Леди Макбет 22.11.m2t ]
10:59:29.08 Script take: 0 136 [ movie 00:00:28.12 Z:\Promo\-3 ПРОМО Смайлик 21.11.m2t ]
10:59:57.06 Script skip: 0 137 [ comment 0 Рекламный блок 12 начало - 10:52 ]
10:59:57.06 Script skip: 0 138 [ comment 0 Нет рекламы в блоке ]
10:59:57.06 Script skip: 0 139 [ comment 0 Рекламный блок 12 конец ]
10:59:57.07 Script skip: 0 140 [ comment 0 Рекламный блок 13 начало - 11:12 ]
10:59:57.08 Script skip: 0 141 [ comment 0 Нет рекламы в блоке ]
10:59:57.08 Script skip: 0 142 [ comment 0 Рекламный блок 13 конец ]
10:59:57.09 Script skip: 0 143 [ comment 0 # нацдет_нижнее_предпр-во.avi ]
10:59:57.10 Script take: 0 144 [ movie <00:00:00.08> 00:27:22.92 Y:\НТС_11_18_24\криминальный роман 2 серия тайна золотых апостолов ч 2.mpg ]
11:27:19.94 Script take: 0 145 [ movie 00:00:08.60 Z:\Promo\ПРИЗЫ ВК\-3_ПризыВК_Настя(СаундЭффекты).m2t ]
11:27:28.50 Script take: 0 146 [ movie 00:00:28.12 Z:\Promo\-3 ПРОМО Смайлик 21.11.m2t ]
11:27:56.61 Script take: 0 147 [ movie 00:00:32.20 Z:\Promo\-3 ПРОМО Леди Макбет 22.11.m2t ]
11:28:28.78 Script take: 0 148 [ movie 00:01:13.72 Z:\Promo\-3_ПРОМО суббота с юрганом 23.11.m2t ]
11:29:42.58 Script skip: 0 149 [ comment 0 Рекламный блок 14 начало - 11:33 ]
11:29:42.58 Script skip: 0 150 [ comment 0 Нет рекламы в блоке ]
11:29:42.59 Script skip: 0 151 [ comment 0 Рекламный блок 14 конец ]
11:29:42.59 Script skip: 0 152 [ comment 0 & КРИМИНАЛЬНЫЙ РОМАН.avi ]
11:29:42.61 Script take: 0 153 [ movie <00:27:23.28> 00:20:38.44 Y:\НТС_11_18_24\криминальный роман 2 серия тайна золотых апостолов ч 2.mpg ]
11:50:21.05 Script take: 0 154 [ movie 00:00:32.60 Z:\Promo\-3_ПРОМО Интердевочка 24.11 испр.m2t ]
11:50:53.56 Script take: 0 155 [ movie 00:00:50.32 Z:\Promo\-3 ПРОМО Мне тесно в строю. Александр Розенбаум 23.11.m2t ]
11:51:43.86 Script take: 0 156 [ movie 00:04:40.72 Y:\НТС_история государства российского\00040 история государства российского 40 серия Великий Князь Изяслав II.mpg ]
11:56:24.69 Script skip: 0 157 [ comment 0 Рекламный блок 15 начало - 11:55 ]
11:56:24.69 Script take: 0 158 [ movie 00:00:05.20 Z:\Reklama\ПЕРЕБИВКИ_РЕКЛАМА_СЕНТЯБРЬ_2019\-3_перебивка_реклама_3 _ золото _ 300-700.m2t ]
11:56:29.80 Script take: 0 159 [ movie 00:00:05.12 Z:\Reklama\-3_TOYS_санки(Настя).m2t ]
11:56:34.95 Script skip: 0 160 [ comment 0 Рекламный блок 15 конец ]
11:56:34.95 Script take: 0 161 [ movie 00:01:52.40 Z:\OnAir\ФУ\-3_Bndr_ФУ на вкус Салат финский.m2t ]
11:58:27.35 Script take: 0 162 [ movie 00:01:13.72 Z:\Promo\-3_ПРОМО суббота с юрганом 23.11.m2t ]
11:59:41.12 Script take: 0 163 [ movie 00:00:32.20 Z:\Promo\-3 ПРОМО Леди Макбет 22.11.m2t ]
12:00:13.23 Script take: 0 164 [ movie 00:00:28.12 Z:\Promo\-3 ПРОМО Смайлик 21.11.m2t ]
12:00:41.36 Script take: 0 165 [ movie 00:00:08.16 Z:\Promo\-3_Bndr_ЛИЦЕНЗИЯ_2019.m2t ]
12:00:49.52 Script take: 0 166 [ movie 00:27:55.72 Z:\OnAir\11_20\-3 Студия11_20-11-2019.m2t ]
12:13:42.12 FilePage  Shedule.AddItem 0 175 1 0 0 movie 00:00:47.48  Z:\OnAir\11_20\-3_ВН Главное на 12-30 20-11.m2t
12:13:45.65 Button Shedule.DeleteItem 0 175
Deleted 0 175 picture 00:00:50.00 E:\Типа проги\ВН Главное 12,30.png
12:13:50.61 FilePage  Shedule.AddItem 0 199 1 0 0 movie 00:00:47.48  Z:\OnAir\11_20\-3_ВН Главное на 12-30 20-11.m2t
12:13:53.56 Button Shedule.DeleteItem 0 199
Deleted 0 199 picture 00:00:50.00 E:\Типа проги\ВН Главное 13,30.png
12:14:07.44 SheduleEdit Shedule.SetItemDuration 0 228 740000 (00:12:20.00)
12:14:11.56 Button Shedule.SaveToFile 0 Z:\PlayList\AirPlay 20.11.2019_91.air
12:28:45.23 Script skip: 0 167 [ comment 0 Рекламный блок 16 начало - 12:26 ]
12:28:45.23 Script take: 0 168 [ movie 00:00:05.20 Z:\Reklama\ПЕРЕБИВКИ_РЕКЛАМА_СЕНТЯБРЬ_2019\-3_перебивка_реклама_8 _ смайлы _ 300-700.m2t ]
12:28:50.44 Script take: 0 169 [ movie 00:00:05.12 Z:\Reklama\-3_АптекаБЗ 20ноя2019 5с FullHD.m2t ]
12:28:55.58 Script take: 0 170 [ movie 00:00:15.16 Z:\Reklama\-3 Пригородный 15 сек.m2t ]
12:29:10.78 Script take: 0 171 [ movie 00:00:10.12 Z:\Reklama\-3 Оптика Люкс 10 сек_2.m2t ]
12:29:20.92 Script take: 0 172 [ movie 00:00:24.92 Z:\Reklama\ППСиГЗ_2019\-3_Bndr_Rolik_13_1_Детская безопасность.m2t ]
12:29:45.88 Script skip: 0 173 [ comment 0 Рекламный блок 16 конец ]
12:29:45.88 Script take: 0 174 [ movie 00:00:28.12 Z:\Promo\-3 ПРОМО Смайлик 21.11.m2t ]
12:30:13.94 Script take: 0 175 [ movie 00:00:47.48 Z:\OnAir\11_20\-3_ВН Главное на 12-30 20-11.m2t ]
12:31:01.40 Script skip: 0 176 [ comment 0 Рекламный блок 17 начало - 12:40 ]
12:31:01.40 Script skip: 0 177 [ comment 0 Нет рекламы в блоке ]
12:31:01.40 Script skip: 0 178 [ comment 0 Рекламный блок 17 конец ]
12:31:01.41 Script skip: 0 179 [ comment 0 # нацдет_нижнее_предпр-во.avi ]
12:31:01.42 Script take: 0 180 [ movie <00:00:00.00> 00:24:37.88 Y:\НТС_11_18_24\Волчье солнце 7 серия.mpg ]
12:55:39.29 Script take: 0 181 [ movie 00:00:32.20 Z:\Promo\-3 ПРОМО Леди Макбет 22.11.m2t ]
12:56:11.42 Script take: 0 182 [ movie 00:00:50.32 Z:\Promo\-3 ПРОМО Мне тесно в строю. Александр Розенбаум 23.11.m2t ]
12:57:01.80 Script take: 0 183 [ movie 00:00:32.60 Z:\Promo\-3_ПРОМО Интердевочка 24.11 испр.m2t ]
12:57:34.38 Script skip: 0 184 [ comment 0 Рекламный блок 18 начало - 13:00 ]
12:57:34.38 Script skip: 0 185 [ comment 0 Нет рекламы в блоке ]
12:57:34.39 Script skip: 0 186 [ comment 0 Рекламный блок 18 конец ]
12:57:34.40 Script skip: 0 187 [ comment 0 & волчье солнце.avi ]
12:57:34.41 Script skip: 0 188 [ comment 0 # нацдет_нижнее_предпр-во.avi ]
12:57:34.42 Script take: 0 189 [ movie <00:24:38.16> 00:28:41.84 Y:\НТС_11_18_24\Волчье солнце 7 серия.mpg ]
13:08:08.39 Watchdog timeout 1 sec.  Actual interval 1.01

13:26:16.49 Script take: 0 190 [ movie 00:01:13.72 Z:\Promo\-3_ПРОМО суббота с юрганом 23.11.m2t ]
13:27:29.93 Script take: 0 191 [ movie 00:00:50.32 Z:\Promo\-3 ПРОМО Мне тесно в строю. Александр Розенбаум 23.11.m2t ]
13:28:20.24 Script take: 0 192 [ movie 00:00:32.20 Z:\Promo\-3 ПРОМО Леди Макбет 22.11.m2t ]
13:28:52.49 Script take: 0 193 [ movie 00:00:28.12 Z:\Promo\-3 ПРОМО Смайлик 21.11.m2t ]
13:29:20.58 Script skip: 0 194 [ comment 0 Рекламный блок 19 начало - 13:29 ]
13:29:20.58 Script take: 0 195 [ movie 00:00:05.20 Z:\Reklama\ПЕРЕБИВКИ_РЕКЛАМА_СЕНТЯБРЬ_2019\-3_перебивка_реклама_3 _ золото _ 300-700.m2t ]
13:29:25.80 Script take: 0 196 [ movie 00:00:20.12 Z:\Reklama\Телекарта _ ОКТЯБРЬ _ 2019\-3_Народный премьер_16+_0-20_1080p.m2t ]
13:29:45.93 Script take: 0 197 [ movie 00:00:20.00 Z:\Reklama\АНТИКОРРУПЦИЯ\-3_Bndr_Антикорупционный_права 1.avi ]
13:30:05.91 Script skip: 0 198 [ comment 0 Рекламный блок 19 конец ]
13:30:05.91 Script take: 0 199 [ movie 00:00:47.48 Z:\OnAir\11_20\-3_ВН Главное на 12-30 20-11.m2t ]
13:30:53.43 Script skip: 0 200 [ comment 0 Рекламный блок 20 начало - 13:48 ]
13:30:53.43 Script skip: 0 201 [ comment 0 Нет рекламы в блоке ]
13:30:53.44 Script skip: 0 202 [ comment 0 Рекламный блок 20 конец ]
13:30:53.45 Script skip: 0 203 [ comment 0 # нацдет_нижнее_предпр-во.avi ]
13:30:53.46 Script take: 0 204 [ movie <00:00:00.00> 00:34:23.00 Y:\НТС_11_18_24\наши соседи-2 6 серия.mpg ]
14:05:16.57 Script skip: 0 205 [ comment 0 Рекламный блок 21 начало - 14:08 ]
14:05:16.57 Script take: 0 206 [ movie 00:00:05.20 Z:\Reklama\ПЕРЕБИВКИ_РЕКЛАМА_СЕНТЯБРЬ_2019\-3_перебивка_реклама_5 _ капли _ 300-700.m2t ]
14:05:21.56 Script take: 0 207 [ movie 00:00:15.16 Z:\Reklama\-3 PN_PiterLove_Fed Петербургская недвиж.m2t ]
14:05:36.82 Script skip: 0 208 [ comment 0 Рекламный блок 21 конец ]
14:05:36.82 Script take: 0 209 [ movie 00:00:28.12 Z:\Promo\-3 ПРОМО Смайлик 21.11.m2t ]
14:06:04.93 Script take: 0 210 [ movie 00:00:32.20 Z:\Promo\-3 ПРОМО Леди Макбет 22.11.m2t ]
14:06:37.15 Script take: 0 211 [ movie 00:00:32.60 Z:\Promo\-3_ПРОМО Интердевочка 24.11 испр.m2t ]
14:07:09.74 Script skip: 0 212 [ comment 0 & наши соседи 2.avi ]
14:07:09.74 Script skip: 0 213 [ comment 0 # нацдет_нижнее_предпр-во.avi ]
14:07:09.75 Script take: 0 214 [ movie <00:34:23.28> 00:09:36.76 Y:\НТС_11_18_24\наши соседи-2 6 серия.mpg ]
14:16:46.39 Script take: 0 215 [ movie 00:06:30.04 Y:\Писатели России\писатели России 4 выпуск ахмадов.mpg ]
14:23:16.59 Script skip: 0 216 [ comment 0 Рекламный блок 22 начало - 14:25 ]
14:23:16.59 Script take: 0 217 [ movie 00:00:05.20 Z:\Reklama\ПЕРЕБИВКИ_РЕКЛАМА_СЕНТЯБРЬ_2019\-3_перебивка_реклама_3 _ золото _ 300-700.m2t ]
14:23:21.72 Script take: 0 218 [ movie 00:00:34.84 Z:\Promo\-3_ТГ_ОТРиспр.m2t ]
14:23:56.60 Script skip: 0 219 [ comment 0 Рекламный блок 22 конец ]
14:23:56.60 Script take: 0 220 [ movie 00:01:13.72 Z:\Promo\-3_ПРОМО суббота с юрганом 23.11.m2t ]
14:25:10.27 Script take: 0 221 [ movie 00:00:50.32 Z:\Promo\-3 ПРОМО Мне тесно в строю. Александр Розенбаум 23.11.m2t ]
14:26:00.59 Script take: 0 222 [ movie 00:00:32.20 Z:\Promo\-3 ПРОМО Леди Макбет 22.11.m2t ]
14:26:18.90 FilePage  Shedule.AddItem 0 238 1 0 0 movie 00:01:09.64  Z:\OnAir\11_20\-3 Поводдя_йылысь_14_30_20_11.m2t
14:26:21.84 Button Shedule.DeleteItem 0 238
Deleted 0 238 picture 00:00:40.00 E:\Типа проги\погода.png
14:26:29.77 SheduleEdit Shedule.SetItemDuration 0 228 0 (00:00:00.00)
14:26:32.74 Script take: 0 223 [ movie 00:01:26.96 Z:\OnAir\наставник\-3_Наставник_Лыюрова_с 18.11.m2t ]
14:26:41.26 SheduleEdit Shedule.SetItemDuration 0 252 47480 (00:00:47.48)
14:27:15.23 SheduleEdit Shedule.SetItemDuration 0 313 47480 (00:00:47.48)
14:27:19.75 FilePage  Shedule.AddItem 0 344 1 0 0 movie 00:01:09.64  Z:\OnAir\11_20\-3 Поводдя_йылысь_14_30_20_11.m2t
14:27:22.18 Button Shedule.DeleteItem 0 344
Deleted 0 344 picture 00:00:40.00 E:\Типа проги\погода.png
14:27:35.23 Button Shedule.SaveToFile 0 Z:\PlayList\AirPlay 20.11.2019_91.air
14:27:40.63 Button Shedule.SaveToFile 0 Z:\PlayList\AirPlay 20.11.2019_91.air
14:27:59.76 Script take: 0 224 [ movie 00:00:33.88 Z:\OnAir\ГОРОДА 12+\-3_города_Зеленец_корр1.m2t ]
14:28:33.68 Script take: 0 225 [ movie 00:00:08.16 Z:\Promo\-3_Bndr_ЛИЦЕНЗИЯ_2019.m2t ]
14:28:41.79 Script take: 0 226 [ movie 00:00:59.20 Z:\Promo\-3_Глава 73 16х9.m2t ]
14:29:40.96 Script skip: 0 227 [ comment 0 Слот 4___14,30-16,30 = 2 часа  (Рекл=14,30 мин)=1 час 45,30 мин ]
14:29:40.96 Script take: 0 228 [ video1 0 Талун 14-30 ]
14:29:40.97 Script stop: 0 230 [ wait operator 0  ]
14:29:40.97 Script wait: 0 230 [ wait operator 0  ]
14:37:08.85 FilePage  Shedule.AddItem 0 240 1 0 0 movie 00:00:50.32  Z:\Promo\-3 ПРОМО Мне тесно в строю. Александр Розенбаум 23.11.m2t
14:37:10.69 FilePage  Shedule.AddItem 0 241 1 0 0 movie 00:00:28.12  Z:\Promo\-3 ПРОМО Смайлик 21.11.m2t
14:37:19.86 FilePage  Shedule.AddItem 0 239 1 0 0 movie 00:00:32.20  Z:\Promo\-3 ПРОМО Леди Макбет 22.11.m2t
14:39:38.98 Hotkey Shedule.Start
Skip: 0 230 [ wait operator 0  ]
14:39:39.17 Script skip: 0 231 [ comment 0 Рекламный блок 2v начало - 14:37 ]
14:39:39.17 Script skip: 0 232 [ comment 0 Нет рекламы в блоке ]
14:39:39.19 Script skip: 0 233 [ comment 0 Рекламный блок 2v конец ]
14:39:39.19 Script skip: 0 234 [ comment 0 Рекламный блок 23 начало - 14:43 ]
14:39:39.20 Script take: 0 235 [ movie 00:00:05.20 Z:\Reklama\ПЕРЕБИВКИ_РЕКЛАМА_СЕНТЯБРЬ_2019\-3_перебивка_реклама_3 _ золото _ 300-700.m2t ]
14:39:44.34 Script take: 0 236 [ movie 00:00:10.12 Z:\Reklama\-3 HINKALI_0719_10S Хинкали.m2t ]
14:39:46.99 SheduleEdit Shedule.SetItemDuration 0 284 1035000 (00:17:15.00)
14:39:54.89 Script skip: 0 237 [ comment 0 Рекламный блок 23 конец ]
14:39:54.89 Script take: 0 238 [ movie 00:01:09.64 Z:\OnAir\11_20\-3 Поводдя_йылысь_14_30_20_11.m2t ]
14:40:23.99 SheduleEdit Shedule.SetItemDuration 0 228 599000 (00:09:59.00)
14:40:32.00 Button Shedule.SaveToFile 0 Z:\PlayList\AirPlay 20.11.2019_91.air
14:41:04.19 Script take: 0 239 [ movie 00:00:59.20 Z:\Promo\-3_Глава 73 16х9.m2t ]
14:42:03.38 Script take: 0 240 [ movie 00:00:32.20 Z:\Promo\-3 ПРОМО Леди Макбет 22.11.m2t ]
14:42:35.59 Script take: 0 241 [ movie 00:01:13.72 Z:\Promo\-3_ПРОМО суббота с юрганом 23.11.m2t ]
14:43:49.27 Script take: 0 242 [ movie 00:00:50.32 Z:\Promo\-3 ПРОМО Мне тесно в строю. Александр Розенбаум 23.11.m2t ]
14:44:39.59 Script take: 0 243 [ movie 00:00:28.12 Z:\Promo\-3 ПРОМО Смайлик 21.11.m2t ]
14:45:07.70 Script take: 0 244 [ movie 00:00:10.16 Z:\OnAir\Выльыш Поз (Шапка, Конечка)\-3_Bndr_Вильыш поз_ШАПКА.m2t ]
14:45:17.96 Script take: 0 245 [ movie <00:00:00.00> 00:09:25.92 Z:\Мульты на Коми\-3 Коми мультфильм КОДЛЫ  ШЕДАС  АНАНАС 06.02.2016.avi ]
14:54:43.77 Script take: 0 246 [ movie <00:00:00.12> 00:09:56.76 Z:\Мульты на Коми\-3 Коми мультфильм Леопольд-кань-в0йтын-да-ол0мын 21-09-2013.avi ]
15:03:03.15 FilePage  Shedule.AddItem 0 255 1 0 0 movie 00:00:47.48  Z:\OnAir\11_20\-3_ВН Главное на 12-30 20-11.m2t
15:03:07.04 Button Shedule.DeleteItem 0 255
Deleted 0 255 picture 00:00:47.48 E:\Типа проги\ВН Главное 15,30.png
15:04:16.48 Button Shedule.SaveToFile 0 Z:\PlayList\AirPlay 20.11.2019_91.air
15:04:40.54 Script take: 0 247 [ movie <00:00:00.12> 00:11:49.00 Z:\OnAir\11_20\АО_Чолом дзолюк 86 сад и ролики сказки  19_10_2019.mpg ]
15:16:29.54 Script take: 0 248 [ movie 00:00:04.16 Z:\OnAir\Выльыш Поз (Шапка, Конечка)\-3_Bndr_Вильыш поз_конечка.m2t ]
15:16:33.73 Script skip: 0 249 [ comment 0 Рекламный блок 24 начало - 15:10 ]
15:16:33.73 Script skip: 0 250 [ comment 0 Нет рекламы в блоке ]
15:16:33.74 Script skip: 0 251 [ comment 0 Рекламный блок 24 конец ]
15:16:33.75 Script take: 0 252 [ movie 00:03:39.24 Y:\НТС_Мульты\доктор машинкова 42 серия headlight.mpg ]
15:18:38.08 SheduleEdit Shedule.SetItemDuration 0 273 730000 (00:12:10.00)
15:18:59.51 Button Shedule.DeleteItem 0 280
Deleted 0 280 movie 00:00:15.00 Z:\Reklama\Антитеррор\-3_Bndr_Ролик № 1.   «Телефонный терроризм. Школа» хронометраж 15 сек.avi
15:19:07.27 SheduleEdit Shedule.SetItemDuration 0 283 1040000 (00:17:20.00)
15:19:24.51 FilePage  Shedule.AddItem 0 309 1 0 0 movie 00:00:15.00  Z:\Reklama\Антитеррор\-3_Bndr_Ролик № 1.   «Телефонный терроризм. Школа» хронометраж 15 сек.avi
15:19:36.22 SheduleEdit Shedule.SetItemDuration 0 332 972000 (00:16:12.00)
15:19:40.24 Button Shedule.SaveToFile 0 Z:\PlayList\AirPlay 20.11.2019_91.air
15:20:13.14 Script take: 0 253 [ movie <00:00:00.80> 00:04:50.16 Y:\НТС_Мульты\доктор машинкова 43 серия FlyingCar.mpg ]
