00:00:45.85 Script skip: 0 502 [ comment 0 Рекламный блок 51 начало - 23:49 ]
00:00:45.85 Script skip: 0 503 [ comment 0 Нет рекламы в блоке ]
00:00:45.86 Script skip: 0 504 [ comment 0 Рекламный блок 51 конец ]
00:00:45.87 Script take: 0 505 [ movie 00:51:49.94 Y:\НТС_11_18_24\Мать и мачеха 12 серия .mpg ]
00:52:35.76 Script take: 0 506 [ movie 00:00:08.60 Z:\Promo\ПРИЗЫ ВК\-3 ПризыВК_Алёна.m2t ]
00:52:44.42 Script take: 0 507 [ movie 00:00:38.48 Z:\Promo\-3 Промо Монди начистоту_eff испр 19.11.mp4 ]
00:53:22.80 Script take: 0 508 [ movie 00:00:38.80 Z:\Promo\-3 ПРОМО Неизвестная Италия 20.11.m2t ]
00:54:01.68 Script take: 0 509 [ movie 00:00:28.12 Z:\Promo\-3 ПРОМО Смайлик 21.11.m2t ]
00:54:29.80 Script take: 0 510 [ movie 00:00:32.20 Z:\Promo\-3 ПРОМО Леди Макбет 22.11.m2t ]
00:55:01.97 Script take: 0 511 [ movie 00:00:50.32 Z:\Promo\-3 ПРОМО Мне тесно в строю. Александр Розенбаум 23.11.m2t ]
00:55:52.24 Script take: 0 512 [ movie 00:04:47.04 Y:\НТС_история государства российского\00042 история государства российского 42 серия Война Изяслава с Юрием Долгоруким.mpg ]
01:00:39.26 Script skip: 0 513 [ comment 0 Рекламный блок 52 начало - 00:20 ]
01:00:39.26 Script skip: 0 514 [ comment 0 Нет рекламы в блоке ]
01:00:39.26 Script skip: 0 515 [ comment 0 Рекламный блок 52 конец ]
01:00:39.27 Script skip: 0 516 [ comment 0 Рекламный блок 53 начало - 00:55 ]
01:00:39.28 Script skip: 0 517 [ comment 0 Нет рекламы в блоке ]
01:00:39.28 Script skip: 0 518 [ comment 0 Рекламный блок 53 конец ]
01:00:39.29 Script take: 0 519 [ movie 00:43:00.04 Y:\НТС_11_18_24\Раскрытие тайн Вавилона 2 выпуск.mpg ]
01:43:39.36 Script take: 0 520 [ movie 00:00:38.48 Z:\Promo\-3 Промо Монди начистоту_eff испр 19.11.mp4 ]
01:44:17.94 Script take: 0 521 [ movie 00:00:38.80 Z:\Promo\-3 ПРОМО Неизвестная Италия 20.11.m2t ]
01:44:56.67 Script take: 0 522 [ movie 00:00:05.20 Z:\Promo\ПЕРЕБИВКИ_ПРОМО_СЕНТЯБРЬ_2019\-3_перебивка_3ИСПР _ золото.m2t ]
01:45:01.92 Script skip: 0 523 [ comment 0 Рекламный блок 54 начало - 01:12 ]
01:45:01.92 Script skip: 0 524 [ comment 0 Нет рекламы в блоке ]
01:45:01.94 Script skip: 0 525 [ comment 0 Рекламный блок 54 конец ]
01:45:01.94 Script take: 0 526 [ movie 00:13:12.00 Y:\НТС_11_11_17\Отражение событий 1917 года 9 выпуск.mpg ]
01:58:13.95 Script take: 0 527 [ movie 00:00:32.20 Z:\Promo\-3 ПРОМО Леди Макбет 22.11.m2t ]
01:58:46.07 Script take: 0 528 [ movie 00:00:50.32 Z:\Promo\-3 ПРОМО Мне тесно в строю. Александр Розенбаум 23.11.m2t ]
01:59:36.30 Flags take:  logoOn
01:59:36.30 Script take: 0 529 [ pause 0  ]
02:01:07.41 Button Shedule.SaveToFile 0 Z:\PlayList\отработанный 18.11.2019_91.air
02:02:21.26 Button Shedule.EraseList 0
02:02:21.31 Script wait: 0 0 [ wait operator 0 * * * * * ]
02:03:12.87 FilePage Shedule.InsertFromFile 0 0 Z:\PlayList\AirPlay 19.11.2019_91.air
02:03:13.94 Watchdog timeout 1 sec.  Actual interval 1.03

02:03:35.86 ScheduleDblClick Shedule.SetRunPosition 0 7
02:03:35.91 ScheduleDblClick Shedule.SetPause 0
02:03:35.93 Script wait: 0 7 [ wait time 05:59:00.00 [0] active  ]
DebugInfo2: 02:04:06.17 picture 00:00:50.00 E:\Типа проги\ВН Главное 12,30.png Check change: State (None->Error)
DebugInfo2: 02:04:10.88 picture 00:00:50.00 E:\Типа проги\ВН Главное 13,30.png Check change: State (None->Error)
DebugInfo2: 02:04:19.88 picture 00:01:00.00 E:\Типа проги\погода.png Check change: State (None->Error)
DebugInfo2: 02:04:26.26 picture 00:00:50.00 E:\Типа проги\ВН Главное 15,30.png Check change: State (None->Error)
DebugInfo2: 02:04:28.63 movie 00:00:09.98 Z:\Reklama\Антитеррор\-3_Bndr_Ролик № 5.    «Вместе против террора» хронометраж 10 сек.mpg Check change: Duration (00:00:09.98->00:00:09.98)
DebugInfo2: 02:04:34.55 picture 00:02:00.00 E:\Типа проги\погода.png Check change: State (None->Error)
DebugInfo2: 02:04:41.87 picture 00:00:50.00 E:\Типа проги\ВН Главное 17,30.png Check change: State (None->Error)
DebugInfo2: 02:04:46.18 picture 00:14:00.00 E:\Типа проги\УХТА.png Check change: State (None->Error)
DebugInfo2: 02:04:49.99 picture 00:01:00.00 E:\Типа проги\погода.png Check change: State (None->Error)
DebugInfo2: 02:04:51.98 picture 00:14:00.00 E:\Типа проги\ВОЧАКЫВ.png Check change: State (None->Error)
DebugInfo2: 02:04:54.84 picture 00:12:30.00 E:\Типа проги\Телезащитник.png Check change: State (None->Error)
DebugInfo2: 02:05:05.86 picture 00:02:00.00 E:\Типа проги\погода.png Check change: State (None->Error)
DebugInfo2: 02:05:06.45 picture 00:30:00.00 E:\Типа проги\ДЕТАЛИ.png Check change: State (None->Error)
DebugInfo2: 02:05:16.23 picture 00:13:00.00 E:\Типа проги\Время новостей 21,30.png Check change: State (None->Error)
DebugInfo2: 02:05:19.43 picture 00:10:00.00 E:\Типа проги\Время новостей 21,30.png Check change: State (None->Error)
DebugInfo2: 02:05:21.55 picture 00:02:00.00 E:\Типа проги\погода.png Check change: State (None->Error)
DebugInfo2: 02:05:24.19 picture 00:13:00.00 E:\Типа проги\Телезащитник.png Check change: State (None->Error)
DebugInfo2: 02:05:25.25 movie 00:00:09.98 Z:\Reklama\Антитеррор\-3_Bndr_Ролик № 5.    «Вместе против террора» хронометраж 10 сек.mpg Check change: Duration (00:00:09.98->00:00:09.98)
DebugInfo2: 02:05:35.31 movie 00:00:56.25 Z:\Reklama\АНТИНАРКО\Антинаркотик. Ролик на конкурс.mpg Check change: Duration (00:00:56.25->00:00:56.25)
05:59:00.00 Script skip: 0 7 [ wait time 05:59:00.00 [0] active  ]
05:59:00.00 Flags take:  logoOn
05:59:00.00 Script take: 0 8 [ pause 0  ]
05:59:00.02 Script wait: 0 10 [ wait time 06:00:00.00 [0] active Слот 1___6,00-6,30 = 30 мин    (Рекл=1 мин)=29 мин ]
06:00:00.03 Script skip: 0 10 [ wait time 06:00:00.00 [0] active Слот 1___6,00-6,30 = 30 мин    (Рекл=1 мин)=29 мин ]
06:00:00.03 Flags take:  logoOff
06:00:00.03 Script take: 0 11 [ movie 00:00:08.16 Z:\Promo\-3_Bndr_ЛИЦЕНЗИЯ_2019.m2t ]
06:00:08.18 Script take: 0 12 [ movie 00:12:36.96 Z:\OnAir\11_18\-3 ВН УХТЫ 18-11.m2t ]
06:12:45.15 Script take: 0 13 [ movie 00:00:38.48 Z:\Promo\-3 Промо Монди начистоту_eff испр 19.11.mp4 ]
06:13:23.93 Script take: 0 14 [ movie 00:00:05.20 Z:\Promo\ПЕРЕБИВКИ_ПРОМО_СЕНТЯБРЬ_2019\-3_перебивка_3ИСПР _ золото.m2t ]
06:13:28.88 Script take: 0 15 [ movie 00:00:38.80 Z:\Promo\-3 ПРОМО Неизвестная Италия 20.11.m2t ]
06:14:07.78 Script take: 0 16 [ movie 00:00:28.12 Z:\Promo\-3 ПРОМО Смайлик 21.11.m2t ]
06:14:35.80 Script take: 0 17 [ movie 00:00:50.32 Z:\Promo\-3 ПРОМО Мне тесно в строю. Александр Розенбаум 23.11.m2t ]
06:15:26.07 Script take: 0 18 [ movie 00:11:04.48 Z:\OnAir\11_18\-3 Миан_Йоз_День Марийской культуры_эфир_18_11.m2t ]
06:26:30.57 Script take: 0 19 [ movie 00:01:52.40 Z:\OnAir\ФУ\-3_Bndr_ФУ на вкус Салат финский.m2t ]
06:28:22.96 Script skip: 0 20 [ comment 0 Рекламный блок 01 начало - 06:25 ]
06:28:22.96 Script take: 0 21 [ movie 00:00:05.20 Z:\Reklama\ПЕРЕБИВКИ_РЕКЛАМА_СЕНТЯБРЬ_2019\-3_перебивка_реклама_3 _ золото _ 300-700.m2t ]
06:28:28.18 Script take: 0 22 [ movie 00:00:05.12 Z:\Reklama\-3_TOYS_санки(Настя).m2t ]
06:28:33.33 Script skip: 0 23 [ comment 0 Рекламный блок 01 конец ]
06:28:33.33 Script take: 0 24 [ movie 00:00:05.20 Z:\Promo\ПЕРЕБИВКИ_ПРОМО_СЕНТЯБРЬ_2019\-3_перебивка_5ИСПР _ капли.m2t ]
06:28:38.46 Script take: 0 25 [ movie 00:00:59.20 Z:\Promo\-3_Глава 73 16х9.m2t ]
06:29:37.63 Script skip: 0 26 [ comment 0 Слот 2___6,30-7,30 = 1 час  (Рекл=6 мин)=54 мин ]
06:29:37.63 Script take: 0 27 [ movie <00:00:37.92> 00:00:22.36 Z:\Часы\Сlock_18_30 (06_30).m2t ]
06:30:00.02 Script take: 0 28 [ movie 00:13:54.32 Z:\OnAir\11_19\-3 ТАЛУН УТРО 1 часть 19-11.m2t ]
06:43:54.37 Script skip: 0 29 [ comment 0 Рекламный блок 02 начало - 06:42 ]
06:43:54.37 Script take: 0 30 [ movie 00:00:15.16 Z:\Reklama\-3_ЕПЗ - Алмаг+ (Имидж) 15 сек 16х9 - Сыктывкар (сентябрь) 2019.m2t ]
06:44:09.52 Script take: 0 31 [ movie 00:00:15.20 Z:\Reklama\-3 MORI_01.m2t ]
06:44:24.75 Script skip: 0 32 [ comment 0 Рекламный блок 02 конец ]
06:44:24.75 Script take: 0 33 [ movie 00:08:35.32 Z:\OnAir\11_19\-3 ТАЛУН утро 2 часть 19-11.m2t ]
06:53:00.07 Script skip: 0 34 [ comment 0 Рекламный блок 03 начало - 06:56 ]
06:53:00.07 Script take: 0 35 [ movie 00:00:05.20 Z:\Reklama\ПЕРЕБИВКИ_РЕКЛАМА_СЕНТЯБРЬ_2019\-3_перебивка_реклама_3 _ золото _ 300-700.m2t ]
06:53:05.23 Script take: 0 36 [ movie 00:00:05.12 Z:\Reklama\-3_TOYS_санки(Настя).m2t ]
06:53:10.49 Script take: 0 37 [ movie 00:00:10.12 Z:\Reklama\-3 HINKALI_0719_10S Хинкали.m2t ]
06:53:20.49 Script skip: 0 38 [ comment 0 Рекламный блок 03 конец ]
06:53:20.49 Script take: 0 39 [ movie 00:00:37.84 Z:\OnAir\11_19\-3_Поводдя_йылысь_Утро_19_11.m2t ]
06:53:58.29 Script take: 0 40 [ movie 00:00:59.20 Z:\Promo\-3_Глава 73 16х9.m2t ]
06:54:57.55 Script take: 0 41 [ movie 00:00:38.48 Z:\Promo\-3 Промо Монди начистоту_eff испр 19.11.mp4 ]
06:55:36.05 Script take: 0 42 [ movie 00:00:38.80 Z:\Promo\-3 ПРОМО Неизвестная Италия 20.11.m2t ]
06:56:14.80 Script take: 0 43 [ movie 00:00:28.12 Z:\Promo\-3 ПРОМО Смайлик 21.11.m2t ]
06:56:42.91 Script take: 0 44 [ movie 00:03:30.68 Z:\OnAir\ФУ\-3W ФУ 36 На вкус_утверждено.m2t ]
07:00:13.54 Script take: 0 45 [ movie 00:25:17.44 Z:\OnAir\11_19\-3 Студия11_19-11-2019.m2t ]
07:25:31.23 Script take: 0 46 [ movie 00:00:08.60 Z:\Promo\ПРИЗЫ ВК\-3_ПризыВК_Андрей(СаундЭффекты).m2t ]
07:25:39.67 Script skip: 0 47 [ comment 0 Рекламный блок 04 начало - 07:27 ]
07:25:39.67 Script take: 0 48 [ movie 00:00:05.20 Z:\Reklama\ПЕРЕБИВКИ_РЕКЛАМА_СЕНТЯБРЬ_2019\-3_перебивка_реклама_3 _ золото _ 300-700.m2t ]
07:25:44.80 Script take: 0 49 [ movie 00:00:15.16 Z:\Reklama\-3 PN_PiterLove_Fed Петербургская недвиж.m2t ]
07:26:00.00 Script take: 0 50 [ movie 00:00:05.20 Z:\Reklama\-3_Магия мэха_кож пух_5с.m2t ]
07:26:05.23 Script take: 0 51 [ movie 00:00:06.20 Z:\Reklama\РГС-Мед_НОЯБРЬ_2019\-3_РГС_МЕД_колоно- гастро-цистоскопия.m2t ]
07:26:11.35 Script take: 0 52 [ movie 00:00:28.28 Z:\Reklama\-3 УАТП_28с.m2t ]
07:26:39.72 Script take: 0 53 [ movie 00:00:05.12 Z:\Reklama\-3_АптекаБЗ 20ноя2019 5с FullHD.m2t ]
07:26:44.85 Script take: 0 54 [ movie 00:00:15.16 Z:\Reklama\-3 Пригородный 15 сек.m2t ]
07:26:59.98 Script take: 0 55 [ movie 00:00:10.12 Z:\Reklama\-3 Оптика Люкс 10 сек_2.m2t ]
07:27:10.03 Script take: 0 56 [ movie 00:00:18.20 Z:\OnAir\11_18\-3_Центр эстетической медицины_18с.m2t ]
07:27:28.26 Script skip: 0 57 [ comment 0 Рекламный блок 04 конец ]
07:27:28.26 Script take: 0 58 [ movie 00:00:25.88 Z:\Promo\-3 ПРОМО_ТЗ_2019_2_НОВ _ ставим в день эфира.m2t ]
07:27:54.23 Script take: 0 59 [ movie 00:00:38.48 Z:\Promo\-3 Промо Монди начистоту_eff испр 19.11.mp4 ]
07:28:32.63 Script take: 0 60 [ movie 00:00:05.20 Z:\Promo\ПЕРЕБИВКИ_ПРОМО_СЕНТЯБРЬ_2019\-3_перебивка_3ИСПР _ золото.m2t ]
07:28:37.89 Script take: 0 61 [ movie 00:00:59.20 Z:\Promo\-3_Глава 73 16х9.m2t ]
07:29:37.06 Script skip: 0 62 [ comment 0 Слот 3___7,30-14,30 = 7 часов (Рекл=47,30 мин)=6 часов 12,30 мин ]
07:29:37.06 Script take: 0 63 [ movie <00:00:37.28> 00:00:23.00 Z:\Часы\Сlock_19_30 (07_30).m2t ]
07:30:00.08 Script take: 0 64 [ movie 00:14:56.84 Z:\OnAir\11_19\-3 Время новостей УТРО 1 часть 19-11.m2t ]
07:44:56.83 Script skip: 0 65 [ comment 0 Рекламный блок 05 начало - 07:42 ]
07:44:56.83 Script take: 0 66 [ movie 00:00:20.20 Z:\Reklama\-3_ролик_ЗС_зима_Сыктывкар.m2t ]
07:45:17.06 Script take: 0 67 [ movie 00:00:05.20 Z:\Reklama\-3_Магия мэха_скидка на шубы_5 сек.m2t ]
07:45:22.45 Script take: 0 68 [ movie 00:00:15.16 Z:\Reklama\-3_ЕПЗ - Алмаг+ (Изоляция) 15 сек 16х9 - Сыктывкар сентябрь 2019.m2t ]
07:45:37.42 Script take: 0 69 [ movie 00:00:05.12 Z:\Reklama\-3_TOYS_санки(Настя).m2t ]
07:45:42.53 Script take: 0 70 [ movie 00:00:20.12 Z:\Reklama\Телекарта _ ОКТЯБРЬ _ 2019\-3_Народный премьер_16+_0-20_1080p.m2t ]
07:46:02.67 Script take: 0 71 [ movie 00:00:10.00 Z:\Reklama\-3_Bndr_Еврочехлы 10с_февраль2019 г_ 16-9.avi ]
07:46:12.66 Script take: 0 72 [ movie 00:00:15.20 Z:\Reklama\-3 MORI_01.m2t ]
07:46:27.84 Script take: 0 73 [ movie 00:00:15.16 Z:\Reklama\-3_DINAMIKA_DATSUN_11.2019 г.m2t ]
07:46:43.06 Script take: 0 74 [ movie 00:00:05.12 Z:\Reklama\-3_АптекаБЗ 20ноя2019 5с FullHD.m2t ]
07:46:48.10 Script take: 0 75 [ movie 00:00:15.16 Z:\Reklama\-3 КС-Керамик_Уже началась СТРОЙМАТ.m2t ]
07:47:03.46 Script take: 0 76 [ movie 00:00:15.16 Z:\Reklama\-3 Пригородный 15 сек.m2t ]
07:47:18.48 Script take: 0 77 [ movie 00:00:10.12 Z:\Reklama\-3 Оптика Люкс 10 сек_2.m2t ]
07:47:28.58 Script skip: 0 78 [ comment 0 Рекламный блок 05 конец ]
07:47:28.58 Script take: 0 79 [ movie 00:10:18.00 Z:\OnAir\11_19\-3 ВН утро 2 часть 19-11.m2t ]
07:57:46.60 Script skip: 0 80 [ comment 0 Рекламный блок 5а начало - 07:55 ]
07:57:46.60 Script take: 0 81 [ movie 00:00:05.20 Z:\Reklama\ПЕРЕБИВКИ_РЕКЛАМА_СЕНТЯБРЬ_2019\-3_перебивка_реклама_3 _ золото _ 300-700.m2t ]
07:57:51.84 Script take: 0 82 [ movie 00:00:30.16 Z:\Reklama\ЗОЖ 25 июня\-3_Bndr_08_Photosop_Master_h264.m2t ]
07:58:21.98 Script take: 0 83 [ movie 00:00:05.20 Z:\Reklama\-3_Магия меха_новое поступление Зима.m2t ]
07:58:27.19 Script take: 0 84 [ movie 00:00:08.20 Z:\Reklama\РГС-Мед_НОЯБРЬ_2019\-3_Bndr_РГС_МЕД_стационар.m2t ]
07:58:35.45 Script take: 0 85 [ movie 00:00:15.16 Z:\Reklama\-3_DINAMIKA_QASHKAI_1119_15S.m2t ]
07:58:50.59 Script take: 0 86 [ movie 00:00:23.20 Z:\Reklama\-3 С Легким паром.m2t ]
07:59:13.69 Script take: 0 87 [ movie 00:00:05.12 Z:\Reklama\-3_АптекаБЗ 20ноя2019 5с FullHD.m2t ]
07:59:18.79 Script take: 0 88 [ movie 00:00:10.12 Z:\Reklama\-3 HINKALI_0719_10S Хинкали.m2t ]
07:59:28.95 Script skip: 0 89 [ comment 0 Рекламный блок 5а конец ]
07:59:28.95 Script take: 0 90 [ movie 00:01:27.08 Z:\OnAir\11_19\-3_Все_о_погоде_Утро_19_11.m2t ]
08:00:56.01 Script take: 0 91 [ movie 00:00:59.20 Z:\Promo\-3_Глава 73 16х9.m2t ]
08:01:55.26 Script take: 0 92 [ movie 00:25:17.44 Z:\OnAir\11_19\-3 Студия11_19-11-2019.m2t ]
08:27:12.68 Script take: 0 93 [ movie 00:00:08.60 Z:\Promo\ПРИЗЫ ВК\-3_ПризыВК_Аня_1(Эффекты).m2t ]
08:27:21.44 Script skip: 0 94 [ comment 0 Рекламный блок 06 начало - 08:25 ]
08:27:21.44 Script take: 0 95 [ movie 00:00:05.20 Z:\Reklama\ПЕРЕБИВКИ_РЕКЛАМА_СЕНТЯБРЬ_2019\-3_перебивка_реклама_3 _ золото _ 300-700.m2t ]
08:27:26.44 Script take: 0 96 [ movie 00:00:05.12 Z:\Reklama\-3_TOYS_санки(Настя).m2t ]
08:27:31.56 Script take: 0 97 [ movie 00:00:10.00 Z:\Reklama\-3_Bndr_Еврочехлы 10с_февраль2019 г_ 16-9.avi ]
08:27:41.56 Script skip: 0 98 [ comment 0 Рекламный блок 06 конец ]
08:27:41.56 Script take: 0 99 [ movie 00:00:38.48 Z:\Promo\-3 Промо Монди начистоту_eff испр 19.11.mp4 ]
08:28:20.06 Script take: 0 100 [ movie 00:00:38.80 Z:\Promo\-3 ПРОМО Неизвестная Италия 20.11.m2t ]
08:28:58.91 Script take: 0 101 [ movie 00:00:28.12 Z:\Promo\-3 ПРОМО Смайлик 21.11.m2t ]
08:29:27.00 Script take: 0 102 [ movie 00:00:50.32 Z:\Promo\-3 ПРОМО Мне тесно в строю. Александр Розенбаум 23.11.m2t ]
08:30:17.37 Script take: 0 103 [ movie 00:27:42.04 Z:\OnAir\11_18\-3_Детали Откровенное_Галина Дубровская_эфир _18_11_2019.m2t ]
08:57:59.44 Script skip: 0 104 [ comment 0 Рекламный блок 07 начало - 08:48 ]
08:57:59.44 Script take: 0 105 [ movie 00:00:05.20 Z:\Reklama\ПЕРЕБИВКИ_РЕКЛАМА_СЕНТЯБРЬ_2019\-3_перебивка_реклама_4 _ Серая _ 300-700.m2t ]
08:58:04.59 Script take: 0 106 [ movie 00:00:23.20 Z:\Reklama\-3 С Легким паром.m2t ]
08:58:27.72 Script skip: 0 107 [ comment 0 Рекламный блок 07 конец ]
08:58:27.72 Script take: 0 108 [ movie 00:00:28.12 Z:\Promo\-3 ПРОМО Смайлик 21.11.m2t ]
08:58:55.84 Script take: 0 109 [ movie 00:00:50.32 Z:\Promo\-3 ПРОМО Мне тесно в строю. Александр Розенбаум 23.11.m2t ]
08:59:46.24 Script take: 0 110 [ movie 00:00:25.88 Z:\Promo\-3 ПРОМО_ТЗ_2019_2_НОВ _ ставим в день эфира.m2t ]
09:00:12.09 Script skip: 0 111 [ comment 0 Рекламный блок 08 начало - 09:23 ]
09:00:12.09 Script skip: 0 112 [ comment 0 Нет рекламы в блоке ]
09:00:12.09 Script skip: 0 113 [ comment 0 Рекламный блок 08 конец ]
09:00:12.11 Script take: 0 114 [ movie 00:38:20.04 Y:\НТС_11_18_24\Тайны разведки 28 выпуск Операция на Босфоре.mpg ]
09:38:32.18 Script skip: 0 115 [ comment 0 Рекламный блок 09 начало - 09:39 ]
09:38:32.18 Script take: 0 116 [ movie 00:00:05.20 Z:\Reklama\ПЕРЕБИВКИ_РЕКЛАМА_СЕНТЯБРЬ_2019\-3_перебивка_реклама_3 _ золото _ 300-700.m2t ]
09:38:37.30 Script take: 0 117 [ movie 00:00:05.12 Z:\Reklama\-3_TOYS_санки(Настя).m2t ]
09:38:42.41 Script take: 0 118 [ movie 00:00:20.20 Z:\Reklama\Телекарта _ ОКТЯБРЬ _ 2019\-3_85 гр (смотри за 0)_1080p.m2t ]
09:39:02.69 Script skip: 0 119 [ comment 0 Рекламный блок 09 конец ]
09:39:02.69 Script take: 0 120 [ movie 00:00:38.48 Z:\Promo\-3 Промо Монди начистоту_eff испр 19.11.mp4 ]
09:39:41.13 Script take: 0 121 [ movie 00:00:38.80 Z:\Promo\-3 ПРОМО Неизвестная Италия 20.11.m2t ]
09:40:19.89 Script take: 0 122 [ movie 00:00:05.20 Z:\Promo\ПЕРЕБИВКИ_ПРОМО_СЕНТЯБРЬ_2019\-3_перебивка_7(1) _ детская.m2t ]
09:40:25.11 Script take: 0 123 [ movie <00:00:01.68> 01:15:12.92 Y:\НТС_11_11_17\За тридевять земель .mpg ]
10:55:38.08 Script skip: 0 124 [ comment 0 Рекламный блок 10 начало - 10:15 ]
10:55:38.08 Script skip: 0 125 [ comment 0 Нет рекламы в блоке ]
10:55:38.09 Script skip: 0 126 [ comment 0 Рекламный блок 10 конец ]
10:55:38.09 Script skip: 0 127 [ comment 0 Рекламный блок 11 начало - 10:35 ]
10:55:38.10 Script skip: 0 128 [ comment 0 Нет рекламы в блоке ]
10:55:38.11 Script skip: 0 129 [ comment 0 Рекламный блок 11 конец ]
10:55:38.12 Script skip: 0 130 [ comment 0 Рекламный блок 12 начало - 10:52 ]
10:55:38.12 Script skip: 0 131 [ comment 0 Нет рекламы в блоке ]
10:55:38.13 Script skip: 0 132 [ comment 0 Рекламный блок 12 конец ]
10:55:38.14 Script take: 0 133 [ movie 00:00:28.12 Z:\Promo\-3 ПРОМО Смайлик 21.11.m2t ]
10:56:06.19 Script take: 0 134 [ movie 00:04:18.08 Y:\НТС_история государства российского\00025 история государства российского 25 серия Всеволод Ярославич.mpg ]
11:00:24.23 Script take: 0 135 [ movie <00:00:00.00> 00:15:18.76 Y:\НТС_11_18_24\криминальный роман 1 серия тайна золотых апостолов ч 1.mpg ]
11:10:36.32 SheduleEdit Shedule.SetItemName 0 224
11:10:36.35 Button Shedule.DeleteItem 0 224
Deleted 0 224 wait follow 0 
11:10:38.23 Button  Shedule.AddItem 0 222 1 0 0 comment 0
11:10:40.60 SheduleEdit Shedule.SetItemName 0 223 Слот 4___14,30-16,30 = 2 часа  (Рекл=14,30 мин)=1 час 45,30 мин
11:10:59.34 SheduleEdit Shedule.SetItemName 0 277
11:10:59.43 Button Shedule.DeleteItem 0 277
Deleted 0 277 wait follow 0 
11:11:01.31 Button  Shedule.AddItem 0 275 1 0 0 comment 0
11:11:04.14 SheduleEdit Shedule.SetItemName 0 276 Слот 5___16,30-18,30 = 2 часа  (Рекл=18,30 мин)=1 час 41,30 мин
11:11:12.89 Watchdog timeout 1 sec.  Actual interval 1.14

11:11:20.77 SheduleEdit Shedule.SetItemInOut 0 267 0 752720 (00:00:00.00, 00:12:32.72)
11:13:41.19 SheduleEdit Shedule.SetItemDuration 0 224 813000 (00:13:33.00)
11:13:52.19 Button Shedule.DeleteItem 0 264
Deleted 0 264 movie 00:00:25.88 Z:\Promo\-3 ПРОМО_ТЗ_2019_2_НОВ _ ставим в день эфира.m2t
11:13:59.20 SheduleEdit Shedule.SetItemDuration 0 276 1041000 (00:17:21.00)
11:15:04.26 FilePage  Shedule.AddItem 0 314 1 0 0 movie 00:00:33.88  Z:\OnAir\11_19\-3_города_Зеленец_корр1.m2t
11:15:39.65 SheduleEdit Shedule.SetItemInOut 0 315 0 33880 (00:00:00.00, 00:00:33.88)
11:15:43.25 Script take: 0 136 [ movie 00:00:38.48 Z:\Promo\-3 Промо Монди начистоту_eff испр 19.11.mp4 ]
11:15:46.46 SheduleEdit Shedule.SetItemName 0 332
11:15:46.51 Button Shedule.DeleteItem 0 332
Deleted 0 332 wait follow 0 
11:15:48.83 Button  Shedule.AddItem 0 330 1 0 0 comment 0
11:15:51.24 SheduleEdit Shedule.SetItemName 0 331 Слот 6___18,30-19,30 = 1 час (Рекл=10 мин)=50 мин
11:15:59.56 Button Shedule.DeleteItem 0 320
Deleted 0 320 movie 00:00:32.60 Z:\Promo\-3_ПРОМО Интердевочка 24.11 испр.m2t
11:16:18.24 Button Shedule.DeleteItem 0 318
Deleted 0 318 movie 00:00:32.20 Z:\Promo\-3 ПРОМО Леди Макбет 22.11.m2t
11:16:21.52 Script take: 0 137 [ movie 00:00:38.80 Z:\Promo\-3 ПРОМО Неизвестная Италия 20.11.m2t ]
11:16:26.23 SheduleEdit Shedule.SetItemDuration 0 330 910000 (00:15:10.00)
11:16:43.27 SheduleEdit Shedule.SetItemName 0 373
11:16:43.29 Button Shedule.DeleteItem 0 373
Deleted 0 373 wait follow 0 
11:16:45.35 Button  Shedule.AddItem 0 371 1 0 0 comment 0
11:16:47.93 SheduleEdit Shedule.SetItemName 0 372 Слот 7___19,30-21,30 = 2 час (10,30 мин)=1 час 49,30 мин
11:17:00.41 Script take: 0 138 [ movie 00:00:50.32 Z:\Promo\-3 ПРОМО Мне тесно в строю. Александр Розенбаум 23.11.m2t ]
11:17:22.32 SheduleEdit Shedule.SetItemDuration 0 330 850000 (00:14:10.00)
11:17:31.83 SheduleEdit Shedule.SetItemDuration 0 338 630000 (00:10:30.00)
11:17:41.33 SheduleEdit Shedule.SetItemDuration 0 373 809000 (00:13:29.00)
11:17:50.66 Script skip: 0 139 [ comment 0 Рекламный блок 13 начало - 11:12 ]
11:17:50.66 Script skip: 0 140 [ comment 0 Нет рекламы в блоке ]
11:17:50.66 Script skip: 0 141 [ comment 0 Рекламный блок 13 конец ]
11:17:50.67 Script skip: 0 142 [ comment 0 & КРИМИНАЛЬНЫЙ РОМАН.avi ]
11:17:50.67 Script take: 0 143 [ movie <00:15:19.04> 00:16:01.00 Y:\НТС_11_18_24\криминальный роман 1 серия тайна золотых апостолов ч 1.mpg ]
11:19:45.97 Watchdog timeout 1 sec.  Actual interval 1.01

11:19:50.87 SheduleEdit Shedule.SetItemInOut 0 438 23000 60280 (00:00:23.00, 00:01:00.28)
11:20:06.29 SheduleEdit Shedule.SetItemDuration 0 404 1740000 (00:29:00.00)
11:20:17.28 FilePage  Shedule.AddItem 0 404 1 0 0 movie 00:00:33.88  Z:\OnAir\11_19\-3_города_Зеленец_корр1.m2t
11:20:25.36 SheduleEdit Shedule.SetItemInOut 0 405 0 33880 (00:00:00.00, 00:00:33.88)
11:20:53.32 FilePage  Shedule.AddItem 0 410 1 0 0 movie 00:00:28.12  Z:\Promo\-3 ПРОМО Смайлик 21.11.m2t
11:21:16.39 SheduleEdit Shedule.SetItemInOut 0 440 25000 60280 (00:00:25.00, 00:01:00.28)
11:21:53.76 SheduleEdit Shedule.SetItemDuration 0 441 960000 (00:16:00.00)
11:21:57.89 Button Shedule.DeleteItem 0 462
Deleted 0 462 movie 00:00:32.60 Z:\Promo\-3_ПРОМО Интердевочка 24.11 испр.m2t
11:22:00.29 Button Shedule.DeleteItem 0 461
Deleted 0 461 movie 00:00:50.32 Z:\Promo\-3 ПРОМО Мне тесно в строю. Александр Розенбаум 23.11.m2t
11:22:02.52 Button Shedule.DeleteItem 0 460
Deleted 0 460 movie 00:00:32.20 Z:\Promo\-3 ПРОМО Леди Макбет 22.11.m2t
11:22:05.54 Button Shedule.DeleteItem 0 459
Deleted 0 459 movie 00:00:28.12 Z:\Promo\-3 ПРОМО Смайлик 21.11.m2t
11:22:09.49 Button Shedule.DeleteItem 0 458
Deleted 0 458 movie 00:00:38.80 Z:\Promo\-3 ПРОМО Неизвестная Италия 20.11.m2t
11:22:32.40 Button Shedule.SaveToFile 0 Z:\PlayList\AirPlay 19.11.2019_91.air
11:33:51.64 Script take: 0 144 [ movie 00:00:38.48 Z:\Promo\-3 Промо Монди начистоту_eff испр 19.11.mp4 ]
11:34:30.14 Script take: 0 145 [ movie 00:00:28.12 Z:\Promo\-3 ПРОМО Смайлик 21.11.m2t ]
11:34:58.22 Script take: 0 146 [ movie 00:00:32.20 Z:\Promo\-3 ПРОМО Леди Макбет 22.11.m2t ]
11:35:30.47 Script skip: 0 147 [ comment 0 Рекламный блок 14 начало - 11:33 ]
11:35:30.47 Script skip: 0 148 [ comment 0 Нет рекламы в блоке ]
11:35:30.49 Script skip: 0 149 [ comment 0 Рекламный блок 14 конец ]
11:35:30.49 Script skip: 0 150 [ comment 0 & КРИМИНАЛЬНЫЙ РОМАН.avi ]
11:35:30.50 Script take: 0 151 [ movie <00:31:20.32> 00:16:40.04 Y:\НТС_11_18_24\криминальный роман 1 серия тайна золотых апостолов ч 1.mpg ]
11:52:10.41 Script take: 0 152 [ movie 00:06:30.04 Y:\Писатели России\писатели России 4 выпуск ахмадов.mpg ]
11:58:40.57 Script take: 0 153 [ movie 00:00:38.48 Z:\Promo\-3 Промо Монди начистоту_eff испр 19.11.mp4 ]
11:59:18.98 Script take: 0 154 [ movie 00:00:38.80 Z:\Promo\-3 ПРОМО Неизвестная Италия 20.11.m2t ]
11:59:57.80 Script take: 0 155 [ movie 00:00:28.12 Z:\Promo\-3 ПРОМО Смайлик 21.11.m2t ]
12:00:25.84 Script skip: 0 156 [ comment 0 Рекламный блок 15 начало - 11:55 ]
12:00:25.84 Script skip: 0 157 [ comment 0 Нет рекламы в блоке ]
12:00:25.85 Script skip: 0 158 [ comment 0 Рекламный блок 15 конец ]
12:00:25.86 Script take: 0 159 [ movie 00:25:17.44 Z:\OnAir\11_19\-3 Студия11_19-11-2019.m2t ]
12:22:14.13 FilePage  Shedule.AddItem 0 172 1 0 0 movie 00:00:44.12  Z:\OnAir\11_19\-3_ВН Главное на 12-30 19-11.m2t
12:22:17.00 Button Shedule.DeleteItem 0 172
Deleted 0 172 picture 00:00:50.00 E:\Типа проги\ВН Главное 12,30.png
12:22:27.15 SheduleEdit Shedule.SetItemDuration 0 193 44120 (00:00:44.12)
12:23:32.02 FilePage  Shedule.AddItem 0 163 1 0 0 movie 00:00:33.88  Z:\OnAir\11_19\-3_города_Зеленец_корр1.m2t
12:23:38.33 SheduleEdit Shedule.SetItemInOut 0 164 0 33880 (00:00:00.00, 00:00:33.88)
12:23:51.47 SheduleEdit Shedule.SetItemDuration 0 225 791000 (00:13:11.00)
12:25:43.36 Script take: 0 160 [ movie 00:00:08.60 Z:\Promo\ПРИЗЫ ВК\-3_ПризыВК_Женя (утверждён).m2t ]
12:25:51.89 Script take: 0 161 [ movie 00:00:38.48 Z:\Promo\-3 Промо Монди начистоту_eff испр 19.11.mp4 ]
12:26:30.36 Script take: 0 162 [ movie 00:00:38.80 Z:\Promo\-3 ПРОМО Неизвестная Италия 20.11.m2t ]
12:27:09.22 Script take: 0 163 [ movie 00:00:50.32 Z:\Promo\-3 ПРОМО Мне тесно в строю. Александр Розенбаум 23.11.m2t ]
12:27:59.89 Script take: 0 164 [ movie 00:00:33.88 Z:\OnAir\11_19\-3_города_Зеленец_корр1.m2t ]
12:28:33.38 Script skip: 0 165 [ comment 0 Рекламный блок 16 начало - 12:26 ]
12:28:33.38 Script take: 0 166 [ movie 00:00:05.20 Z:\Reklama\ПЕРЕБИВКИ_РЕКЛАМА_СЕНТЯБРЬ_2019\-3_перебивка_реклама_3 _ золото _ 300-700.m2t ]
12:28:38.76 Script take: 0 167 [ movie 00:00:15.16 Z:\Reklama\-3 PN_PiterLove_Fed Петербургская недвиж.m2t ]
12:28:53.78 Script take: 0 168 [ movie 00:00:05.12 Z:\Reklama\-3_TOYS_санки(Настя).m2t ]
12:28:58.86 Script take: 0 169 [ movie 00:00:20.12 Z:\Reklama\Телекарта _ ОКТЯБРЬ _ 2019\-3_Большая перемена_16+_1080p.m2t ]
12:29:18.97 Script take: 0 170 [ movie 00:00:05.12 Z:\Reklama\-3_АптекаБЗ 20ноя2019 5с FullHD.m2t ]
12:29:24.07 Script take: 0 171 [ movie 00:00:15.16 Z:\Reklama\-3 Пригородный 15 сек.m2t ]
12:29:39.31 Script skip: 0 172 [ comment 0 Рекламный блок 16 конец ]
12:29:39.31 Script take: 0 173 [ movie 00:00:44.12 Z:\OnAir\11_19\-3_ВН Главное на 12-30 19-11.m2t ]
12:30:23.43 Script take: 0 174 [ movie <00:00:00.00> 00:15:06.64 Y:\НТС_11_18_24\Волчье солнце 6 серия.mpg ]
12:45:30.09 Script take: 0 175 [ movie 00:00:38.48 Z:\Promo\-3 Промо Монди начистоту_eff испр 19.11.mp4 ]
12:46:08.51 Script take: 0 176 [ movie 00:00:28.12 Z:\Promo\-3 ПРОМО Смайлик 21.11.m2t ]
12:46:36.76 Script skip: 0 177 [ comment 0 Рекламный блок 17 начало - 12:40 ]
12:46:36.76 Script skip: 0 178 [ comment 0 Нет рекламы в блоке ]
12:46:36.79 Script skip: 0 179 [ comment 0 Рекламный блок 17 конец ]
12:46:36.80 Script skip: 0 180 [ comment 0 & волчье солнце.avi ]
12:46:36.80 Script take: 0 181 [ movie <00:15:06.92> 00:15:54.68 Y:\НТС_11_18_24\Волчье солнце 6 серия.mpg ]
13:02:31.34 Script take: 0 182 [ movie 00:00:38.80 Z:\Promo\-3 ПРОМО Неизвестная Италия 20.11.m2t ]
13:03:10.07 Script take: 0 183 [ movie 00:00:32.20 Z:\Promo\-3 ПРОМО Леди Макбет 22.11.m2t ]
13:03:42.31 Script skip: 0 184 [ comment 0 Рекламный блок 18 начало - 13:00 ]
13:03:42.31 Script skip: 0 185 [ comment 0 Нет рекламы в блоке ]
13:03:42.33 Script skip: 0 186 [ comment 0 Рекламный блок 18 конец ]
13:03:42.34 Script skip: 0 187 [ comment 0 & волчье солнце.avi ]
13:03:42.34 Script take: 0 188 [ movie <00:31:01.88> 00:21:20.80 Y:\НТС_11_18_24\Волчье солнце 6 серия.mpg ]
13:12:58.43 FilePage  Shedule.AddItem 0 194 1 0 0 movie 00:00:44.12  Z:\OnAir\11_19\-3_ВН Главное на 12-30 19-11.m2t
13:13:00.51 Button Shedule.DeleteItem 0 194
Deleted 0 194 picture 00:00:44.12 E:\Типа проги\ВН Главное 13,30.png
13:13:49.40 FilePage  Shedule.AddItem 0 352 1 0 0 movie 00:13:54.32  Z:\OnAir\11_19\-3 Вочакыв Виктория Агаркова 19 11 19.m2t
13:13:52.41 Button Shedule.DeleteItem 0 352
Deleted 0 352 picture 00:14:00.00 E:\Типа проги\ВОЧАКЫВ.png
13:15:21.44 SheduleEdit Shedule.SetItemInOut 0 352 0 834320 (00:00:00.00, 00:13:54.32)
13:15:25.56 Button Shedule.SaveToFile 0 Z:\PlayList\AirPlay 19.11.2019_91.air
13:25:03.10 Script take: 0 189 [ movie 00:04:14.72 Z:\OnAir\Мы рядом (12+)\-3 Сидоров Мы-рядом-Ощество-инвалидов_межпрограмка.m2t ]
13:29:17.85 Script take: 0 190 [ movie 00:00:25.88 Z:\Promo\-3 ПРОМО_ТЗ_2019_2_НОВ _ ставим в день эфира.m2t ]
13:29:43.70 Script skip: 0 191 [ comment 0 Рекламный блок 19 начало - 13:29 ]
13:29:43.70 Script skip: 0 192 [ comment 0 Нет рекламы в блоке ]
13:29:43.71 Script skip: 0 193 [ comment 0 Рекламный блок 19 конец ]
13:29:43.72 Script take: 0 194 [ movie 00:00:44.12 Z:\OnAir\11_19\-3_ВН Главное на 12-30 19-11.m2t ]
13:30:27.86 Script skip: 0 195 [ comment 0  ]
13:30:27.86 Script take: 0 196 [ movie <00:00:00.00> 00:16:09.00 Y:\НТС_11_18_24\наши соседи-2 5 серия.mpg ]
13:46:36.80 Script take: 0 197 [ movie 00:00:38.48 Z:\Promo\-3 Промо Монди начистоту_eff испр 19.11.mp4 ]
13:47:15.39 Script take: 0 198 [ movie 00:00:28.12 Z:\Promo\-3 ПРОМО Смайлик 21.11.m2t ]
13:47:43.38 Script take: 0 199 [ movie 00:00:50.32 Z:\Promo\-3 ПРОМО Мне тесно в строю. Александр Розенбаум 23.11.m2t ]
13:48:33.72 Script take: 0 200 [ movie 00:00:16.00 Z:\Reklama\АНТИКОРРУПЦИЯ\-3_Bndr_Антикорупционный_диплом 1.avi ]
13:48:49.74 Script skip: 0 201 [ comment 0 Рекламный блок 20 начало - 13:48 ]
13:48:49.74 Script skip: 0 202 [ comment 0 Нет рекламы в блоке ]
13:48:49.75 Script skip: 0 203 [ comment 0 Рекламный блок 20 конец ]
13:48:49.76 Script skip: 0 204 [ comment 0 & наши соседи 2.avi ]
13:48:49.76 Script take: 0 205 [ movie <00:16:09.28> 00:14:15.12 Y:\НТС_11_18_24\наши соседи-2 5 серия.mpg ]
14:03:04.91 Script take: 0 206 [ movie 00:00:25.88 Z:\Promo\-3 ПРОМО_ТЗ_2019_2_НОВ _ ставим в день эфира.m2t ]
14:03:30.76 Script take: 0 207 [ movie 00:00:38.80 Z:\Promo\-3 ПРОМО Неизвестная Италия 20.11.m2t ]
14:04:09.60 Script take: 0 208 [ movie 00:00:32.20 Z:\Promo\-3 ПРОМО Леди Макбет 22.11.m2t ]
14:04:41.76 Script skip: 0 209 [ comment 0 Рекламный блок 21 начало - 14:08 ]
14:04:41.76 Script skip: 0 210 [ comment 0 Нет рекламы в блоке ]
14:04:41.76 Script skip: 0 211 [ comment 0 Рекламный блок 21 конец ]
14:04:41.77 Script skip: 0 212 [ comment 0 & наши соседи 2.avi ]
14:04:41.78 Script take: 0 213 [ movie <00:30:24.68> 00:13:36.52 Y:\НТС_11_18_24\наши соседи-2 5 серия.mpg ]
14:16:26.72 FilePage  Shedule.AddItem 0 235 1 0 0 movie 00:01:01.24  Z:\OnAir\11_19\-3_Поводдя_йылысь_14_30_19_11.m2t
14:16:29.57 Button Shedule.DeleteItem 0 235
Deleted 0 235 picture 00:01:00.00 E:\Типа проги\погода.png
14:16:42.57 SheduleEdit Shedule.SetItemDuration 0 259 44120 (00:00:44.12)
14:16:51.57 SheduleEdit Shedule.SetItemDuration 0 277 1046000 (00:17:26.00)
14:17:06.57 SheduleEdit Shedule.SetItemDuration 0 313 44120 (00:00:44.12)
14:17:13.58 SheduleEdit Shedule.SetItemDuration 0 331 855000 (00:14:15.00)
14:17:17.97 FilePage  Shedule.AddItem 0 347 1 0 0 movie 00:01:01.24  Z:\OnAir\11_19\-3_Поводдя_йылысь_14_30_19_11.m2t
14:17:20.28 Button Shedule.DeleteItem 0 347
Deleted 0 347 picture 00:01:00.00 E:\Типа проги\погода.png
14:17:24.96 Button Shedule.SaveToFile 0 Z:\PlayList\AirPlay 19.11.2019_91.air
14:18:18.27 Script take: 0 214 [ movie 00:04:24.80 Y:\НТС_история государства российского\00071 история государства российского 71 серия Новое нашествие татаро монголов.mpg ]
14:22:43.03 Script take: 0 215 [ movie 00:04:27.88 Y:\НТС_история государства российского\00080 история государства российского 80 серия Записи монаха Карпина о России в подданстве монголов.mpg ]
14:27:11.04 Script take: 0 216 [ movie 00:00:32.20 Z:\Promo\-3 ПРОМО Леди Макбет 22.11.m2t ]
14:27:33.01 SheduleEdit Shedule.SetItemDuration 0 225 0 (00:00:00.00)
14:27:43.21 Script skip: 0 217 [ comment 0 Рекламный блок 22 начало - 14:25 ]
14:27:43.21 Script take: 0 218 [ movie 00:00:05.20 Z:\Reklama\ПЕРЕБИВКИ_РЕКЛАМА_СЕНТЯБРЬ_2019\-3_перебивка_реклама_3 _ золото _ 300-700.m2t ]
14:27:48.40 Script take: 0 219 [ movie 00:00:15.16 Z:\Reklama\-3 PN_PiterLove_Fed Петербургская недвиж.m2t ]
14:28:03.65 Script skip: 0 220 [ comment 0 Рекламный блок 22 конец ]
14:28:03.65 Script take: 0 221 [ movie 00:00:38.48 Z:\Promo\-3 Промо Монди начистоту_eff испр 19.11.mp4 ]
14:28:42.02 Script take: 0 222 [ movie 00:00:08.16 Z:\Promo\-3_Bndr_ЛИЦЕНЗИЯ_2019.m2t ]
14:28:50.13 Script take: 0 223 [ movie 00:00:59.20 Z:\Promo\-3_Глава 73 16х9.m2t ]
14:29:49.35 Script skip: 0 224 [ comment 0 Слот 4___14,30-16,30 = 2 часа  (Рекл=14,30 мин)=1 час 45,30 мин ]
14:29:49.35 Script take: 0 225 [ video1 0 Талун 14-30 ]
14:29:49.36 Script stop: 0 227 [ wait operator 0  ]
14:29:49.36 Script wait: 0 227 [ wait operator 0  ]
14:43:13.47 Hotkey Shedule.Start
Skip: 0 227 [ wait operator 0  ]
14:43:13.89 Script skip: 0 228 [ comment 0 Рекламный блок 2v начало - 14:37 ]
14:43:13.89 Script skip: 0 229 [ comment 0 Нет рекламы в блоке ]
14:43:13.90 Script skip: 0 230 [ comment 0 Рекламный блок 2v конец ]
14:43:13.91 Script skip: 0 231 [ comment 0 Рекламный блок 23 начало - 14:43 ]
14:43:13.91 Script take: 0 232 [ movie 00:00:05.20 Z:\Reklama\ПЕРЕБИВКИ_РЕКЛАМА_СЕНТЯБРЬ_2019\-3_перебивка_реклама_3 _ золото _ 300-700.m2t ]
14:43:18.90 Script take: 0 233 [ movie 00:00:10.12 Z:\Reklama\-3 HINKALI_0719_10S Хинкали.m2t ]
14:43:21.29 SheduleEdit Shedule.SetItemDuration 0 277 1033000 (00:17:13.00)
14:43:29.04 Script skip: 0 234 [ comment 0 Рекламный блок 23 конец ]
14:43:29.04 Script take: 0 235 [ movie 00:01:01.24 Z:\OnAir\11_19\-3_Поводдя_йылысь_14_30_19_11.m2t ]
14:43:38.97 SheduleEdit Shedule.SetItemDuration 0 225 804000 (00:13:24.00)
14:43:47.46 Button Shedule.SaveToFile 0 Z:\PlayList\AirPlay 19.11.2019_91.air
14:44:30.26 Script take: 0 236 [ movie 00:00:59.20 Z:\Promo\-3_Глава 73 16х9.m2t ]
14:45:29.49 Script take: 0 237 [ movie 00:00:05.20 Z:\Promo\ПЕРЕБИВКИ_ПРОМО_СЕНТЯБРЬ_2019\-3_перебивка_3ИСПР _ золото.m2t ]
14:45:34.59 Script take: 0 238 [ movie 00:00:10.16 Z:\OnAir\Выльыш Поз (Шапка, Конечка)\-3_Bndr_Вильыш поз_ШАПКА.m2t ]
14:45:44.85 Script take: 0 239 [ movie <00:00:00.16> 00:18:12.72 Z:\Мульты на Коми\A_Коми мультфильм Незнайка 5 серия За рулем.avi ]
15:03:57.52 Script take: 0 240 [ movie <00:00:00.00> 00:10:54.48 Z:\OnAir\11_19\АО_Чолом дзолюк мф Петукпи да шондi 17_03_2018.m2t ]
15:14:17.08 FilePage  Shedule.AddItem 0 259 1 0 0 movie 00:00:44.12  Z:\OnAir\11_19\-3_ВН Главное на 12-30 19-11.m2t
15:14:19.89 Button Shedule.DeleteItem 0 259
Deleted 0 259 picture 00:00:44.12 E:\Типа проги\ВН Главное 15,30.png
15:14:28.43 Button Shedule.SaveToFile 0 Z:\PlayList\AirPlay 19.11.2019_91.air
15:14:52.02 Script take: 0 241 [ movie 00:00:04.16 Z:\OnAir\Выльыш Поз (Шапка, Конечка)\-3_Bndr_Вильыш поз_конечка.m2t ]
15:14:56.17 Script take: 0 242 [ movie 00:00:44.88 Z:\OnAir\говорим по-коми\-3 Говорим по-коми Окала (май 2017).avi ]
15:15:41.04 Script skip: 0 243 [ comment 0 Рекламный блок 24 начало - 15:10 ]
15:15:41.04 Script skip: 0 244 [ comment 0 Нет рекламы в блоке ]
15:15:41.05 Script skip: 0 245 [ comment 0 Рекламный блок 24 конец ]
15:15:41.05 Script take: 0 246 [ movie 00:04:03.08 Y:\НТС_Мульты\доктор машинкова 19 серия broken_towtruck.mpg ]
15:19:44.18 Script take: 0 247 [ movie 00:03:55.80 Y:\НТС_Мульты\доктор машинкова 20 серия robot.mpg ]
15:23:39.99 Script take: 0 248 [ movie 00:03:28.08 Y:\НТС_Мульты\доктор машинкова 36 серия Desert.mpg ]
15:27:07.97 Script take: 0 249 [ movie 00:04:00.20 Y:\НТС_Мульты\доктор машинкова 37 серия ParkTronic.mpg ]
15:31:08.23 Script take: 0 250 [ movie 00:02:52.72 Y:\НТС_Мульты\доктор машинкова 38 серия McWheelie_Colour_Firetruck.mpg ]
15:31:45.87 SheduleEdit Shedule.SetItemDuration 0 361 731000 (00:12:11.00)
15:31:58.19 SheduleEdit Shedule.SetItemDuration 0 339 600000 (00:10:00.00)
15:32:02.74 SheduleEdit Shedule.SetItemDuration 0 331 915000 (00:15:15.00)
15:32:13.76 SheduleEdit Shedule.SetItemDuration 0 374 803000 (00:13:23.00)
15:34:00.90 Script take: 0 251 [ movie 00:04:39.16 Y:\НТС_Мульты\доктор машинкова 39 серия petroltank.mpg ]
15:36:21.88 SheduleEdit Shedule.SetItemInOut 0 267 0 752720 (00:00:00.00, 00:12:32.72)
15:36:49.80 FilePage  Shedule.AddItem 0 360 1 0 0 movie 00:00:03.04  Z:\Promo\Слайд СОФФИТ.mpg
DebugInfo2: 15:36:49.87 movie 00:00:03.04 Z:\Promo\Слайд СОФФИТ.mpg Check change: Duration (00:00:03.04->00:00:03.04)
15:37:04.06 SheduleEdit Shedule.SetItemDuration 0 362 728000 (00:12:08.00)
15:37:11.16 Button Shedule.SaveToFile 0 Z:\PlayList\AirPlay 19.11.2019_91.air
15:37:43.20 FilePage  Shedule.AddItem 0 459 1 0 0 movie 00:00:03.04  Z:\Promo\Слайд СОФФИТ.mpg
DebugInfo2: 15:37:43.39 movie 00:00:03.04 Z:\Promo\Слайд СОФФИТ.mpg Check change: Duration (00:00:03.04->00:00:03.04)
15:37:52.76 SheduleEdit Shedule.SetItemDuration 0 461 728000 (00:12:08.00)
15:37:58.77 Button Shedule.SaveToFile 0 Z:\PlayList\AirPlay 19.11.2019_91.air
15:38:40.15 Script take: 0 252 [ movie 00:04:46.28 Y:\НТС_Мульты\доктор машинкова 40 серия CarFrailer.mpg ]
15:39:50.75 Button Shedule.SaveToFile 0 Z:\PlayList\AirPlay 19.11.2019_91.air
15:43:26.31 Script skip: 0 253 [ comment 0 Рекламный блок 25 начало - 15:30 ]
15:43:26.31 Script skip: 0 254 [ comment 0 Нет рекламы в блоке ]
15:43:26.32 Script skip: 0 255 [ comment 0 Рекламный блок 25 конец ]
15:43:26.33 Script take: 0 256 [ movie 00:00:05.20 Z:\Promo\ПЕРЕБИВКИ_ПРОМО_СЕНТЯБРЬ_2019\-3_перебивка_8(1) _ смайлы.m2t ]
15:43:31.57 Script take: 0 257 [ movie 00:00:38.80 Z:\Promo\-3 ПРОМО Неизвестная Италия 20.11.m2t ]
15:44:10.35 Script take: 0 258 [ movie 00:00:50.32 Z:\Promo\-3 ПРОМО Мне тесно в строю. Александр Розенбаум 23.11.m2t ]
15:45:00.78 Script take: 0 259 [ movie 00:00:44.12 Z:\OnAir\11_19\-3_ВН Главное на 12-30 19-11.m2t ]
15:45:44.85 Script take: 0 260 [ movie 00:28:12.52 Y:\НТС_11_18_24\Машина времени из Италии 7 выпуск Турин и Музей современного искусства.mpg ]
16:13:57.39 Script skip: 0 261 [ comment 0 Рекламный блок 26 начало - 16:12 ]
16:13:57.39 Script take: 0 262 [ movie 00:00:09.98 Z:\Reklama\Антитеррор\-3_Bndr_Ролик № 5.    «Вместе против террора» хронометраж 10 сек.mpg ]
16:14:07.28 Script take: 0 263 [ movie 00:00:31.16 Z:\Reklama\АНТИНАРКО\-3_ролик_Без-наркотиков испр Аня Зуб.m2t ]
16:14:38.45 Script skip: 0 264 [ comment 0 Рекламный блок 26 конец ]
16:14:38.45 Script take: 0 265 [ movie 00:00:38.48 Z:\Promo\-3 Промо Монди начистоту_eff испр 19.11.mp4 ]
16:15:17.06 Script take: 0 266 [ movie 00:00:05.20 Z:\Promo\ПЕРЕБИВКИ_ПРОМО_СЕНТЯБРЬ_2019\-3_перебивка_5ИСПР _ капли.m2t ]
16:15:22.18 Script take: 0 267 [ movie 00:12:32.72 Z:\OnAir\11_17\-3_тз коми титры_от 14.11_14_11_01.m2t ]
16:20:49.35 SheduleEdit Shedule.SetItemDuration 0 286 94000 (00:01:34.00)
16:21:33.55 FilePage  Shedule.AddItem 0 370 1 0 0 movie 00:00:28.60  Z:\OnAir\11_19\-3_[0]-ТГ_ВАХТА_191119.m2t
16:21:44.64 SheduleEdit Shedule.SetItemDuration 0 376 800000 (00:13:20.00)
16:21:51.85 FilePage  Shedule.AddItem 0 402 1 0 0 movie 00:00:28.60  Z:\OnAir\11_19\-3_[0]-ТГ_ВАХТА_191119.m2t
16:22:00.86 SheduleEdit Shedule.SetItemDuration 0 405 94000 (00:01:34.00)
16:22:06.30 SheduleEdit Shedule.SetItemDuration 0 408 1680000 (00:28:00.00)
16:22:10.21 Button Shedule.SaveToFile 0 Z:\PlayList\AirPlay 19.11.2019_91.air
16:22:16.46 FilePage  Shedule.AddItem 0 421 1 0 0 movie 00:00:28.60  Z:\OnAir\11_19\-3_[0]-ТГ_ВАХТА_191119.m2t
16:22:30.72 FilePage  Shedule.AddItem 0 481 1 0 0 movie 00:00:28.60  Z:\OnAir\11_19\-3_[0]-ТГ_ВАХТА_191119.m2t
16:23:39.64 SheduleEdit Shedule.SetItemInOut 0 296 0 788680 (00:00:00.00, 00:13:08.68)
16:24:13.94 FilePage  Shedule.AddItem 0 303 1 0 0 movie 00:00:25.88  Z:\Promo\-3 ПРОМО_ТЗ_2019_2_НОВ _ ставим в день эфира.m2t
16:24:26.85 Button Shedule.SaveToFile 0 Z:\PlayList\AirPlay 19.11.2019_91.air
16:24:52.21 Button Shedule.DeleteItem 0 351
Deleted 0 351 movie 00:00:05.20 Z:\Promo\ПЕРЕБИВКИ_ПРОМО_СЕНТЯБРЬ_2019\-3_перебивка_3ИСПР _ золото.m2t
16:25:02.39 SheduleEdit Shedule.SetItemDuration 0 332 855000 (00:14:15.00)
16:25:08.18 SheduleEdit Shedule.SetItemDuration 0 340 630000 (00:10:30.00)
16:25:34.19 SheduleEdit Shedule.SetItemDuration 0 376 810000 (00:13:30.00)
16:26:01.87 FilePage  Shedule.AddItem 0 423 1 0 0 movie 00:00:38.80  Z:\Promo\-3 ПРОМО Неизвестная Италия 20.11.m2t
16:26:12.29 SheduleEdit Shedule.SetItemInOut 0 446 36000 60280 (00:00:36.00, 00:01:00.28)
16:26:25.71 SheduleEdit Shedule.SetItemDuration 0 462 94000 (00:01:34.00)
16:26:42.55 FilePage  Shedule.AddItem 0 526 1 0 0 movie 00:00:28.12  Z:\Promo\-3 ПРОМО Смайлик 21.11.m2t
16:26:50.24 Button Shedule.SaveToFile 0 Z:\PlayList\AirPlay 19.11.2019_91.air
16:27:03.62 SheduleEdit Shedule.SetItemDuration 0 277 0 (00:00:00.00)
16:27:09.21 Button Shedule.SaveToFile 0 Z:\PlayList\AirPlay 19.11.2019_91.air
16:27:54.82 Script skip: 0 268 [ comment 0 Рекламный блок 27 начало - 16:25 ]
16:27:54.82 Script take: 0 269 [ movie 00:00:05.20 Z:\Reklama\ПЕРЕБИВКИ_РЕКЛАМА_СЕНТЯБРЬ_2019\-3_перебивка_реклама_3 _ золото _ 300-700.m2t ]
16:28:00.37 Script take: 0 270 [ movie 00:00:05.12 Z:\Reklama\-3_TOYS_санки(Настя).m2t ]
16:28:05.23 Script take: 0 271 [ movie 00:00:23.20 Z:\Reklama\-3 С Легким паром.m2t ]
16:28:28.45 Script take: 0 272 [ movie 00:00:05.12 Z:\Reklama\-3_АптекаБЗ 20ноя2019 5с FullHD.m2t ]
16:28:33.46 Script take: 0 273 [ movie 00:00:15.16 Z:\Reklama\-3 КС-Керамик_Уже началась СТРОЙМАТ.m2t ]
16:28:48.69 Script skip: 0 274 [ comment 0 Рекламный блок 27 конец ]
16:28:48.69 Script take: 0 275 [ movie 00:00:59.20 Z:\Promo\-3_Глава 73 16х9.m2t ]
16:29:47.81 Script skip: 0 276 [ comment 0 Слот 5___16,30-18,30 = 2 часа  (Рекл=18,30 мин)=1 час 41,30 мин ]
16:29:47.81 Script take: 0 277 [ video1 0 Время новостей 16-30 ]
16:29:47.82 Script stop: 0 279 [ wait operator 0  ]
16:29:47.82 Script wait: 0 279 [ wait operator 0  ]
16:37:01.47 FilePage  Shedule.AddItem 0 286 1 0 0 movie 00:01:33.64  Z:\OnAir\11_19\-3_Все_о_погоде_16_30_19_11.m2t
16:37:04.46 Button Shedule.DeleteItem 0 286
Deleted 0 286 picture 00:01:34.00 E:\Типа проги\погода.png
16:37:31.37 FilePage  Shedule.AddItem 0 405 1 0 0 movie 00:01:33.64  Z:\OnAir\11_19\-3_Все_о_погоде_16_30_19_11.m2t
16:37:33.97 Button Shedule.DeleteItem 0 405
Deleted 0 405 picture 00:01:34.00 E:\Типа проги\погода.png
16:37:43.34 FilePage  Shedule.AddItem 0 462 1 0 0 movie 00:01:33.64  Z:\OnAir\11_19\-3_Все_о_погоде_16_30_19_11.m2t
16:37:47.99 Button Shedule.DeleteItem 0 462
Deleted 0 462 picture 00:01:34.00 E:\Типа проги\погода.png
16:38:07.98 Button Shedule.SaveToFile 0 Z:\PlayList\AirPlay 19.11.2019_91.air
16:38:15.32 Button Shedule.SaveToFile 0 Z:\PlayList\AirPlay 19.11.2019_91.air
16:40:03.32 Button Shedule.SaveToFile 0 Z:\PlayList\AirPlay 19.11.2019_91.air
16:40:16.34 SheduleEdit Shedule.SetItemInOut 0 291 0 854720 (00:00:00.00, 00:14:14.72)
16:41:00.03 FilePage  Shedule.AddItem 0 290 1 0 0 titleObjOn {Повтор} 0
16:41:05.58 FilePage  Shedule.AddItem 0 292 1 0 0 titleObjOff {Повтор} 0
16:41:11.01 FilePage  Shedule.AddItem 0 297 1 0 0 titleObjOn {Повтор} 0
16:41:14.20 FilePage  Shedule.AddItem 0 299 1 0 0 titleObjOff {Повтор} 0
16:41:19.57 Button Shedule.SaveToFile 0 Z:\PlayList\AirPlay 19.11.2019_91.air
16:47:28.18 Hotkey Shedule.Start
Skip: 0 279 [ wait operator 0  ]
16:47:28.45 Script skip: 0 280 [ comment 0 Рекламный блок 28 начало - 16:48 ]
16:47:28.45 Script take: 0 281 [ movie 00:00:05.20 Z:\Reklama\ПЕРЕБИВКИ_РЕКЛАМА_СЕНТЯБРЬ_2019\-3_перебивка_реклама_3 _ золото _ 300-700.m2t ]
16:47:33.57 Script take: 0 282 [ movie 00:00:15.16 Z:\Reklama\-3 PN_PiterLove_Fed Петербургская недвиж.m2t ]
16:47:48.81 Script take: 0 283 [ movie 00:00:23.20 Z:\Reklama\-3 С Легким паром.m2t ]
16:47:49.27 SheduleEdit Shedule.SetItemInOut 0 286 0 93640 (00:00:00.00, 00:01:33.64)
16:48:03.43 Button Shedule.DeleteItem 0 308
Deleted 0 308 movie 00:00:25.88 Z:\Promo\-3 ПРОМО_ТЗ_2019_2_НОВ _ ставим в день эфира.m2t
16:48:12.20 SheduleEdit Shedule.SetItemDuration 0 335 854000 (00:14:14.00)
16:48:12.24 Script take: 0 284 [ movie 00:00:10.12 Z:\Reklama\-3 HINKALI_0719_10S Хинкали.m2t ]
16:48:15.86 Button Shedule.SaveToFile 0 Z:\PlayList\AirPlay 19.11.2019_91.air
16:48:22.20 Script skip: 0 285 [ comment 0 Рекламный блок 28 конец ]
16:48:22.20 Script take: 0 286 [ movie 00:01:33.64 Z:\OnAir\11_19\-3_Все_о_погоде_16_30_19_11.m2t ]
16:49:55.68 Script take: 0 287 [ movie 00:00:59.20 Z:\Promo\-3_Глава 73 16х9.m2t ]
16:50:27.24 SheduleEdit Shedule.SetItemDuration 0 277 1061000 (00:17:41.00)
16:50:54.94 Script skip: 0 288 [ comment 0 Рекламный блок 29 начало - 17:00 ]
16:50:54.94 Script skip: 0 289 [ comment 0 Нет рекламы в блоке ]
16:50:54.95 Script skip: 0 290 [ comment 0 Рекламный блок 29 конец ]
16:50:54.96 Script take: 0 291 [ titleObjOn {Повтор} 0 ]
16:50:54.96 Script take: 0 292 [ movie 00:14:14.72 Z:\OnAir\11_19\-3_ДА без тел_14_11_07часть1 Ген план Сыктывкара.m2t ]
17:05:09.63 Script take: 0 293 [ titleObjOff {Повтор} 0 ]
17:05:09.64 Script skip: 0 294 [ comment 0 Рекламный блок 30 начало - 17:18 ]
17:05:09.64 Script take: 0 295 [ movie 00:00:20.12 Z:\Reklama\Телекарта _ ОКТЯБРЬ _ 2019\-3_Народный премьер_16+_0-20_1080p.m2t ]
17:05:29.72 Script take: 0 296 [ movie 00:00:34.84 Z:\Promo\-3_ТГ_ОТРиспр.m2t ]
17:06:04.54 Script skip: 0 297 [ comment 0 Рекламный блок 30 конец ]
17:06:04.54 Script take: 0 298 [ titleObjOn {Повтор} 0 ]
17:06:04.55 Script take: 0 299 [ movie 00:13:08.68 Z:\OnAir\11_19\-3_ДА без тел_14_11_07часть2.m2t ]
17:08:31.50 FilePage  Shedule.AddItem 0 351 1 0 0 movie 00:01:01.24  Z:\OnAir\11_19\-3_Поводдя_йылысь_14_30_19_11.m2t
17:08:34.34 Button Shedule.DeleteItem 0 351
Deleted 0 351 movie 00:01:01.24 Z:\OnAir\11_19\-3_Поводдя_йылысь_14_30_19_11.m2t
17:08:46.17 SheduleEdit Shedule.SetItemInOut 0 351 0 61240 (00:00:00.00, 00:01:01.24)
17:09:40.23 FilePage  Shedule.AddItem 0 408 1 0 0 movie 00:01:33.64  Z:\OnAir\11_19\-3_Все_о_погоде_16_30_19_11.m2t
17:09:42.64 Button Shedule.DeleteItem 0 408
Deleted 0 408 movie 00:01:33.64 Z:\OnAir\11_19\-3_Все_о_погоде_16_30_19_11.m2t
17:10:07.67 FilePage  Shedule.AddItem 0 465 1 0 0 movie 00:01:33.64  Z:\OnAir\11_19\-3_Все_о_погоде_16_30_19_11.m2t
17:10:10.25 Button Shedule.DeleteItem 0 465
Deleted 0 465 movie 00:01:33.64 Z:\OnAir\11_19\-3_Все_о_погоде_16_30_19_11.m2t
17:10:14.53 Button Shedule.SaveToFile 0 Z:\PlayList\AirPlay 19.11.2019_91.air
17:10:49.72 Button Shedule.SaveToFile 0 Z:\PlayList\AirPlay 19.11.2019_91.air
17:11:05.22 FilePage  Shedule.AddItem 0 411 1 0 0 movie 0  Z:\OnAir\11_19\-3_О Монди начистоту 1серия С шапкой и концом 19_10_2019.m2t
DebugInfo2: 17:11:05.34 movie 0 Z:\OnAir\11_19\-3_О Монди начистоту 1серия С шапкой и концом 19_10_2019.m2t Check change: State (None->Error)
DebugInfo2: 17:11:07.81 movie 00:27:59.96 Z:\OnAir\11_19\-3_О Монди начистоту 1серия С шапкой и концом 19_10_2019.m2t Check change: State (Error->None) Duration (00:00:00.00->00:27:59.96)
17:11:09.11 Button Shedule.DeleteItem 0 411
Deleted 0 411 picture 00:28:00.00 E:\Типа проги\ДЕТАЛИ.png
17:11:18.48 SheduleEdit Shedule.SetItemInOut 0 411 0 1679960 (00:00:00.00, 00:27:59.96)
17:11:25.49 Button Shedule.SaveToFile 0 Z:\PlayList\AirPlay 19.11.2019_91.air
17:11:40.34 Button Shedule.SaveToFile 0 Z:\PlayList\AirPlay 19.11.2019_91.air
17:12:11.75 FilePage  Shedule.AddItem 0 317 1 0 0 movie 00:00:44.12  Z:\OnAir\11_19\-3_ВН Главное на 12-30 19-11.m2t
17:12:14.29 Button Shedule.DeleteItem 0 317
Deleted 0 317 picture 00:00:44.12 E:\Типа проги\ВН Главное 17,30.png
17:12:17.38 Button Shedule.SaveToFile 0 Z:\PlayList\AirPlay 19.11.2019_91.air
17:17:34.04 FilePage  Shedule.AddItem 0 329 1 0 0 movie 00:12:01.52  Z:\OnAir\11_19\-3 Время новостей УХТА 19-11.m2t
17:17:36.09 Button Shedule.DeleteItem 0 329
Deleted 0 329 picture 00:14:00.00 E:\Типа проги\УХТА.png
17:17:37.83 Watchdog timeout 1 sec.  Actual interval 1.26

17:18:05.41 SheduleEdit Shedule.SetItemInOut 0 329 0 721520 (00:00:00.00, 00:12:01.52)
17:18:12.21 Button Shedule.SaveToFile 0 Z:\PlayList\AirPlay 19.11.2019_91.air
17:18:29.31 FilePage  Shedule.AddItem 0 323 1 0 0 movie 00:01:13.72  Z:\Promo\-3_ПРОМО суббота с юрганом 23.11.m2t
17:18:39.14 SheduleEdit Shedule.SetItemInOut 0 320 0 33880 (00:00:00.00, 00:00:33.88)
17:18:59.05 FilePage  Shedule.AddItem 0 333 1 0 0 movie 00:00:28.12  Z:\Promo\-3 ПРОМО Смайлик 21.11.m2t
17:19:07.33 SheduleEdit Shedule.SetItemDuration 0 337 870000 (00:14:30.00)
17:19:13.31 Script take: 0 300 [ titleObjOff {Повтор} 0 ]
17:19:13.32 Script take: 0 301 [ movie 00:00:38.48 Z:\Promo\-3 Промо Монди начистоту_eff испр 19.11.mp4 ]
17:19:51.80 Script skip: 0 302 [ comment 0 Рекламный блок 31 начало - 17:36 ]
17:19:51.80 Script take: 0 303 [ movie 00:00:05.20 Z:\Reklama\ПЕРЕБИВКИ_РЕКЛАМА_СЕНТЯБРЬ_2019\-3_перебивка_реклама_3 _ золото _ 300-700.m2t ]
17:19:57.05 Script take: 0 304 [ movie 00:00:05.12 Z:\Reklama\-3_TOYS_санки(Настя).m2t ]
17:20:02.08 Script take: 0 305 [ movie 00:00:10.12 Z:\Reklama\-3 Оптика Люкс 10 сек_2.m2t ]
17:20:12.19 Script take: 0 306 [ movie 00:00:13.20 Z:\Reklama\АНТИНАРКО\-3_Bndr_Наркотики коми с титрами.m2t ]
17:20:19.63 Button Shedule.SaveToFile 0 Z:\PlayList\AirPlay 19.11.2019_91.air
17:20:25.42 Script skip: 0 307 [ comment 0 Рекламный блок 31 конец ]
17:20:25.42 Script take: 0 308 [ movie 00:00:12.24 Z:\OnAir\ФУ\-3_Bndr_ШАПКА_ФИННОУГОРИЯ_ТК.m2t ]
17:20:37.65 Script take: 0 309 [ movie 00:17:56.04 Z:\OnAir\11_18\А_Сето. Пасхальные встречи.avi ]
17:21:26.38 FilePage  Shedule.AddItem 0 331 1 0 0 movie 00:00:05.20  Z:\Reklama\ПЕРЕБИВКИ_РЕКЛАМА_СЕНТЯБРЬ_2019\-3_перебивка_реклама_5 _ капли _ 300-700.m2t
17:21:31.51 FilePage  Shedule.AddItem 0 332 1 0 0 movie 00:00:34.84  Z:\Promo\-3_ТГ_ОТРиспр.m2t
17:21:37.13 SheduleEdit Shedule.SetItemName 0 334
17:21:37.20 Button Shedule.DeleteItem 0 334
Deleted 0 334 comment 0 
17:21:40.34 Button Shedule.DeleteItem 0 326
Deleted 0 326 movie 00:00:05.20 Z:\Reklama\ПЕРЕБИВКИ_РЕКЛАМА_СЕНТЯБРЬ_2019\-3_перебивка_реклама_5 _ капли _ 300-700.m2t
17:21:41.05 Button Shedule.DeleteItem 0 326
Deleted 0 326 movie 00:00:34.84 Z:\Promo\-3_ТГ_ОТРиспр.m2t
17:21:42.68 Button  Shedule.AddItem 0 325 1 0 0 comment 0
17:21:45.03 SheduleEdit Shedule.SetItemName 0 326 Нет рекламы в блоке
17:22:04.00 Button Shedule.SaveToFile 0 Z:\PlayList\AirPlay 19.11.2019_91.air
17:24:14.02 FilePage  Shedule.AddItem 0 367 1 0 0 movie 00:12:09.72  Z:\OnAir\11_19\-3_Телезащитник 19 11 2019.m2t
17:24:17.18 Button Shedule.DeleteItem 0 367
Deleted 0 367 picture 00:12:08.00 E:\Типа проги\Телезащитник.png
17:24:46.51 SheduleEdit Shedule.SetItemInOut 0 367 3200 729720 (00:00:03.20, 00:12:09.72)
17:25:06.01 SheduleEdit Shedule.SetItemInOut 0 367 3200 729720 (00:00:03.20, 00:12:09.72)
17:25:17.20 SheduleEdit Shedule.SetItemInOut 0 367 3200 729720 (00:00:03.20, 00:12:09.72)
17:26:03.91 Button Shedule.SaveToFile 0 Z:\PlayList\AirPlay 19.11.2019_91.air
17:26:38.31 FilePage  Shedule.AddItem 0 470 1 0 0 movie 00:12:09.72  Z:\OnAir\11_19\-3_Телезащитник 19 11 2019.m2t
17:26:41.63 Button Shedule.DeleteItem 0 470
Deleted 0 470 picture 00:12:08.00 E:\Типа проги\Телезащитник.png
17:26:53.97 SheduleEdit Shedule.SetItemInOut 0 470 3200 729720 (00:00:03.20, 00:12:09.72)
17:26:59.88 Button Shedule.SaveToFile 0 Z:\PlayList\AirPlay 19.11.2019_91.air
17:27:23.01 Button Shedule.SaveToFile 0 Z:\PlayList\AirPlay 19.11.2019_91.air
17:30:23.95 Button Shedule.SaveToFile 0 Z:\PlayList\AirPlay 19.11.2019_91.air
17:38:33.71 Script take: 0 310 [ movie 00:01:52.40 Z:\OnAir\ФУ\-3_Bndr_ФУ на вкус Салат финский.m2t ]
17:40:26.12 Script take: 0 311 [ movie 00:00:38.80 Z:\Promo\-3 ПРОМО Неизвестная Италия 20.11.m2t ]
17:41:04.99 Script take: 0 312 [ movie 00:00:50.32 Z:\Promo\-3 ПРОМО Мне тесно в строю. Александр Розенбаум 23.11.m2t ]
17:41:55.22 Script take: 0 313 [ movie 00:02:52.64 Z:\OnAir\Обращение с ТКО\-3_ТКО_Ролик_1.m2t ]
17:44:47.93 Script skip: 0 314 [ comment 0 Рекламный блок 32 начало - 17:52 ]
17:44:47.93 Script skip: 0 315 [ comment 0 Нет рекламы в блоке ]
17:44:47.94 Script skip: 0 316 [ comment 0 Рекламный блок 32 конец ]
17:44:47.95 Script take: 0 317 [ movie 00:00:44.12 Z:\OnAir\11_19\-3_ВН Главное на 12-30 19-11.m2t ]
17:45:31.94 Script take: 0 318 [ movie 00:25:17.44 Z:\OnAir\11_19\-3 Студия11_19-11-2019.m2t ]
17:58:45.08 FilePage  Shedule.AddItem 0 335 1 0 0 movie 00:01:00.28  Z:\Часы\Сlock_18_30 (06_30).m2t
17:58:52.51 SheduleEdit Shedule.SetItemInOut 0 336 30000 60280 (00:00:30.00, 00:01:00.28)
18:02:41.35 FilePage  Shedule.AddItem 0 337 1 0 0 movie 00:08:47.96  Z:\OnAir\11_19\-3 ТАЛУН 18-30 1 часть 19-11.m2t
18:02:45.94 Button Shedule.DeleteItem 0 339
Deleted 0 339 video1 00:14:30.00 Талун 18-30
18:02:51.34 Button Shedule.DeleteItem 0 340
Deleted 0 340 wait operator 0 
18:03:02.12 SheduleEdit Shedule.SetItemInOut 0 338 0 527960 (00:00:00.00, 00:08:47.96)
18:03:07.92 Button Shedule.SaveToFile 0 Z:\PlayList\AirPlay 19.11.2019_91.air
18:10:49.34 Script take: 0 319 [ movie 00:00:08.60 Z:\Promo\ПРИЗЫ ВК\-3 ПризыВК_Алёна.m2t ]
18:10:58.00 Script take: 0 320 [ movie 00:00:33.88 Z:\OnAir\11_19\-3_города_Зеленец_корр1.m2t ]
18:11:31.91 Script take: 0 321 [ movie 00:00:38.80 Z:\Promo\-3 ПРОМО Неизвестная Италия 20.11.m2t ]
18:12:10.82 Script take: 0 322 [ movie 00:00:28.12 Z:\Promo\-3 ПРОМО Смайлик 21.11.m2t ]
18:12:38.76 Script take: 0 323 [ movie 00:00:50.32 Z:\Promo\-3 ПРОМО Мне тесно в строю. Александр Розенбаум 23.11.m2t ]
18:13:29.16 Script take: 0 324 [ movie 00:01:13.72 Z:\Promo\-3_ПРОМО суббота с юрганом 23.11.m2t ]
18:14:42.84 Script skip: 0 325 [ comment 0 Рекламный блок 33 начало - 18:08 ]
18:14:42.84 Script skip: 0 326 [ comment 0 Нет рекламы в блоке ]
18:14:42.85 Script skip: 0 327 [ comment 0 Рекламный блок 33 конец ]
18:14:42.86 Script take: 0 328 [ movie 00:00:38.48 Z:\Promo\-3 Промо Монди начистоту_eff испр 19.11.mp4 ]
18:15:21.28 Script take: 0 329 [ movie 00:12:01.52 Z:\OnAir\11_19\-3 Время новостей УХТА 19-11.m2t ]
18:16:24.48 FilePage  Shedule.AddItem 0 343 1 0 0 movie 00:07:52.88  Z:\OnAir\11_19\-3 ТАЛУН вечер и утро 2 часть 19-11.m2t
18:16:28.78 Button Shedule.DeleteItem 0 345
Deleted 0 345 video1 00:10:30.00 Талун 18-30
18:16:30.80 Button Shedule.DeleteItem 0 346
Deleted 0 346 wait operator 0 
18:16:42.97 SheduleEdit Shedule.SetItemInOut 0 344 0 472880 (00:00:00.00, 00:07:52.88)
18:18:22.16 FilePage  Shedule.AddItem 0 352 1 0 0 movie 00:00:38.80  Z:\Promo\-3 ПРОМО Неизвестная Италия 20.11.m2t
18:18:24.74 FilePage  Shedule.AddItem 0 353 1 0 0 movie 00:00:28.12  Z:\Promo\-3 ПРОМО Смайлик 21.11.m2t
18:18:25.83 FilePage  Shedule.AddItem 0 354 1 0 0 movie 00:00:32.20  Z:\Promo\-3 ПРОМО Леди Макбет 22.11.m2t
18:18:27.75 FilePage  Shedule.AddItem 0 355 1 0 0 movie 00:00:50.32  Z:\Promo\-3 ПРОМО Мне тесно в строю. Александр Розенбаум 23.11.m2t
18:18:29.39 FilePage  Shedule.AddItem 0 356 1 0 0 movie 00:01:13.72  Z:\Promo\-3_ПРОМО суббота с юрганом 23.11.m2t
18:18:35.76 FilePage  Shedule.AddItem 0 357 1 0 0 movie 00:00:32.60  Z:\Promo\-3_ПРОМО Интердевочка 24.11 испр.m2t
18:19:36.10 FilePage  Shedule.AddItem 0 358 1 0 0 movie 00:04:08.44  Z:\OnAir\ФУ\-3W Межпрограмка Музыка т0л (Ветер) Пикулев Удмуртия_утверждено.m2t
18:20:04.77 Button Shedule.DeleteItem 0 358
Deleted 0 358 movie 00:00:32.60 Z:\Promo\-3_ПРОМО Интердевочка 24.11 испр.m2t
18:20:18.43 SheduleEdit Shedule.SetItemDuration 0 384 809000 (00:13:29.00)
18:20:23.81 Button Shedule.SaveToFile 0 Z:\PlayList\AirPlay 19.11.2019_91.air
18:20:34.07 SheduleEdit Shedule.SetItemInOut 0 358 0 248440 (00:00:00.00, 00:04:08.44)
18:21:01.24 SheduleEdit Shedule.SetItemInOut 0 359 0 86960 (00:00:00.00, 00:01:26.96)
18:21:09.16 Button Shedule.SaveToFile 0 Z:\PlayList\AirPlay 19.11.2019_91.air
18:27:22.87 Script skip: 0 330 [ comment 0 Рекламный блок 34 начало - 18:25 ]
18:27:22.87 Script take: 0 331 [ movie 00:00:05.20 Z:\Reklama\ПЕРЕБИВКИ_РЕКЛАМА_СЕНТЯБРЬ_2019\-3_перебивка_реклама_5 _ капли _ 300-700.m2t ]
18:27:28.00 Script take: 0 332 [ movie 00:00:34.84 Z:\Promo\-3_ТГ_ОТРиспр.m2t ]
18:28:02.85 Script skip: 0 333 [ comment 0 Рекламный блок 34 конец ]
18:28:02.85 Script take: 0 334 [ movie 00:00:28.12 Z:\Promo\-3 ПРОМО Смайлик 21.11.m2t ]
18:28:30.98 Script take: 0 335 [ movie 00:00:59.20 Z:\Promo\-3_Глава 73 16х9.m2t ]
18:29:30.19 Script take: 0 336 [ movie <00:00:30.00> 00:00:30.28 Z:\Часы\Сlock_18_30 (06_30).m2t ]
18:30:00.52 Script skip: 0 337 [ comment 0 Слот 6___18,30-19,30 = 1 час (Рекл=10 мин)=50 мин ]
18:30:00.52 Script take: 0 338 [ movie 00:08:47.96 Z:\OnAir\11_19\-3 ТАЛУН 18-30 1 часть 19-11.m2t ]
18:38:27.88 SheduleEdit Shedule.SetItemInOut 0 352 0 38480 (00:00:00.00, 00:00:38.48)
18:38:48.39 Script skip: 0 339 [ comment 0 Рекламный блок 35 начало - 18:45 ]
18:38:48.39 Script take: 0 340 [ movie 00:00:15.16 Z:\Reklama\-3 PN_PiterLove_Fed Петербургская недвиж.m2t ]
18:39:03.78 Script take: 0 341 [ movie 00:00:05.20 Z:\Reklama\-3_Магия мэха_кож пух_5с.m2t ]
18:39:08.82 Script take: 0 342 [ movie 00:00:20.20 Z:\Reklama\Телекарта _ ОКТЯБРЬ _ 2019\-3_85 гр (смотри за 0)_1080p.m2t ]
18:39:29.03 Script skip: 0 343 [ comment 0 Рекламный блок 35 конец ]
18:39:29.03 Script take: 0 344 [ movie 00:07:52.88 Z:\OnAir\11_19\-3 ТАЛУН вечер и утро 2 часть 19-11.m2t ]
18:41:23.05 SheduleEdit Shedule.SetItemInOut 0 370 3200 729720 (00:00:03.20, 00:12:09.72)
18:43:38.82 FilePage  Shedule.AddItem 0 366 1 0 0 movie 00:00:18.16  Z:\OnAir\11_19\-3_ролик соффит.m2t
18:43:52.08 SheduleEdit Shedule.SetItemInOut 0 367 0 18160 (00:00:00.00, 00:00:18.16)
18:44:03.97 SheduleEdit Shedule.SetItemDuration 0 385 791000 (00:13:11.00)
18:44:25.30 FilePage  Shedule.AddItem 0 477 1 0 0 movie 00:00:18.16  Z:\OnAir\11_19\-3_ролик соффит.m2t
18:44:41.06 Button Shedule.SaveToFile 0 Z:\PlayList\AirPlay 19.11.2019_91.air
18:47:14.87 Button Shedule.DeleteItem 0 424
Deleted 0 424 movie 00:00:28.12 Z:\Promo\-3 ПРОМО Смайлик 21.11.m2t
18:47:18.43 Button Shedule.DeleteItem 0 432
Deleted 0 432 movie 00:00:38.80 Z:\Promo\-3 ПРОМО Неизвестная Италия 20.11.m2t
18:47:21.83 Script skip: 0 345 [ comment 0 Рекламный блок 3а начало - 18:57 ]
18:47:21.83 Script take: 0 346 [ movie 00:00:05.20 Z:\Reklama\ПЕРЕБИВКИ_РЕКЛАМА_СЕНТЯБРЬ_2019\-3_перебивка_реклама_3 _ золото _ 300-700.m2t ]
18:47:22.12 Button Shedule.DeleteItem 0 439
Deleted 0 439 movie 00:00:32.60 Z:\Promo\-3_ПРОМО Интердевочка 24.11 испр.m2t
18:47:27.13 Script take: 0 347 [ movie 00:00:05.12 Z:\Reklama\-3_TOYS_санки(Настя).m2t ]
18:47:32.17 Script take: 0 348 [ movie 00:00:10.12 Z:\Reklama\-3 HINKALI_0719_10S Хинкали.m2t ]
18:47:32.42 SheduleEdit Shedule.SetItemDuration 0 385 911000 (00:15:11.00)
18:47:42.27 Script skip: 0 349 [ comment 0 Рекламный блок 3а конец ]
18:47:42.27 Script take: 0 350 [ movie 00:01:01.24 Z:\OnAir\11_19\-3_Поводдя_йылысь_14_30_19_11.m2t ]
18:48:03.85 Button Shedule.SaveToFile 0 Z:\PlayList\AirPlay 19.11.2019_91.air
18:48:33.88 Button Shedule.SaveToFile 0 Z:\PlayList\AirPlay 19.11.2019_91.air
18:48:43.85 Script take: 0 351 [ movie 00:00:59.20 Z:\Promo\-3_Глава 73 16х9.m2t ]
18:49:42.91 Script take: 0 352 [ movie 00:00:38.48 Z:\Promo\-3 Промо Монди начистоту_eff испр 19.11.mp4 ]
18:50:21.27 Script take: 0 353 [ movie 00:00:38.80 Z:\Promo\-3 ПРОМО Неизвестная Италия 20.11.m2t ]
18:50:59.99 Script take: 0 354 [ movie 00:00:28.12 Z:\Promo\-3 ПРОМО Смайлик 21.11.m2t ]
18:51:28.20 Script take: 0 355 [ movie 00:00:32.20 Z:\Promo\-3 ПРОМО Леди Макбет 22.11.m2t ]
18:52:00.32 Script take: 0 356 [ movie 00:00:50.32 Z:\Promo\-3 ПРОМО Мне тесно в строю. Александр Розенбаум 23.11.m2t ]
18:52:49.12 FilePage  Shedule.AddItem 0 383 1 0 0 movie 00:01:00.28  Z:\Часы\Сlock_19_30 (07_30).m2t
18:52:51.48 Script take: 0 357 [ movie 00:01:13.72 Z:\Promo\-3_ПРОМО суббота с юрганом 23.11.m2t ]
18:52:56.27 SheduleEdit Shedule.SetItemInOut 0 384 50000 60280 (00:00:50.00, 00:01:00.28)
18:53:03.20 FilePage  Shedule.AddItem 0 385 1 0 0 movie 0  Z:\OnAir\11_19\-3 Время новостей 19-30 НОЧЬ 1 часть 19-11.m2t
DebugInfo2: 18:53:03.84 movie 0 Z:\OnAir\11_19\-3 Время новостей 19-30 НОЧЬ 1 часть 19-11.m2t Check change: State (None->Error)
18:53:06.87 Button Shedule.DeleteItem 0 387
Deleted 0 387 video1 00:15:11.00 Время новостей 19-30
18:53:09.23 Button Shedule.DeleteItem 0 388
Deleted 0 388 wait operator 0 
DebugInfo2: 18:53:16.13 movie 00:17:58.84 Z:\OnAir\11_19\-3 Время новостей 19-30 НОЧЬ 1 часть 19-11.m2t Check change: State (Error->None) Duration (00:00:00.00->00:17:58.84)
18:54:04.35 Script take: 0 358 [ movie 00:04:08.44 Z:\OnAir\ФУ\-3W Межпрограмка Музыка т0л (Ветер) Пикулев Удмуртия_утверждено.m2t ]
18:54:27.12 SheduleEdit Shedule.SetItemInOut 0 386 0 1078840 (00:00:00.00, 00:17:58.84)
18:54:47.92 SheduleEdit Shedule.SetItemDuration 0 399 420000 (00:07:00.00)
18:56:13.04 SheduleEdit Shedule.SetItemInOut 0 451 54000 60280 (00:00:54.00, 00:01:00.28)
18:56:22.57 Button Shedule.SaveToFile 0 Z:\PlayList\AirPlay 19.11.2019_91.air
18:57:52.02 FilePage  Shedule.AddItem 0 398 1 0 0 movie 0  Z:\OnAir\11_19\-3 ВН вечер 2 часть 19-11.m2t
DebugInfo2: 18:57:52.08 movie 0 Z:\OnAir\11_19\-3 ВН вечер 2 часть 19-11.m2t Check change: State (None->Error)
18:57:56.09 Button Shedule.DeleteItem 0 400
Deleted 0 400 video1 00:07:00.00 Время новостей 19-30
18:57:58.05 Button Shedule.DeleteItem 0 401
Deleted 0 401 wait operator 0 
18:58:04.00 Button Shedule.SaveToFile 0 Z:\PlayList\AirPlay 19.11.2019_91.air
DebugInfo2: 18:58:04.02 movie 00:07:11.76 Z:\OnAir\11_19\-3 ВН вечер 2 часть 19-11.m2t Check change: State (Error->None) Duration (00:00:00.00->00:07:11.76)
18:58:13.05 Script take: 0 359 [ movie 00:01:26.96 Z:\OnAir\наставник\-3_Наставник_Лыюрова_с 18.11.m2t ]
18:58:18.64 SheduleEdit Shedule.SetItemInOut 0 399 0 431760 (00:00:00.00, 00:07:11.76)
18:59:37.39 Button Shedule.DeleteItem 0 415
Deleted 0 415 movie 00:00:33.88 Z:\OnAir\11_19\-3_города_Зеленец_корр1.m2t
18:59:40.03 Script take: 0 360 [ movie 00:13:54.32 Z:\OnAir\11_19\-3 Вочакыв Виктория Агаркова 19 11 19.m2t ]
18:59:52.21 SheduleEdit Shedule.SetItemInOut 0 448 32000 60280 (00:00:32.00, 00:01:00.28)
19:00:53.28 FilePage  Shedule.AddItem 0 475 1 0 0 movie 00:00:33.88  Z:\OnAir\11_19\-3_города_Зеленец_корр1.m2t
19:01:03.02 Button Shedule.SaveToFile 0 Z:\PlayList\AirPlay 19.11.2019_91.air
19:01:26.00 Button Shedule.SaveToFile 0 Z:\PlayList\AirPlay 19.11.2019_91.air
19:02:50.27 FilePage  Shedule.AddItem 0 449 1 0 0 movie 00:17:58.84  Z:\OnAir\11_19\-3 Время новостей 19-30 НОЧЬ 1 часть 19-11.m2t
19:02:53.17 Button Shedule.DeleteItem 0 449
Deleted 0 449 picture 00:16:00.00 E:\Типа проги\Время новостей 21,30.png
19:02:55.62 FilePage  Shedule.AddItem 0 456 1 0 0 movie 0  Z:\OnAir\11_19\-3 ВН ночь и утро 2 часть 19-11.m2t
DebugInfo2: 19:02:57.07 movie 00:07:10.56 Z:\OnAir\11_19\-3 ВН ночь и утро 2 часть 19-11.m2t Check change: Duration (00:00:00.00->00:07:10.56)
19:02:58.66 Button Shedule.DeleteItem 0 458
Deleted 0 458 picture 00:10:00.00 E:\Типа проги\Время новостей 21,30.png
19:03:35.14 SheduleEdit Shedule.SetItemInOut 0 457 0 430560 (00:00:00.00, 00:07:10.56)
19:03:45.04 Button Shedule.SaveToFile 0 Z:\PlayList\AirPlay 19.11.2019_91.air
19:04:05.43 Button Shedule.DeleteItem 0 476
Deleted 0 476 movie 00:00:33.88 Z:\OnAir\11_19\-3_города_Зеленец_корр1.m2t
19:04:18.04 FilePage  Shedule.AddItem 0 465 1 0 0 movie 00:00:33.88  Z:\OnAir\11_19\-3_города_Зеленец_корр1.m2t
19:04:29.66 Button Shedule.SaveToFile 0 Z:\PlayList\AirPlay 19.11.2019_91.air
19:04:38.06 FilePage  Shedule.AddItem 0 468 1 0 0 movie 00:00:38.80  Z:\Promo\-3 ПРОМО Неизвестная Италия 20.11.m2t
19:04:42.25 Button Shedule.DeleteItem 0 469
Deleted 0 469 movie 00:00:38.80 Z:\Promo\-3 ПРОМО Неизвестная Италия 20.11.m2t
19:04:44.59 FilePage  Shedule.AddItem 0 476 1 0 0 movie 00:00:38.80  Z:\Promo\-3 ПРОМО Неизвестная Италия 20.11.m2t
19:04:48.59 FilePage  Shedule.AddItem 0 477 1 0 0 movie 00:00:28.12  Z:\Promo\-3 ПРОМО Смайлик 21.11.m2t
19:04:59.07 Button Shedule.DeleteItem 0 540
Deleted 0 540 movie 00:00:50.32 Z:\Promo\-3 ПРОМО Мне тесно в строю. Александр Розенбаум 23.11.m2t
19:05:04.61 Button Shedule.SaveToFile 0 Z:\PlayList\AirPlay 19.11.2019_91.air
19:05:17.18 SheduleEdit Shedule.SetItemInOut 0 468 3200 729720 (00:00:03.20, 00:12:09.72)
19:05:33.40 Button Shedule.SaveToFile 0 Z:\PlayList\AirPlay 19.11.2019_91.air
19:06:00.08 Button Shedule.SaveToFile 0 Z:\PlayList\AirPlay 19.11.2019_91.air
19:13:34.06 Script skip: 0 361 [ comment 0 Рекламный блок 36 начало - 19:12 ]
19:13:34.06 Script take: 0 362 [ movie 00:00:05.20 Z:\Reklama\ПЕРЕБИВКИ_РЕКЛАМА_СЕНТЯБРЬ_2019\-3_перебивка_реклама_3 _ золото _ 300-700.m2t ]
19:13:39.30 Script take: 0 363 [ movie 00:00:05.20 Z:\Reklama\-3_Магия мэха_скидка на шубы_5 сек.m2t ]
19:13:44.50 Script take: 0 364 [ movie 00:00:15.16 Z:\Reklama\-3_ЕПЗ - Алмаг+ (Имидж) 15 сек 16х9 - Сыктывкар (сентябрь) 2019.m2t ]
19:13:59.63 Script take: 0 365 [ movie 00:00:15.20 Z:\Reklama\-3 MORI_01.m2t ]
19:14:14.91 Script take: 0 366 [ movie 00:00:05.12 Z:\Reklama\-3_АптекаБЗ 20ноя2019 5с FullHD.m2t ]
19:14:20.02 Script take: 0 367 [ movie 00:00:18.16 Z:\OnAir\11_19\-3_ролик соффит.m2t ]
19:14:38.29 Script take: 0 368 [ movie 00:00:15.16 Z:\Reklama\-3 Пригородный 15 сек.m2t ]
19:14:53.35 Script skip: 0 369 [ comment 0 Рекламный блок 36 конец ]
19:14:53.35 Script take: 0 370 [ movie 00:00:03.04 Z:\Promo\Слайд СОФФИТ.mpg ]
19:14:56.35 Script take: 0 371 [ movie <00:00:03.20> 00:12:06.52 Z:\OnAir\11_19\-3_Телезащитник 19 11 2019.m2t ]
19:27:02.87 Script skip: 0 372 [ comment 0 Рекламный блок 37 начало - 19:25 ]
19:27:02.87 Script take: 0 373 [ movie 00:00:05.20 Z:\Reklama\ПЕРЕБИВКИ_РЕКЛАМА_СЕНТЯБРЬ_2019\-3_перебивка_реклама_3 _ золото _ 300-700.m2t ]
19:27:08.11 Script take: 0 374 [ movie 00:00:24.16 Z:\Reklama\ЗОЖ 25 июня\-3_Bndr_Питание.m2t ]
19:27:32.26 Script take: 0 375 [ movie 00:00:05.12 Z:\Reklama\-3_TOYS_санки(Настя).m2t ]
19:27:37.38 Script take: 0 376 [ movie 00:00:06.20 Z:\Reklama\РГС-Мед_НОЯБРЬ_2019\-3_Bndr_РГС_МЕД_лабораторная диагностика.m2t ]
19:27:43.66 Script take: 0 377 [ movie 00:00:05.12 Z:\Reklama\-3_АптекаБЗ 20ноя2019 5с FullHD.m2t ]
19:27:48.65 Script take: 0 378 [ movie 00:00:15.16 Z:\Reklama\-3 Пригородный 15 сек.m2t ]
19:28:03.88 Script take: 0 379 [ movie 00:00:10.12 Z:\Reklama\-3 Оптика Люкс 10 сек_2.m2t ]
19:28:14.01 Script take: 0 380 [ movie 00:00:28.60 Z:\OnAir\11_19\-3_[0]-ТГ_ВАХТА_191119.m2t ]
19:28:42.64 Script skip: 0 381 [ comment 0 Рекламный блок 37 конец ]
19:28:42.64 Script take: 0 382 [ movie 00:00:08.16 Z:\Promo\-3_Bndr_ЛИЦЕНЗИЯ_2019.m2t ]
19:28:50.76 Script take: 0 383 [ movie 00:00:59.20 Z:\Promo\-3_Глава 73 16х9.m2t ]
19:29:49.93 Script take: 0 384 [ movie <00:00:50.00> 00:00:10.28 Z:\Часы\Сlock_19_30 (07_30).m2t ]
19:30:00.20 Script skip: 0 385 [ comment 0 Слот 7___19,30-21,30 = 2 час (10,30 мин)=1 час 49,30 мин ]
19:30:00.20 Script take: 0 386 [ movie 00:17:58.84 Z:\OnAir\11_19\-3 Время новостей 19-30 НОЧЬ 1 часть 19-11.m2t ]
19:47:59.10 Script skip: 0 387 [ comment 0 Рекламный блок 38 начало - 19:45 ]
19:47:59.10 Script take: 0 388 [ movie 00:00:05.20 Z:\Reklama\-3_Магия меха_новое поступление Зима.m2t ]
19:48:04.23 Script take: 0 389 [ movie 00:00:15.16 Z:\Reklama\-3_ЕПЗ - Алмаг+ (Изоляция) 15 сек 16х9 - Сыктывкар сентябрь 2019.m2t ]
19:48:19.39 Script take: 0 390 [ movie 00:00:10.00 Z:\Reklama\-3_Bndr_Еврочехлы 10с_февраль2019 г_ 16-9.avi ]
19:48:29.63 Script take: 0 391 [ movie 00:00:15.20 Z:\Reklama\-3 MORI_01.m2t ]
19:48:44.68 Script take: 0 392 [ movie 00:00:23.20 Z:\Reklama\-3 С Легким паром.m2t ]
19:49:07.81 Script take: 0 393 [ movie 00:00:28.28 Z:\Reklama\-3 УАТП_28с.m2t ]
19:49:36.08 Script take: 0 394 [ movie 00:00:05.12 Z:\Reklama\-3_АптекаБЗ 20ноя2019 5с FullHD.m2t ]
19:49:41.20 Script take: 0 395 [ movie 00:00:15.16 Z:\Reklama\-3 КС-Керамик_Уже началась СТРОЙМАТ.m2t ]
19:49:56.43 Script take: 0 396 [ movie 00:00:18.20 Z:\OnAir\11_18\-3_Центр эстетической медицины_18с.m2t ]
19:50:14.69 Script take: 0 397 [ movie 00:00:32.00 Z:\Reklama\ППСиГЗ_2019\-3_Bndr_Rolik_11_1_Ртутный градусник.m2t ]
19:50:46.71 Script skip: 0 398 [ comment 0 Рекламный блок 38 конец ]
19:50:46.71 Script take: 0 399 [ movie 00:07:11.76 Z:\OnAir\11_19\-3 ВН вечер 2 часть 19-11.m2t ]
19:57:58.33 Script skip: 0 400 [ comment 0 Рекламный блок 39 начало - 19:57 ]
19:57:58.33 Script take: 0 401 [ movie 00:00:05.20 Z:\Reklama\ПЕРЕБИВКИ_РЕКЛАМА_СЕНТЯБРЬ_2019\-3_перебивка_реклама_3 _ золото _ 300-700.m2t ]
19:58:03.57 Script take: 0 402 [ movie 00:00:20.20 Z:\Reklama\-3_ролик_ЗС_зима_Сыктывкар.m2t ]
19:58:23.83 Script take: 0 403 [ movie 00:00:15.16 Z:\Reklama\-3 PN_PiterLove_Fed Петербургская недвиж.m2t ]
19:58:38.95 Script take: 0 404 [ movie 00:00:05.12 Z:\Reklama\-3_TOYS_санки(Настя).m2t ]
19:58:44.07 Script take: 0 405 [ movie 00:00:08.20 Z:\Reklama\РГС-Мед_НОЯБРЬ_2019\-3_Bndr_РГС_МЕД_стационар.m2t ]
19:58:52.21 Script take: 0 406 [ movie 00:00:05.12 Z:\Reklama\-3_АптекаБЗ 20ноя2019 5с FullHD.m2t ]
19:58:57.31 Script take: 0 407 [ movie 00:00:10.12 Z:\Reklama\-3 Оптика Люкс 10 сек_2.m2t ]
19:59:07.45 Script take: 0 408 [ movie 00:00:10.12 Z:\Reklama\-3 HINKALI_0719_10S Хинкали.m2t ]
19:59:17.58 Script take: 0 409 [ movie 00:00:28.60 Z:\OnAir\11_19\-3_[0]-ТГ_ВАХТА_191119.m2t ]
19:59:46.22 Script skip: 0 410 [ comment 0 Рекламный блок 39 конец ]
19:59:46.22 Script take: 0 411 [ movie 00:01:33.64 Z:\OnAir\11_19\-3_Все_о_погоде_16_30_19_11.m2t ]
20:00:12.00 SheduleEdit Shedule.SetItemInOut 0 436 2433480 3197760 (00:40:33.48, 00:53:17.76)
20:00:25.03 SheduleEdit Shedule.SetItemInOut 0 468 3200 729720 (00:00:03.20, 00:12:09.72)
20:00:35.06 Button Shedule.SaveToFile 0 Z:\PlayList\AirPlay 19.11.2019_91.air
20:01:19.92 Script take: 0 412 [ movie 00:00:59.20 Z:\Promo\-3_Глава 73 16х9.m2t ]
20:02:18.99 Script skip: 0 413 [ comment 0 Монди начистоту ]
20:02:18.99 Script take: 0 414 [ movie 00:27:59.96 Z:\OnAir\11_19\-3_О Монди начистоту 1серия С шапкой и концом 19_10_2019.m2t ]
20:30:19.19 Script skip: 0 415 [ comment 0 Рекламный блок 40 начало - 20:18 ]
20:30:19.19 Script take: 0 416 [ movie 00:00:05.20 Z:\Reklama\ПЕРЕБИВКИ_РЕКЛАМА_СЕНТЯБРЬ_2019\-3_перебивка_реклама_3 _ золото _ 300-700.m2t ]
20:30:24.17 Script take: 0 417 [ movie 00:00:23.20 Z:\Reklama\-3 С Легким паром.m2t ]
20:30:47.32 Script take: 0 418 [ movie 00:00:05.12 Z:\Reklama\-3_АптекаБЗ 20ноя2019 5с FullHD.m2t ]
20:30:52.54 Script skip: 0 419 [ comment 0 Рекламный блок 40 конец ]
20:30:52.54 Script take: 0 420 [ movie <00:00:00.00> 00:12:17.68 Y:\НТС_11_18_24\Волчье солнце 7 серия.mpg ]
20:43:10.15 Script skip: 0 421 [ comment 0 Рекламный блок 41 начало - 20:43 ]
20:43:10.15 Script take: 0 422 [ movie 00:00:05.20 Z:\Reklama\ПЕРЕБИВКИ_РЕКЛАМА_СЕНТЯБРЬ_2019\-3_перебивка_реклама_3 _ золото _ 300-700.m2t ]
20:43:15.43 Script take: 0 423 [ movie 00:00:30.16 Z:\Reklama\ЗОЖ 27 июня\-3 13_SMS_Master_h264.m2t ]
20:43:45.57 Script take: 0 424 [ movie 00:00:20.20 Z:\Reklama\Телекарта _ ОКТЯБРЬ _ 2019\-3_85 гр (смотри за 0)_1080p.m2t ]
20:44:05.69 Script take: 0 425 [ movie 00:00:40.16 Z:\Reklama\КОГБУЗ\-3_Bndr_01219_КОКБ_Кардио_16х9.m2t ]
20:44:45.83 Script take: 0 426 [ movie 00:00:28.60 Z:\OnAir\11_19\-3_[0]-ТГ_ВАХТА_191119.m2t ]
20:45:14.52 Script skip: 0 427 [ comment 0 Рекламный блок 41 конец ]
20:45:14.52 Script skip: 0 428 [ comment 0 & волчье солнце.avi ]
20:45:14.53 Script take: 0 429 [ movie <00:12:18.00> 00:28:15.16 Y:\НТС_11_18_24\Волчье солнце 7 серия.mpg ]
21:13:29.69 Script skip: 0 430 [ comment 0 Рекламный блок 42 начало - 21:13 ]
21:13:29.69 Script take: 0 431 [ movie 00:00:05.20 Z:\Reklama\ПЕРЕБИВКИ_РЕКЛАМА_СЕНТЯБРЬ_2019\-3_перебивка_реклама_3 _ золото _ 300-700.m2t ]
21:13:34.81 Script take: 0 432 [ movie 00:00:05.12 Z:\Reklama\-3_TOYS_санки(Настя).m2t ]
21:13:39.91 Script take: 0 433 [ movie 00:00:10.12 Z:\Reklama\-3 Оптика Люкс 10 сек_2.m2t ]
21:13:50.06 Script skip: 0 434 [ comment 0 Рекламный блок 42 конец ]
21:13:50.06 Script skip: 0 435 [ comment 0 & волчье солнце.avi ]
21:13:50.07 Script take: 0 436 [ movie <00:40:33.48> 00:12:44.28 Y:\НТС_11_18_24\Волчье солнце 7 серия.mpg ]
21:26:34.37 Script skip: 0 437 [ comment 0 Рекламный блок 43 начало - 21:25 ]
21:26:34.37 Script take: 0 438 [ movie 00:00:05.20 Z:\Reklama\ПЕРЕБИВКИ_РЕКЛАМА_СЕНТЯБРЬ_2019\-3_перебивка_реклама_3 _ золото _ 300-700.m2t ]
21:26:39.82 Script take: 0 439 [ movie 00:00:05.20 Z:\Reklama\-3_Магия мэха_кож пух_5с.m2t ]
21:26:44.80 Script take: 0 440 [ movie 00:00:15.16 Z:\Reklama\-3_ЕПЗ - Алмаг+ (Имидж) 15 сек 16х9 - Сыктывкар (сентябрь) 2019.m2t ]
21:26:59.96 Script take: 0 441 [ movie 00:00:20.12 Z:\Reklama\Телекарта _ ОКТЯБРЬ _ 2019\-3_Народный премьер_16+_0-20_1080p.m2t ]
21:27:20.07 Script take: 0 442 [ movie 00:00:15.20 Z:\Reklama\-3 MORI_01.m2t ]
21:27:35.19 Script take: 0 443 [ movie 00:00:23.20 Z:\Reklama\-3 С Легким паром.m2t ]
21:27:58.50 Script take: 0 444 [ movie 00:00:34.84 Z:\Promo\-3_ТГ_ОТРиспр.m2t ]
21:28:33.25 Script skip: 0 445 [ comment 0 Рекламный блок 43 конец ]
21:28:33.25 Script take: 0 446 [ movie 00:00:59.20 Z:\Promo\-3_Глава 73 16х9.m2t ]
21:29:32.45 Script skip: 0 447 [ comment 0 Слот 8___21,30-02,00 = 4 часа 30 минут (20,30)=4 часа 9,30 мин ]
21:29:32.45 Script take: 0 448 [ movie <00:00:32.00> 00:00:28.28 Z:\Часы\Сlock_21_30.m2t ]
21:30:00.95 Script take: 0 449 [ movie 00:17:58.84 Z:\OnAir\11_19\-3 Время новостей 19-30 НОЧЬ 1 часть 19-11.m2t ]
21:47:59.70 Script skip: 0 450 [ comment 0 Рекламный блок 44 начало - 21:45 ]
21:47:59.70 Script take: 0 451 [ movie 00:00:05.12 Z:\Reklama\-3_TOYS_санки(Настя).m2t ]
21:48:04.73 Script take: 0 452 [ movie 00:00:15.16 Z:\Reklama\-3_DINAMIKA_DATSUN_11.2019 г.m2t ]
21:48:19.95 Script take: 0 453 [ movie 00:00:23.20 Z:\Reklama\-3 С Легким паром.m2t ]
21:48:43.10 Script take: 0 454 [ movie 00:00:05.12 Z:\Reklama\-3_АптекаБЗ 20ноя2019 5с FullHD.m2t ]
21:48:48.20 Script take: 0 455 [ movie 00:00:15.16 Z:\Reklama\-3 КС-Керамик_Уже началась СТРОЙМАТ.m2t ]
21:49:03.33 Script skip: 0 456 [ comment 0 Рекламный блок 44 конец ]
21:49:03.33 Script take: 0 457 [ movie 00:07:10.56 Z:\OnAir\11_19\-3 ВН ночь и утро 2 часть 19-11.m2t ]
21:56:13.88 Script skip: 0 458 [ comment 0 Рекламный блок 45 начало - 21:57 ]
21:56:13.88 Script take: 0 459 [ movie 00:00:05.20 Z:\Reklama\ПЕРЕБИВКИ_РЕКЛАМА_СЕНТЯБРЬ_2019\-3_перебивка_реклама_3 _ золото _ 300-700.m2t ]
21:56:19.07 Script take: 0 460 [ movie 00:00:15.16 Z:\Reklama\-3 PN_PiterLove_Fed Петербургская недвиж.m2t ]
21:56:34.31 Script take: 0 461 [ movie 00:00:05.20 Z:\Reklama\-3_Магия мэха_скидка на шубы_5 сек.m2t ]
21:56:39.52 Script take: 0 462 [ movie 00:00:10.12 Z:\Reklama\-3 HINKALI_0719_10S Хинкали.m2t ]
21:56:49.57 Script skip: 0 463 [ comment 0 Рекламный блок 45 конец ]
21:56:49.57 Script take: 0 464 [ movie 00:01:33.64 Z:\OnAir\11_19\-3_Все_о_погоде_16_30_19_11.m2t ]
21:58:23.25 Script take: 0 465 [ movie 00:00:59.20 Z:\Promo\-3_Глава 73 16х9.m2t ]
21:59:22.45 Script take: 0 466 [ movie 00:00:33.88 Z:\OnAir\11_19\-3_города_Зеленец_корр1.m2t ]
21:59:56.35 Script take: 0 467 [ movie 00:00:03.04 Z:\Promo\Слайд СОФФИТ.mpg ]
21:59:59.36 Script take: 0 468 [ movie <00:00:03.20> 00:12:06.52 Z:\OnAir\11_19\-3_Телезащитник 19 11 2019.m2t ]
22:12:06.05 Script skip: 0 469 [ comment 0 Рекламный блок 46 начало - 22:13 ]
22:12:06.05 Script take: 0 470 [ movie 00:00:05.20 Z:\Reklama\ПЕРЕБИВКИ_РЕКЛАМА_СЕНТЯБРЬ_2019\-3_перебивка_реклама_3 _ золото _ 300-700.m2t ]
22:12:11.08 Script take: 0 471 [ movie 00:00:15.16 Z:\Reklama\-3_DINAMIKA_QASHKAI_1119_15S.m2t ]
22:12:26.31 Script take: 0 472 [ movie 00:00:18.16 Z:\OnAir\11_19\-3_ролик соффит.m2t ]
22:12:44.45 Script take: 0 473 [ movie 00:00:09.98 Z:\Reklama\Антитеррор\-3_Bndr_Ролик № 5.    «Вместе против террора» хронометраж 10 сек.mpg ]
22:12:54.45 Script take: 0 474 [ movie 00:00:16.00 Z:\Reklama\АНТИКОРРУПЦИЯ\-3_Bndr_Антикорупционный_диплом 1.avi ]
22:13:10.35 Script take: 0 475 [ movie 00:00:34.84 Z:\Promo\-3_ТГ_ОТРиспр.m2t ]
22:13:45.21 Script skip: 0 476 [ comment 0 Рекламный блок 46 конец ]
22:13:45.21 Script take: 0 477 [ movie 00:00:38.80 Z:\Promo\-3 ПРОМО Неизвестная Италия 20.11.m2t ]
22:14:24.06 Script take: 0 478 [ movie 00:00:28.12 Z:\Promo\-3 ПРОМО Смайлик 21.11.m2t ]
22:14:52.26 Script take: 0 479 [ movie 00:00:08.16 Z:\Promo\-3_Bndr_ЛИЦЕНЗИЯ_2019.m2t ]
22:15:00.31 Script take: 0 480 [ movie <00:00:00.00> 00:17:53.40 Y:\НТС_11_18_24\Раскаявшийся 2 серия.mpg ]
22:32:53.79 Script skip: 0 481 [ comment 0 Рекламный блок 47 начало - 22:32 ]
22:32:53.79 Script take: 0 482 [ movie 00:00:05.20 Z:\Reklama\ПЕРЕБИВКИ_РЕКЛАМА_СЕНТЯБРЬ_2019\-3_перебивка_реклама_3 _ золото _ 300-700.m2t ]
22:32:58.94 Script take: 0 483 [ movie 00:00:05.12 Z:\Reklama\-3_TOYS_санки(Настя).m2t ]
22:33:04.07 Script take: 0 484 [ movie 00:00:20.12 Z:\Reklama\Телекарта _ ОКТЯБРЬ _ 2019\-3_02_Multiroom_0-20_1080p.m2t ]
22:33:24.23 Script take: 0 485 [ movie 00:00:08.20 Z:\Reklama\РГС-Мед_НОЯБРЬ_2019\-3_Bndr_Капельницы_и_уколы.m2t ]
22:33:32.37 Script take: 0 486 [ movie 00:00:15.16 Z:\Reklama\-3_DINAMIKA_DATSUN_11.2019 г.m2t ]
22:33:47.49 Script take: 0 487 [ movie 00:00:23.20 Z:\Reklama\-3 С Легким паром.m2t ]
22:34:10.86 Script take: 0 488 [ movie 00:00:10.12 Z:\Reklama\-3 Оптика Люкс 10 сек_2.m2t ]
22:34:20.85 Script take: 0 489 [ movie 00:00:28.60 Z:\OnAir\11_19\-3_[0]-ТГ_ВАХТА_191119.m2t ]
22:34:49.43 Script skip: 0 490 [ comment 0 Рекламный блок 47 конец ]
22:34:49.43 Script take: 0 491 [ movie 00:00:05.20 Z:\Promo\ПЕРЕБИВКИ_ПРОМО_СЕНТЯБРЬ_2019\-3_перебивка_1_Пули.m2t ]
22:34:54.84 Script skip: 0 492 [ comment 0 & РАСКАЯВШИЙСЯ.avi ]
22:34:54.84 Script take: 0 493 [ movie <00:17:53.68> 00:17:01.20 Y:\НТС_11_18_24\Раскаявшийся 2 серия.mpg ]
22:51:55.84 Script skip: 0 494 [ comment 0 Рекламный блок 48 начало - 22:51 ]
22:51:55.84 Script take: 0 495 [ movie 00:00:05.20 Z:\Reklama\ПЕРЕБИВКИ_РЕКЛАМА_СЕНТЯБРЬ_2019\-3_перебивка_реклама_3 _ золото _ 300-700.m2t ]
22:52:01.01 Script take: 0 496 [ movie 00:00:23.20 Z:\Reklama\-3 С Легким паром.m2t ]
22:52:24.22 Script skip: 0 497 [ comment 0 Рекламный блок 48 конец ]
22:52:24.22 Script take: 0 498 [ movie 00:00:32.20 Z:\Promo\-3 ПРОМО Леди Макбет 22.11.m2t ]
22:52:56.47 Script take: 0 499 [ movie 00:00:32.60 Z:\Promo\-3_ПРОМО Интердевочка 24.11 испр.m2t ]
22:53:29.05 Script take: 0 500 [ movie 00:00:05.20 Z:\Promo\ПЕРЕБИВКИ_ПРОМО_СЕНТЯБРЬ_2019\-3_перебивка_1_Пули.m2t ]
22:53:34.19 Script skip: 0 501 [ comment 0 Рекламный блок 49 начало - 23:10 ]
22:53:34.19 Script skip: 0 502 [ comment 0 Нет рекламы в блоке ]
22:53:34.20 Script skip: 0 503 [ comment 0 Рекламный блок 49 конец ]
22:53:34.21 Script skip: 0 504 [ comment 0 & РАСКАЯВШИЙСЯ.avi ]
22:53:34.22 Script take: 0 505 [ movie <00:34:55.15> 00:34:38.20 Y:\НТС_11_18_24\Раскаявшийся 2 серия.mpg ]
23:28:12.42 Script take: 0 506 [ movie 00:00:38.80 Z:\Promo\-3 ПРОМО Неизвестная Италия 20.11.m2t ]
23:28:51.20 Script take: 0 507 [ movie 00:00:50.32 Z:\Promo\-3 ПРОМО Мне тесно в строю. Александр Розенбаум 23.11.m2t ]
23:29:41.53 Script take: 0 508 [ movie 00:00:05.20 Z:\Promo\ПЕРЕБИВКИ_ПРОМО_СЕНТЯБРЬ_2019\-3_перебивка_3ИСПР _ золото.m2t ]
23:29:46.77 Script skip: 0 509 [ comment 0 Рекламный блок 50 начало - 23:29 ]
23:29:46.77 Script take: 0 510 [ movie 00:00:20.00 Z:\Reklama\АНТИКОРРУПЦИЯ\-3_Bndr_Антикорупционный_права 1.avi ]
23:30:06.75 Script take: 0 511 [ movie 00:00:56.25 Z:\Reklama\АНТИНАРКО\Антинаркотик. Ролик на конкурс.mpg ]
23:31:03.18 Script skip: 0 512 [ comment 0 Рекламный блок 50 конец ]
23:31:03.18 Script take: 0 513 [ movie 00:00:05.20 Z:\Promo\ПЕРЕБИВКИ_ПРОМО_СЕНТЯБРЬ_2019\-3_перебивка_5ИСПР _ капли.m2t ]
23:31:08.16 Script skip: 0 514 [ comment 0 & РАСКАЯВШИЙСЯ.avi ]
23:31:08.16 Script take: 0 515 [ movie <01:09:33.68> 00:32:38.72 Y:\НТС_11_18_24\Раскаявшийся 2 серия.mpg ]
