00:00:23.28 Script skip: 0 470 [ comment 0 Рекламный блок 51 начало - 23:49 ]
00:00:23.28 Script skip: 0 471 [ comment 0 Нет рекламы в блоке ]
00:00:23.31 Script skip: 0 472 [ comment 0 Рекламный блок 51 конец ]
00:00:23.32 Script take: 0 473 [ movie <00:00:00.16> 00:47:57.24 Y:\НТС_12_02_08\криминальный роман 12 серия плачущий ангел шагала ч 2.mpg ]
00:48:20.62 Script skip: 0 474 [ comment 0 Рекламный блок 52 начало - 00:20 ]
00:48:20.62 Script skip: 0 475 [ comment 0 Нет рекламы в блоке ]
00:48:20.63 Script skip: 0 476 [ comment 0 Рекламный блок 52 конец ]
00:48:20.64 Script take: 0 477 [ movie 00:00:56.44 Z:\Promo\-3_ПРОМО Сердцеед _ 07.12 _ в 00,25.m2t ]
00:49:16.73 Script take: 0 478 [ movie 00:00:58.60 Z:\Promo\-3_ПРОМО Гардемарины, вперед _ 07.12 _ в 20,10 .m2t ]
00:50:15.27 Script take: 0 479 [ movie 00:00:48.52 Z:\Promo\-3_ПРОМО Жена смотрителя зоопарка _ 08.12 _ в 19,20.m2t ]
00:51:03.84 Script take: 0 480 [ movie 00:01:00.76 Z:\Promo\-3_ПРОМО Здравствуй, страна героев! (концерт) _ 08.12 _ в 16,00.m2t ]
00:52:04.65 Script skip: 0 481 [ comment 0 Рекламный блок 53 начало - 00:55 ]
00:52:04.65 Script skip: 0 482 [ comment 0 Нет рекламы в блоке ]
00:52:04.67 Script skip: 0 483 [ comment 0 Рекламный блок 53 конец ]
00:52:04.69 Script take: 0 484 [ movie 00:04:08.44 Z:\OnAir\ФУ\-3W Межпрограмка Музыка т0л (Ветер) Пикулев Удмуртия_утверждено.m2t ]
00:56:12.96 Script take: 0 485 [ movie 00:04:20.20 Y:\НТС_история государства российского\00026 история государства российского 26 серия Война с Олегом.mpg ]
01:00:33.25 Script skip: 0 486 [ comment 0 Рекламный блок 54 начало - 01:12 ]
01:00:33.25 Script skip: 0 487 [ comment 0 Нет рекламы в блоке ]
01:00:33.26 Script skip: 0 488 [ comment 0 Рекламный блок 54 конец ]
01:00:33.27 Script take: 0 489 [ movie 00:23:39.04 Y:\НТС_12_02_08\зверская работа 2 10 выпуск.mpg ]
01:24:12.35 Script take: 0 490 [ movie 00:00:05.20 Z:\Promo\ПЕРЕБИВКИ_ПРОМО_СЕНТЯБРЬ_2019\-3_перебивка_3ИСПР _ золото.m2t ]
01:24:17.47 Script take: 0 491 [ movie 00:01:00.76 Z:\Promo\-3_ПРОМО Здравствуй, страна героев! (концерт) _ 08.12 _ в 16,00.m2t ]
01:25:18.31 Script take: 0 492 [ movie 00:00:48.52 Z:\Promo\-3_ПРОМО Жена смотрителя зоопарка _ 08.12 _ в 19,20.m2t ]
01:26:06.69 Script take: 0 493 [ movie 00:00:58.60 Z:\Promo\-3_ПРОМО Гардемарины, вперед _ 07.12 _ в 20,10 .m2t ]
01:27:05.38 Script take: 0 494 [ movie 00:00:56.44 Z:\Promo\-3_ПРОМО Сердцеед _ 07.12 _ в 00,25.m2t ]
01:28:01.74 Script take: 0 495 [ movie 00:00:36.08 Z:\Promo\-3_ПРОМО Тот самый Мюнхгаузен _ 07.12 _ в 16,00 .m2t ]
01:28:37.87 Script take: 0 496 [ movie 00:00:05.20 Z:\Promo\ПЕРЕБИВКИ_ПРОМО_СЕНТЯБРЬ_2019\-3_перебивка_5ИСПР _ капли.m2t ]
01:28:43.39 Script take: 0 497 [ movie 00:04:00.52 Y:\НТС_история государства российского\00027 история государства российского 27 серия Война с Олегом.mpg ]
01:32:43.59 Script take: 0 498 [ movie 00:04:11.08 Z:\OnAir\Мы рядом (12+)\-3 межпрогр_мы рядом_спорт новая жизнь_ИСПРИСПР.m2t ]
01:36:54.63 Script take: 0 499 [ movie 00:01:23.68 Z:\OnAir\Серни басни\-3 Серни басни Ольга Владимировна_апрель 2018.m2t ]
01:38:18.36 Script take: 0 500 [ movie <00:00:00.00> 00:01:23.64 Z:\OnAir\ФУ\-3W ФУ 36 На вкус_утверждено.m2t ]
01:39:41.98 Script take: 0 501 [ movie 00:03:09.60 Z:\OnAir\Серни басни\-3 Серни басни Валерий Михайлович 2.avi ]
01:42:51.62 Script take: 0 502 [ movie 00:14:43.64 Z:\OnAir\12_04\-3 Наши люди Зульфия 30 11 2019.m2t ]
01:57:35.31 Script take: 0 503 [ movie 00:01:00.76 Z:\Promo\-3_ПРОМО Здравствуй, страна героев! (концерт) _ 08.12 _ в 16,00.m2t ]
01:58:35.94 Script take: 0 504 [ movie 00:00:58.60 Z:\Promo\-3_ПРОМО Гардемарины, вперед _ 07.12 _ в 20,10 .m2t ]
01:59:34.58 Script take: 0 505 [ movie 00:00:05.20 Z:\Promo\ПЕРЕБИВКИ_ПРОМО_СЕНТЯБРЬ_2019\-3_перебивка_5ИСПР _ капли.m2t ]
01:59:39.82 Flags take:  logoOn
01:59:39.82 Script take: 0 506 [ pause 0  ]
02:04:31.59 Button Shedule.SaveToFile 0 Z:\PlayList\отработанный от  04.12.2019_91.air
02:05:10.71 Button Shedule.EraseList 0
02:05:10.80 Script wait: 0 0 [ wait operator 0 * * * * * ]
02:05:18.11 FilePage Shedule.InsertFromFile 0 0 Z:\PlayList\AirPlay 05.12.2019_91.air
02:05:19.66 Watchdog timeout 1 sec.  Actual interval 1.17

DebugInfo2: 02:06:08.87 movie 00:00:22.39 Z:\OnAir\ГОРОДА 12+\-3_города_Воркута_корр_блюр.mpg Check change: Duration (00:00:22.39->00:00:22.39)
DebugInfo2: 02:06:18.72 picture 00:00:52.00 E:\Типа проги\ВН Главное 12,30.png Check change: State (None->Error)
DebugInfo2: 02:06:22.96 picture 00:00:50.00 E:\Типа проги\ВН Главное 13,30.png Check change: State (None->Error)
DebugInfo2: 02:06:32.44 movie 00:00:22.39 Z:\OnAir\ГОРОДА 12+\-3_города_Воркута_корр_блюр.mpg Check change: Duration (00:00:22.39->00:00:22.39)
DebugInfo2: 02:06:33.95 picture 00:00:40.00 E:\Типа проги\погода.png Check change: State (None->Error)
DebugInfo2: 02:06:36.74 picture 00:10:20.00 E:\Типа проги\Телезащитник КОМИ.png Check change: State (None->Error)
DebugInfo2: 02:06:41.74 picture 00:02:00.00 E:\Типа проги\погода.png Check change: State (None->Error)
DebugInfo2: 02:06:44.04 picture 00:14:17.00 E:\Типа проги\Наши люди.png Check change: State (None->Error)
DebugInfo2: 02:06:45.42 picture 00:00:50.00 E:\Типа проги\ВН Главное 17,45.png Check change: State (None->Error)
DebugInfo2: 02:06:47.05 picture 00:14:00.00 E:\Типа проги\УХТА.png Check change: State (None->Error)
DebugInfo2: 02:06:51.54 picture 00:00:40.00 E:\Типа проги\погода.png Check change: State (None->Error)
DebugInfo2: 02:06:53.41 picture 00:14:00.00 E:\Типа проги\ВОЧАКЫВ.png Check change: State (None->Error)
DebugInfo2: 02:06:57.53 picture 00:09:00.00 E:\Типа проги\Телезащитник.png Check change: State (None->Error)
DebugInfo2: 02:07:00.99 picture 00:03:00.00 E:\Типа проги\ЗАВТРА ПО МАГАЗИНАМ.png Check change: State (None->Error)
DebugInfo2: 02:07:05.97 picture 00:02:00.00 E:\Типа проги\погода.png Check change: State (None->Error)
DebugInfo2: 02:07:14.99 picture 00:03:00.00 E:\Типа проги\ЗАВТРА ПО МАГАЗИНАМ.png Check change: State (None->Error)
DebugInfo2: 02:07:15.84 movie 00:00:22.39 Z:\OnAir\ГОРОДА 12+\-3_города_Воркута_корр_блюр.mpg Check change: Duration (00:00:22.39->00:00:22.39)
DebugInfo2: 02:07:17.03 picture 00:16:00.00 E:\Типа проги\Время новостей 21,30.png Check change: State (None->Error)
DebugInfo2: 02:07:19.99 picture 00:10:00.00 E:\Типа проги\Время новостей 21,30.png Check change: State (None->Error)
DebugInfo2: 02:07:20.99 picture 00:02:00.00 E:\Типа проги\погода.png Check change: State (None->Error)
DebugInfo2: 02:07:21.85 picture 00:13:00.00 E:\Типа проги\Телезащитник.png Check change: State (None->Error)
DebugInfo2: 02:07:25.47 movie 00:00:56.25 Z:\Reklama\АНТИНАРКО\Антинаркотик. Ролик на конкурс.mpg Check change: Duration (00:00:56.25->00:00:56.25)
DebugInfo2: 02:07:33.01 picture 00:13:00.00 E:\Типа проги\Наши люди.png Check change: State (None->Error)
02:08:21.79 Button Shedule.DeleteItem 0 0
Deleted 0 0 wait operator 0 * * * * *
02:08:21.87 Script wait: 0 0 [ wait operator 0 * * * * * ]
02:08:22.65 Button Shedule.DeleteItem 0 0
Deleted 0 0 wait operator 0 * * * * *
02:08:22.77 Script wait: 0 0 [ wait operator 0  ]
02:08:25.67 ScheduleDblClick Shedule.SetRunPosition 0 3
02:08:25.70 ScheduleDblClick Shedule.SetPause 0
02:08:25.72 Script wait: 0 3 [ wait time 05:59:00.00 [0] active  ]
05:59:00.06 Script skip: 0 3 [ wait time 05:59:00.00 [0] active  ]
05:59:00.06 Flags take:  logoOn
05:59:00.06 Script take: 0 4 [ pause 0  ]
05:59:00.08 Script wait: 0 6 [ wait time 06:00:00.00 [0] active Слот 1___6,00-6,30 = 30 мин    (Рекл=1 мин)=29 мин ]
06:00:00.04 Script skip: 0 6 [ wait time 06:00:00.00 [0] active Слот 1___6,00-6,30 = 30 мин    (Рекл=1 мин)=29 мин ]
06:00:00.04 Flags take:  logoOff
06:00:00.04 Script take: 0 7 [ movie 00:00:08.16 Z:\Promo\-3_Bndr_ЛИЦЕНЗИЯ_2019.m2t ]
06:00:08.15 Script take: 0 8 [ movie 00:13:35.68 Z:\OnAir\12_04\-3 Время новостей УХТА 4-12.m2t ]
06:13:44.06 Script take: 0 9 [ movie 00:00:33.88 Z:\OnAir\ГОРОДА 12+\-3_города_Зеленец_корр1.m2t ]
06:14:18.05 Script take: 0 10 [ movie 00:13:56.88 Z:\OnAir\12_04\-3_Финноугория_эфир_04_12_19.m2t ]
06:28:14.61 Script skip: 0 11 [ comment 0 Рекламный блок 01 начало - 06:25 ]
06:28:14.61 Script take: 0 12 [ movie 00:00:05.20 Z:\Reklama\ПЕРЕБИВКИ_РЕКЛАМА_СЕНТЯБРЬ_2019\-3_перебивка_реклама_3 _ золото _ 300-700.m2t ]
06:28:19.87 Script take: 0 13 [ movie 00:00:15.20 Z:\Reklama\-3 MORI_01.m2t ]
06:28:35.37 Script take: 0 14 [ movie 00:00:15.92 Z:\Reklama\-3_Автосмотр_исправлен.m2t ]
06:28:50.98 Script skip: 0 15 [ comment 0 Рекламный блок 01 конец ]
06:28:50.98 Script take: 0 16 [ movie 00:00:44.20 Z:\Promo\-3_Глава 82 16х9.m2t ]
06:29:35.38 Script take: 0 17 [ movie <00:00:35.40> 00:00:24.88 Z:\Часы\Сlock_18_30 (06_30).m2t ]
06:30:00.02 Script skip: 0 18 [ comment 0 Слот 2___6,30-7,30 = 1 час  (Рекл=6 мин)=54 мин ]
06:30:00.02 Script take: 0 19 [ movie 00:12:56.24 Z:\OnAir\12_05\-3 Талун утро 1 часть 5-12.m2t ]
06:42:56.32 Script skip: 0 20 [ comment 0 Рекламный блок 02 начало - 06:42 ]
06:42:56.32 Script take: 0 21 [ movie 00:00:15.16 Z:\Reklama\-3_ПОДАРОК А+ Full-HD 15 сек - Коми (Будь здоров и Планета здор-я).m2t ]
06:43:11.43 Script skip: 0 22 [ comment 0 Рекламный блок 02 конец ]
06:43:11.43 Script take: 0 23 [ movie 00:10:02.24 Z:\OnAir\12_05\-3 ТАЛУН утро 2 часть 5-12.m2t ]
06:53:13.64 Script skip: 0 24 [ comment 0 Рекламный блок 03 начало - 06:56 ]
06:53:13.64 Script take: 0 25 [ movie 00:00:05.20 Z:\Reklama\ПЕРЕБИВКИ_РЕКЛАМА_СЕНТЯБРЬ_2019\-3_перебивка_реклама_5 _ капли _ 300-700.m2t ]
06:53:18.84 Script take: 0 26 [ movie 00:00:13.20 Z:\Reklama\-3_ТГ_Вахта_Повар.m2t ]
06:53:32.37 Script take: 0 27 [ movie 00:00:05.12 Z:\Reklama\Десятилетие детства\К 10 летию детства\Что Где Когда\-3_Bndr_Что, где, когда_5 сек_16х9.m2t ]
06:53:37.37 Script skip: 0 28 [ comment 0 Рекламный блок 03 конец ]
06:53:37.37 Script take: 0 29 [ movie 00:00:41.36 Z:\OnAir\12_05\-3_Поводдя_йылысь_Утро_5_12.m2t ]
06:54:18.62 Script take: 0 30 [ movie 00:00:59.20 Z:\Promo\-3_Глава 83 16х9.m2t ]
06:55:17.82 Script take: 0 31 [ movie 00:00:48.52 Z:\Promo\-3_ПРОМО Жена смотрителя зоопарка _ 08.12 _ в 19,20.m2t ]
06:56:06.45 Script take: 0 32 [ movie 00:01:00.76 Z:\Promo\-3_ПРОМО Здравствуй, страна героев! (концерт) _ 08.12 _ в 16,00.m2t ]
06:57:07.05 Script take: 0 33 [ movie 00:00:58.60 Z:\Promo\-3_ПРОМО Гардемарины, вперед _ 07.12 _ в 20,10 .m2t ]
06:58:05.63 Script take: 0 34 [ movie 00:00:36.08 Z:\Promo\-3_ПРОМО Тот самый Мюнхгаузен _ 07.12 _ в 16,00 .m2t ]
06:58:41.78 Script take: 0 35 [ movie 00:00:26.32 Z:\OnAir\ГОРОДА 12+\-3_города_Инта_корр.m2t ]
06:59:08.03 Script take: 0 36 [ movie 00:00:12.44 Z:\Promo\ПРИЗЫ ВК\-3 ПризыВК_Эд.m2t ]
06:59:20.56 Script take: 0 37 [ movie 00:18:56.72 Z:\OnAir\12_05\-3_Студия11_05-12-2019_full.m2t ]
07:18:17.16 Script take: 0 38 [ movie 00:09:40.00 Z:\OnAir\12_05\-3_Бестселлер_30.11.2019.m2t ]
07:27:57.25 Script skip: 0 39 [ comment 0 Рекламный блок 04 начало - 07:27 ]
07:27:57.25 Script take: 0 40 [ movie 00:00:05.20 Z:\Reklama\ПЕРЕБИВКИ_РЕКЛАМА_СЕНТЯБРЬ_2019\-3_перебивка_реклама_3 _ золото _ 300-700.m2t ]
07:28:02.37 Script take: 0 41 [ movie 00:00:15.16 Z:\Reklama\-3_Дом книги_15 с.m2t ]
07:28:17.74 Script take: 0 42 [ movie 00:00:05.20 Z:\Reklama\-3_Магия меха_новое поступление Зима.m2t ]
07:28:22.74 Script take: 0 43 [ movie 00:00:18.20 Z:\Reklama\-3_Центр эстетической медицины_18с.m2t ]
07:28:40.98 Script take: 0 44 [ movie 00:00:13.20 Z:\Reklama\-3_ТГ_Вахта_Повар.m2t ]
07:28:54.15 Script skip: 0 45 [ comment 0 Рекламный блок 04 конец ]
07:28:54.15 Script take: 0 46 [ movie 00:00:44.20 Z:\Promo\-3_Глава 82 16х9.m2t ]
07:29:38.75 Script take: 0 47 [ movie <00:00:38.60> 00:00:21.68 Z:\Часы\Сlock_19_30 (07_30).m2t ]
07:29:59.98 Script skip: 0 48 [ comment 0 Слот 3___7,30-14,30 = 7 часов (Рекл=47,30 мин)=6 часов 12,30 мин ]
07:29:59.98 Script take: 0 49 [ movie 00:15:59.60 Z:\OnAir\12_05\-3 ВН утро 1ч  5-12.m2t ]
07:45:59.68 Script skip: 0 50 [ comment 0 Рекламный блок 05 начало - 07:42 ]
07:45:59.68 Script take: 0 51 [ movie 00:00:15.16 Z:\Reklama\-3 КС-Керамик_Уже началась СТРОЙМАТ.m2t ]
07:46:14.85 Script take: 0 52 [ movie 00:00:15.20 Z:\Reklama\-3 MORI_01.m2t ]
07:46:29.95 Script take: 0 53 [ movie 00:00:05.20 Z:\Reklama\-3_Магия меха_ликвидация коллекции.m2t ]
07:46:35.19 Script take: 0 54 [ movie 00:00:15.92 Z:\Reklama\-3_Автосмотр_исправлен.m2t ]
07:46:51.07 Script take: 0 55 [ movie 00:00:13.24 Z:\Reklama\-3_Лидер Морозова 13 сек.m2t ]
07:47:04.31 Script take: 0 56 [ movie 00:00:10.12 Z:\Reklama\-3_Еврочехлы новогодний_1.m2t ]
07:47:14.73 Script take: 0 57 [ movie 00:00:15.16 Z:\Reklama\-3_АЛМАГ+ ЛАМПА (Орбита) Full-HD 15 сек - Коми (Будь здоров и Планета здор-я).m2t ]
07:47:29.70 Script take: 0 58 [ movie 00:00:20.12 Z:\Reklama\Телекарта\-3_Bndr_05_Narodniy_premier-85_16+_0-20_1080p.m2t ]
07:47:49.72 Script skip: 0 59 [ comment 0 Рекламный блок 05 конец ]
07:47:49.72 Script take: 0 60 [ movie 00:11:38.36 Z:\OnAir\12_05\-3 ВН утро 2 часть 5-12.m2t ]
07:59:28.10 Script skip: 0 61 [ comment 0 Рекламный блок 5а начало - 07:55 ]
07:59:28.10 Script take: 0 62 [ movie 00:00:05.20 Z:\Reklama\ПЕРЕБИВКИ_РЕКЛАМА_СЕНТЯБРЬ_2019\-3_перебивка_реклама_5 _ капли _ 300-700.m2t ]
07:59:33.35 Script take: 0 63 [ movie 00:00:05.20 Z:\Reklama\-3_Магия меха_новое поступление Зима.m2t ]
07:59:38.47 Script take: 0 64 [ movie 00:00:13.20 Z:\Reklama\-3_ТГ_Вахта_Повар.m2t ]
07:59:51.96 Script skip: 0 65 [ comment 0 Рекламный блок 5а конец ]
07:59:51.96 Script take: 0 66 [ movie 00:02:14.56 Z:\OnAir\12_05\-3_Все_о_погоде_Утро_5_12_ЮРГАН.m2t ]
08:02:06.25 Script take: 0 67 [ movie 00:00:59.20 Z:\Promo\-3_Глава 83 16х9.m2t ]
08:03:05.48 Script take: 0 68 [ movie 00:18:56.72 Z:\OnAir\12_05\-3_Студия11_05-12-2019_full.m2t ]
08:22:02.19 Script take: 0 69 [ movie 00:09:40.00 Z:\OnAir\12_05\-3_Бестселлер_30.11.2019.m2t ]
08:31:42.36 Script skip: 0 70 [ comment 0 Рекламный блок 06 начало - 08:25 ]
08:31:42.36 Script take: 0 71 [ movie 00:00:05.20 Z:\Reklama\ПЕРЕБИВКИ_РЕКЛАМА_СЕНТЯБРЬ_2019\-3_перебивка_реклама_3 _ золото _ 300-700.m2t ]
08:31:47.35 Script take: 0 72 [ movie 00:00:13.24 Z:\OnAir\12_05\-3 Лидер_СПЕЦОДЕЖДА.m2t ]
08:32:00.59 Script skip: 0 73 [ comment 0 Рекламный блок 06 конец ]
08:32:00.59 Script take: 0 74 [ movie 00:00:30.16 Z:\Reklama\Делаю добро\-3_30sec_fullhd_titles.m2t ]
08:32:30.85 Script take: 0 75 [ movie 00:25:03.12 Z:\OnAir\12_04\-3-Нацпроекты в деталях_04.12.2019 с копирайтом.m2t ]
08:57:33.87 Script skip: 0 76 [ comment 0 Рекламный блок 07 начало - 08:48 ]
08:57:33.87 Script take: 0 77 [ movie 00:00:05.20 Z:\Reklama\ПЕРЕБИВКИ_РЕКЛАМА_СЕНТЯБРЬ_2019\-3_перебивка_реклама_5 _ капли _ 300-700.m2t ]
08:57:39.13 Script take: 0 78 [ movie 00:00:15.92 Z:\Reklama\-3_Автосмотр_исправлен.m2t ]
08:57:55.08 Script take: 0 79 [ movie 00:00:15.16 Z:\Reklama\Делаю добро\-3_DobroRF15_notitles_0_ (1).m2t ]
08:58:10.21 Script skip: 0 80 [ comment 0 Рекламный блок 07 конец ]
08:58:10.21 Script take: 0 81 [ movie 00:00:36.08 Z:\Promo\-3_ПРОМО Тот самый Мюнхгаузен _ 07.12 _ в 16,00 .m2t ]
08:58:46.24 Script take: 0 82 [ movie 00:00:25.88 Z:\Promo\-3 ПРОМО_ТЗ_2019_2_НОВ _ ставим в день эфира.m2t ]
08:59:12.13 Script take: 0 83 [ movie 00:00:56.44 Z:\Promo\-3_ПРОМО Сердцеед _ 07.12 _ в 00,25.m2t ]
09:00:08.61 Script take: 0 84 [ movie <00:00:00.00> 00:22:48.68 Y:\НТС_12_02_08\без обмана 20 выпуск соленое против сладкого.mpg ]
09:22:57.24 Script take: 0 85 [ movie 00:00:08.60 Z:\Promo\ПРИЗЫ ВК\-3_ПризыВК_Аня_1(Эффекты).m2t ]
09:23:05.88 Script skip: 0 86 [ comment 0 Рекламный блок 08 начало - 09:23 ]
09:23:05.88 Script take: 0 87 [ movie 00:00:05.20 Z:\Reklama\ПЕРЕБИВКИ_РЕКЛАМА_СЕНТЯБРЬ_2019\-3_перебивка_реклама_3 _ золото _ 300-700.m2t ]
09:23:11.13 Script take: 0 88 [ movie 00:00:30.16 Z:\Reklama\ЗОЖ 27 июня\-3 12_Utrennik_Master_h264.m2t ]
09:23:41.28 Script skip: 0 89 [ comment 0 Рекламный блок 08 конец ]
09:23:41.28 Script take: 0 90 [ movie 00:01:00.76 Z:\Promo\-3_ПРОМО Здравствуй, страна героев! (концерт) _ 08.12 _ в 16,00.m2t ]
09:24:41.95 Script take: 0 91 [ movie 00:00:58.60 Z:\Promo\-3_ПРОМО Гардемарины, вперед _ 07.12 _ в 20,10 .m2t ]
09:25:40.69 Script take: 0 92 [ movie <00:22:48.92> 00:17:28.08 Y:\НТС_12_02_08\без обмана 20 выпуск соленое против сладкого.mpg ]
09:43:08.86 Script take: 0 93 [ movie 00:00:26.32 Z:\OnAir\ГОРОДА 12+\-3_города_Инта_корр.m2t ]
09:43:34.97 Script take: 0 94 [ movie 00:00:36.08 Z:\Promo\-3_ПРОМО Тот самый Мюнхгаузен _ 07.12 _ в 16,00 .m2t ]
09:44:11.08 Script skip: 0 95 [ comment 0 Рекламный блок 09 начало - 09:39 ]
09:44:11.08 Script skip: 0 96 [ comment 0 Нет рекламы в блоке ]
09:44:11.09 Script skip: 0 97 [ comment 0 Рекламный блок 09 конец ]
09:44:11.10 Script take: 0 98 [ movie <00:00:00.00> 00:05:17.20 Y:\НТС_Мульты\грузовичок лева 56 серия автомойка.mpg ]
09:49:28.22 Script take: 0 99 [ movie <00:00:00.00> 00:06:34.52 Y:\НТС_Мульты\грузовичок лева 57 серия asphalt.mpg ]
09:56:02.88 Script take: 0 100 [ movie <00:00:00.00> 00:04:57.00 Y:\НТС_Мульты\грузовичок лева 58 серия oven.mpg ]
10:00:59.88 Script take: 0 101 [ movie <00:00:00.00> 00:04:27.40 Y:\НТС_Мульты\грузовичок лева 59 серия bumpercars.mpg ]
10:05:27.20 Script take: 0 102 [ movie <00:00:00.00> 00:04:36.48 Y:\НТС_Мульты\грузовичок лева 60 серия Toycar.mpg ]
10:10:03.92 Script take: 0 103 [ movie <00:00:00.00> 00:04:49.80 Y:\НТС_Мульты\грузовичок лева 61 серия trailer.mpg ]
10:13:47.11 FilePage  Shedule.AddItem 0 235 1 0 0 movie 00:10:18.56  Z:\OnAir\12_05\-3_тз от 03.12_коми_титры_04_12_00.m2t
10:13:49.70 Button Shedule.DeleteItem 0 235
Deleted 0 235 picture 00:10:20.00 E:\Типа проги\Телезащитник КОМИ.png
10:13:51.90 Watchdog timeout 1 sec.  Actual interval 1.22

10:14:53.47 Script skip: 0 104 [ comment 0 Рекламный блок 10 начало - 10:15 ]
10:14:53.47 Script skip: 0 105 [ comment 0 Нет рекламы в блоке ]
10:14:53.48 Script skip: 0 106 [ comment 0 Рекламный блок 10 конец ]
10:14:53.49 Script take: 0 107 [ movie <00:00:00.00> 00:19:03.96 Y:\НТС_12_02_08\зверская работа 2 10 выпуск.mpg ]
10:15:02.44 SheduleEdit Shedule.SetItemInOut 0 235 0 618560 (00:00:00.00, 00:10:18.56)
10:17:42.19 FilePage  Shedule.AddItem 0 271 1 0 0 movie 00:14:16.72  Z:\OnAir\12_05\-3 Наши Люди Араз Набиев 05 12 19.m2t
10:17:46.19 Button Shedule.DeleteItem 0 271
Deleted 0 271 picture 00:14:17.00 E:\Типа проги\Наши люди.png
10:18:09.72 Watchdog timeout 1 sec.  Actual interval 1.28

SLTrimEditorAdapter.Create instance() 624
10:20:09.55 SheduleEdit Shedule.SetItemInOut 0 271 0 856720 (00:00:00.00, 00:14:16.72)
10:23:41.36 FilePage  Shedule.AddItem 0 462 1 0 0 movie 00:14:16.72  Z:\OnAir\12_05\-3 Наши Люди Араз Набиев 05 12 19.m2t
10:23:44.83 Button Shedule.DeleteItem 0 464
Deleted 0 464 picture 00:13:00.00 E:\Типа проги\Наши люди.png
10:23:50.36 Button Shedule.DeleteItem 0 464
Deleted 0 464 movie 00:00:56.44 Z:\Promo\-3_ПРОМО Сердцеед _ 07.12 _ в 00,25.m2t
10:23:50.91 Button Shedule.DeleteItem 0 464
Deleted 0 464 movie 00:00:36.08 Z:\Promo\-3_ПРОМО Тот самый Мюнхгаузен _ 07.12 _ в 16,00 .m2t
10:24:47.34 Button Shedule.SaveToFile 0 Z:\PlayList\AirPlay 05.12.2019_91.air
10:33:57.47 Script skip: 0 108 [ comment 0 Рекламный блок 11 начало - 10:35 ]
10:33:57.47 Script take: 0 109 [ movie 00:00:05.20 Z:\Reklama\ПЕРЕБИВКИ_РЕКЛАМА_СЕНТЯБРЬ_2019\-3_перебивка_реклама_5 _ капли _ 300-700.m2t ]
10:34:02.59 Script take: 0 110 [ movie 00:00:20.20 Z:\Reklama\Телекарта\-3_Bndr_04_KUKUSHKA_Zapad_1080p.m2t ]
10:34:22.84 Script skip: 0 111 [ comment 0 Рекламный блок 11 конец ]
10:34:22.84 Script take: 0 112 [ movie 00:00:13.20 Z:\Reklama\АНТИНАРКО\-3_Bndr_Наркотики коми с титрами.m2t ]
10:34:35.99 Script skip: 0 113 [ comment 0 & зверская работа.avi ]
10:34:35.99 Script take: 0 114 [ movie <00:19:04.20> 00:04:34.80 Y:\НТС_12_02_08\зверская работа 2 10 выпуск.mpg ]
10:39:10.80 Script skip: 0 115 [ comment 0 Рекламный блок 12 начало - 10:52 ]
10:39:10.80 Script skip: 0 116 [ comment 0 Нет рекламы в блоке ]
10:39:10.81 Script skip: 0 117 [ comment 0 Рекламный блок 12 конец ]
10:39:10.82 Script take: 0 118 [ movie 00:00:36.08 Z:\Promo\-3_ПРОМО Тот самый Мюнхгаузен _ 07.12 _ в 16,00 .m2t ]
10:39:46.93 Script take: 0 119 [ movie 00:00:56.44 Z:\Promo\-3_ПРОМО Сердцеед _ 07.12 _ в 00,25.m2t ]
10:40:43.30 Script take: 0 120 [ movie 00:00:58.60 Z:\Promo\-3_ПРОМО Гардемарины, вперед _ 07.12 _ в 20,10 .m2t ]
10:41:42.29 Script take: 0 121 [ movie 00:00:48.52 Z:\Promo\-3_ПРОМО Жена смотрителя зоопарка _ 08.12 _ в 19,20.m2t ]
10:42:30.44 Script take: 0 122 [ movie 00:01:00.76 Z:\Promo\-3_ПРОМО Здравствуй, страна героев! (концерт) _ 08.12 _ в 16,00.m2t ]
10:43:31.33 Script take: 0 123 [ movie 00:00:22.39 Z:\OnAir\ГОРОДА 12+\-3_города_Воркута_корр_блюр.mpg ]
10:43:53.69 Script take: 0 124 [ movie 00:05:21.68 Z:\OnAir\Мы рядом (12+)\-3 межпрогр_мы рядом_общество женщин.m2t ]
10:49:15.49 Script take: 0 125 [ movie 00:04:23.32 Y:\НТС_история государства российского\00028 история государства российского 28 серия Съезд князей в Любече.mpg ]
10:53:38.68 Script take: 0 126 [ movie 00:06:30.04 Y:\Писатели России\писатели России 7 выпуск Лихоносов.mpg ]
11:00:08.73 Script skip: 0 127 [ comment 0 Рекламный блок 13 начало - 11:12 ]
11:00:08.73 Script skip: 0 128 [ comment 0 Нет рекламы в блоке ]
11:00:08.74 Script skip: 0 129 [ comment 0 Рекламный блок 13 конец ]
11:00:08.74 Script skip: 0 130 [ comment 0 # Актуальное_ПРОМ_51219.avi ]
11:00:08.75 Script take: 0 131 [ movie <00:00:00.12> 00:32:36.00 Y:\НТС_12_02_08\райские яблочки 1 сезон 1 серия.mpg ]
11:32:44.61 Script skip: 0 132 [ comment 0 Рекламный блок 14 начало - 11:33 ]
11:32:44.61 Script skip: 0 133 [ comment 0 Нет рекламы в блоке ]
11:32:44.61 Script skip: 0 134 [ comment 0 Рекламный блок 14 конец ]
11:32:44.62 Script take: 0 135 [ movie 00:01:00.76 Z:\Promo\-3_ПРОМО Здравствуй, страна героев! (концерт) _ 08.12 _ в 16,00.m2t ]
11:33:45.42 Script take: 0 136 [ movie 00:00:48.52 Z:\Promo\-3_ПРОМО Жена смотрителя зоопарка _ 08.12 _ в 19,20.m2t ]
11:34:33.90 Script take: 0 137 [ movie 00:00:58.60 Z:\Promo\-3_ПРОМО Гардемарины, вперед _ 07.12 _ в 20,10 .m2t ]
11:35:32.53 Script skip: 0 138 [ comment 0 & райские яблочки.avi ]
11:35:32.53 Script take: 0 139 [ movie <00:32:36.40> 00:11:43.64 Y:\НТС_12_02_08\райские яблочки 1 сезон 1 серия.mpg ]
11:44:38.23 FilePage  Shedule.AddItem 0 156 1 0 0 movie 00:05:09.28  Z:\OnAir\12_04\-3_За подарками_04.12.2019.m2t
11:45:03.62 Button Shedule.DeleteItem 0 157
Deleted 0 157 movie 00:05:09.28 Z:\OnAir\12_04\-3_За подарками_04.12.2019.m2t
11:47:16.26 Script take: 0 140 [ movie 00:01:33.64 Z:\OnAir\ФУ\-3_Bndr_ФУ на вкус Ижемская уха_испр.m2t ]
11:48:49.82 Script skip: 0 141 [ comment 0 Рекламный блок 15 начало - 11:55 ]
11:48:49.82 Script skip: 0 142 [ comment 0 Нет рекламы в блоке ]
11:48:49.83 Script skip: 0 143 [ comment 0 Рекламный блок 15 конец ]
11:48:49.84 Script take: 0 144 [ movie 00:00:56.44 Z:\Promo\-3_ПРОМО Сердцеед _ 07.12 _ в 00,25.m2t ]
11:49:46.28 Script take: 0 145 [ movie 00:00:36.08 Z:\Promo\-3_ПРОМО Тот самый Мюнхгаузен _ 07.12 _ в 16,00 .m2t ]
11:50:22.46 Script take: 0 146 [ movie 00:04:02.56 Y:\НТС_история государства российского\00029 история государства российского 29 серия Великое княжение Святополка II (1098-1099).mpg ]
11:52:41.25 Watchdog timeout 1 sec.  Actual interval 1.56

11:52:45.61 Watchdog timeout 1 sec.  Actual interval 1.01

11:53:06.14 SheduleEdit Shedule.SetItemDuration 0 286 810000 (00:13:30.00)
11:54:25.10 Script take: 0 147 [ movie 00:00:58.60 Z:\Promo\-3_ПРОМО Гардемарины, вперед _ 07.12 _ в 20,10 .m2t ]
11:55:23.49 Script take: 0 148 [ movie 00:00:48.52 Z:\Promo\-3_ПРОМО Жена смотрителя зоопарка _ 08.12 _ в 19,20.m2t ]
11:56:12.35 Script take: 0 149 [ movie 00:01:00.76 Z:\Promo\-3_ПРОМО Здравствуй, страна героев! (концерт) _ 08.12 _ в 16,00.m2t ]
11:57:12.83 Script take: 0 150 [ movie 00:02:50.68 Z:\OnAir\Обращение с ТКО\-3_ТКО_Ролик_3.m2t ]
12:00:03.52 Script take: 0 151 [ movie 00:18:56.72 Z:\OnAir\12_05\-3_Студия11_05-12-2019_full.m2t ]
12:00:32.34 FilePage  Shedule.AddItem 0 312 1 0 0 movie 00:13:08.48  Z:\OnAir\12_05\-3 Вочакыв Гарнов 5 12 19.m2t
12:00:36.27 Button Shedule.DeleteItem 0 314
Deleted 0 314 picture 00:14:00.00 E:\Типа проги\ВОЧАКЫВ.png
12:00:46.27 Watchdog timeout 1 sec.  Actual interval 1.4

12:01:02.35 SheduleEdit Shedule.SetItemInOut 0 313 0 788480 (00:00:00.00, 00:13:08.48)
12:02:39.31 FilePage  Shedule.AddItem 0 155 1 0 0 movie 00:01:01.88  Z:\OnAir\12_05\-3_ВН Главное на 12-30 5-12.m2t
12:02:43.20 Button Shedule.DeleteItem 0 157
Deleted 0 157 picture 00:00:52.00 E:\Типа проги\ВН Главное 12,30.png
12:06:32.25 FilePage  Shedule.AddItem 0 175 1 0 0 movie 00:01:01.88  Z:\OnAir\12_05\-3_ВН Главное на 12-30 5-12.m2t
12:06:36.65 Button Shedule.DeleteItem 0 177
Deleted 0 177 picture 00:00:50.00 E:\Типа проги\ВН Главное 13,30.png
12:07:02.59 SheduleEdit Shedule.SetItemInOut 0 176 0 61880 (00:00:00.00, 00:01:01.88)
12:07:16.65 Button Shedule.DeleteItem 0 204
Deleted 0 204 movie 00:00:25.88 Z:\Promo\-3 ПРОМО_ТЗ_2019_2_НОВ _ ставим в день эфира.m2t
12:07:40.34 Button Shedule.SaveToFile 0 Z:\PlayList\AirPlay 05.12.2019_91.air
12:19:00.25 Script take: 0 152 [ movie 00:09:40.00 Z:\OnAir\12_05\-3_Бестселлер_30.11.2019.m2t ]
12:28:40.29 Script skip: 0 153 [ comment 0 Рекламный блок 16 начало - 12:26 ]
12:28:40.29 Script skip: 0 154 [ comment 0 Нет рекламы в блоке ]
12:28:40.31 Script skip: 0 155 [ comment 0 Рекламный блок 16 конец ]
12:28:40.32 Script take: 0 156 [ movie 00:01:01.88 Z:\OnAir\12_05\-3_ВН Главное на 12-30 5-12.m2t ]
12:29:42.30 Script skip: 0 157 [ comment 0 Рекламный блок 17 начало - 12:40 ]
12:29:42.30 Script skip: 0 158 [ comment 0 Нет рекламы в блоке ]
12:29:42.31 Script skip: 0 159 [ comment 0 Рекламный блок 17 конец ]
12:29:42.32 Script take: 0 160 [ movie 00:00:30.16 Z:\Reklama\Делаю добро\-3_30sec_fullhd_spasibo.m2t ]
12:30:12.31 Script skip: 0 161 [ comment 0 # Актуальное_ПРОМ_51219.avi ]
12:30:12.31 Script take: 0 162 [ movie <00:00:00.00> 00:29:35.08 Y:\НТС_12_02_08\Ночные ласточки 3 серия.mpg ]
12:59:47.50 Script skip: 0 163 [ comment 0 Рекламный блок 18 начало - 13:00 ]
12:59:47.50 Script skip: 0 164 [ comment 0 Нет рекламы в блоке ]
12:59:47.52 Script skip: 0 165 [ comment 0 Рекламный блок 18 конец ]
12:59:47.53 Script take: 0 166 [ movie 00:00:15.16 Z:\Reklama\Делаю добро\-3_DobroRF15_titles_0.m2t ]
13:00:02.52 Script take: 0 167 [ movie 00:01:00.76 Z:\Promo\-3_ПРОМО Здравствуй, страна героев! (концерт) _ 08.12 _ в 16,00.m2t ]
13:01:03.50 Script take: 0 168 [ movie 00:00:48.52 Z:\Promo\-3_ПРОМО Жена смотрителя зоопарка _ 08.12 _ в 19,20.m2t ]
13:01:51.73 Script skip: 0 169 [ comment 0 & ночные ласточки.avi ]
13:01:51.73 Script take: 0 170 [ movie <00:29:35.36> 00:17:27.44 Y:\НТС_12_02_08\Ночные ласточки 3 серия.mpg ]
13:19:19.47 Script take: 0 171 [ movie 00:00:36.08 Z:\Promo\-3_ПРОМО Тот самый Мюнхгаузен _ 07.12 _ в 16,00 .m2t ]
13:19:55.47 Script take: 0 172 [ movie 00:00:25.88 Z:\Promo\-3 ПРОМО_ТЗ_2019_2_НОВ _ ставим в день эфира.m2t ]
13:20:21.43 Script take: 0 173 [ movie 00:04:29.08 Y:\НТС_история государства российского\00030 история государства российского 30 серия Великое княжение Святополка II (1099-1113).mpg ]
13:24:50.51 Script take: 0 174 [ movie 00:04:11.08 Z:\OnAir\Мы рядом (12+)\-3 межпрогр_мы рядом_спорт новая жизнь_ИСПРИСПР.m2t ]
13:29:01.54 Script take: 0 175 [ movie 00:00:33.88 Z:\OnAir\ГОРОДА 12+\-3_города_Зеленец_корр1.m2t ]
13:29:35.51 Script take: 0 176 [ movie 00:01:01.88 Z:\OnAir\12_05\-3_ВН Главное на 12-30 5-12.m2t ]
13:30:37.02 Script take: 0 177 [ movie 00:00:20.00 Z:\Reklama\АНТИКОРРУПЦИЯ\-3_Bndr_Антикорупционный_права 1.avi ]
13:30:57.02 Script skip: 0 178 [ comment 0 Рекламный блок 19 начало - 13:29 ]
13:30:57.02 Script skip: 0 179 [ comment 0 Нет рекламы в блоке ]
13:30:57.03 Script skip: 0 180 [ comment 0 Рекламный блок 19 конец ]
13:30:57.04 Script skip: 0 181 [ comment 0 Рекламный блок 20 начало - 13:48 ]
13:30:57.04 Script skip: 0 182 [ comment 0 Нет рекламы в блоке ]
13:30:57.05 Script skip: 0 183 [ comment 0 Рекламный блок 20 конец ]
13:30:57.05 Script skip: 0 184 [ comment 0 # Актуальное_ПРОМ_51219.avi ]
13:30:57.06 Script take: 0 185 [ movie <00:00:00.00> 00:37:13.00 Y:\НТС_12_02_08\наши соседи-2 17 серия.mpg ]
14:00:30.06 FilePage  Shedule.AddItem 0 217 1 0 0 movie 00:01:15.52  Z:\OnAir\12_05\-3_Поводдя_йылысь_14_30_5_12.m2t
14:00:33.63 Button Shedule.DeleteItem 0 219
Deleted 0 219 picture 00:00:40.00 E:\Типа проги\погода.png
14:00:52.60 SheduleEdit Shedule.SetItemDuration 0 209 0 (00:00:00.00)
14:01:19.15 SheduleEdit Shedule.SetItemDuration 0 209 0 (00:00:00.00)
14:02:09.70 SheduleEdit Shedule.SetItemName 0 208 Слот 4___14,30-16,30 = 2 часа  (Рекл=14,30 мин)=1 час 45,30 мин
14:02:42.64 SheduleEdit Shedule.SetItemDuration 0 209 720000 (00:12:00.00)
14:03:24.59 SheduleEdit Shedule.SetItemDuration 0 337 1286000 (00:21:26.00)
14:03:28.04 SheduleEdit Shedule.SetItemName 0 337 Время новостей 19-30
14:03:33.62 SheduleEdit Shedule.SetItemDuration 0 337 1106000 (00:18:26.00)
14:03:38.00 FilePage  Shedule.AddItem 0 333 1 0 0 movie 00:02:59.48  Z:\OnAir\12_05\-3_Завтра-по-магазинам_05-12-2019.m2t
14:03:57.11 Watchdog timeout 1 sec.  Actual interval 1.3

SLTrimEditorAdapter.Create instance() 655
14:03:59.66 SheduleEdit Shedule.SetItemInOut 0 396 0 60280 (00:00:00.00, 00:01:00.28)
14:04:50.07 SheduleEdit Shedule.SetItemInOut 0 396 35760 60280 (00:00:35.76, 00:01:00.28)
14:04:59.89 SheduleEdit Shedule.SetItemInOut 0 396 0 60280 (00:00:00.00, 00:01:00.28)
14:05:27.61 SheduleEdit Shedule.SetItemInOut 0 396 35760 60280 (00:00:35.76, 00:01:00.28)
14:05:44.60 Button Shedule.DeleteItem 0 333
Deleted 0 333 picture 00:03:00.00 E:\Типа проги\ЗАВТРА ПО МАГАЗИНАМ.png
14:05:53.08 SheduleEdit Shedule.SetItemInOut 0 333 0 179480 (00:00:00.00, 00:02:59.48)
14:08:10.04 Script skip: 0 186 [ comment 0 Рекламный блок 21 начало - 14:08 ]
14:08:10.04 Script take: 0 187 [ movie 00:00:05.20 Z:\Reklama\ПЕРЕБИВКИ_РЕКЛАМА_СЕНТЯБРЬ_2019\-3_перебивка_реклама_5 _ капли _ 300-700.m2t ]
14:08:12.02 Button Shedule.SaveToFile 0 Z:\PlayList\AirPlay 05.12.2019_91.air
14:08:15.60 Script take: 0 188 [ movie 00:00:15.16 Z:\Reklama\Десятилетие детства\К 10 летию детства\Супергерои\-3_Bndr_Супергерои_15 сек_16х9.m2t ]
14:08:30.58 Script skip: 0 189 [ comment 0 Рекламный блок 21 конец ]
14:08:30.58 Script take: 0 190 [ movie 00:00:31.16 Z:\Reklama\АНТИНАРКО\-3_ролик_Без-наркотиков испр Аня Зуб.m2t ]
14:09:01.59 Script take: 0 191 [ movie 00:00:36.08 Z:\Promo\-3_ПРОМО Тот самый Мюнхгаузен _ 07.12 _ в 16,00 .m2t ]
14:09:37.68 Script take: 0 192 [ movie 00:00:56.44 Z:\Promo\-3_ПРОМО Сердцеед _ 07.12 _ в 00,25.m2t ]
14:10:34.07 Script take: 0 193 [ movie 00:00:58.60 Z:\Promo\-3_ПРОМО Гардемарины, вперед _ 07.12 _ в 20,10 .m2t ]
14:11:32.73 Script take: 0 194 [ movie <00:37:13.28> 00:06:49.76 Y:\НТС_12_02_08\наши соседи-2 17 серия.mpg ]
14:18:22.54 Script take: 0 195 [ movie 00:00:36.56 Z:\OnAir\ФУ\-3 ФУ общий корень с ведущей Земля.m2t ]
14:18:59.06 Script take: 0 196 [ movie 00:04:19.08 Y:\НТС_история государства российского\00031 история государства российского 31 серия Победа над половцами.mpg ]
14:22:06.57 SheduleEdit Shedule.SetItemDuration 0 209 0 (00:00:00.00)
14:23:18.12 Script skip: 0 197 [ comment 0 Рекламный блок 22 начало - 14:25 ]
14:23:18.12 Script take: 0 198 [ movie 00:00:05.20 Z:\Reklama\ПЕРЕБИВКИ_РЕКЛАМА_СЕНТЯБРЬ_2019\-3_перебивка_реклама_3 _ золото _ 300-700.m2t ]
14:23:23.51 Script take: 0 199 [ movie 00:00:20.20 Z:\Reklama\Телекарта\-3_Bndr_04_KUKUSHKA_Zapad_1080p.m2t ]
14:23:43.46 Script skip: 0 200 [ comment 0 Рекламный блок 22 конец ]
14:23:43.46 Script take: 0 201 [ movie 00:00:56.44 Z:\Promo\-3_ПРОМО Сердцеед _ 07.12 _ в 00,25.m2t ]
14:24:40.00 Script take: 0 202 [ movie 00:00:58.60 Z:\Promo\-3_ПРОМО Гардемарины, вперед _ 07.12 _ в 20,10 .m2t ]
14:25:38.52 Script take: 0 203 [ movie 00:00:48.52 Z:\Promo\-3_ПРОМО Жена смотрителя зоопарка _ 08.12 _ в 19,20.m2t ]
14:26:27.13 Script take: 0 204 [ movie 00:00:22.39 Z:\OnAir\ГОРОДА 12+\-3_города_Воркута_корр_блюр.mpg ]
14:26:49.49 Script take: 0 205 [ movie 00:02:10.04 Z:\OnAir\наставник\-3_Наставник_ГРАДОВ_с 02.12_ЕСТЬ КУРЕНИЕ.m2t ]
14:28:59.46 Script take: 0 206 [ movie 00:00:08.16 Z:\Promo\-3_Bndr_ЛИЦЕНЗИЯ_2019.m2t ]
14:29:07.70 Script take: 0 207 [ movie 00:00:44.20 Z:\Promo\-3_Глава 82 16х9.m2t ]
14:29:51.85 Script skip: 0 208 [ comment 0 Слот 4___14,30-16,30 = 2 часа  (Рекл=14,30 мин)=1 час 45,30 мин ]
14:29:51.85 Script take: 0 209 [ video1 0 Талун 14-30 ]
14:29:51.86 Script stop: 0 211 [ wait operator 0  ]
14:29:51.86 Script wait: 0 211 [ wait operator 0  ]
14:29:57.52 ScheduleDblClick Shedule.SetRunPosition 0 211
14:38:43.95 FilePage  Shedule.AddItem 0 219 1 0 0 movie 00:00:36.08  Z:\Promo\-3_ПРОМО Тот самый Мюнхгаузен _ 07.12 _ в 16,00 .m2t
14:38:45.58 FilePage  Shedule.AddItem 0 220 1 0 0 movie 00:00:58.60  Z:\Promo\-3_ПРОМО Гардемарины, вперед _ 07.12 _ в 20,10 .m2t
14:38:46.87 FilePage  Shedule.AddItem 0 221 1 0 0 movie 00:00:56.44  Z:\Promo\-3_ПРОМО Сердцеед _ 07.12 _ в 00,25.m2t
14:39:44.62 Button Shedule.DeleteItem 0 222
Deleted 0 222 movie 00:00:56.44 Z:\Promo\-3_ПРОМО Сердцеед _ 07.12 _ в 00,25.m2t
14:40:25.02 FilePage  Shedule.AddItem 0 307 1 0 0 movie 00:01:15.52  Z:\OnAir\12_05\-3_Поводдя_йылысь_14_30_5_12.m2t
14:40:30.73 Button Shedule.DeleteItem 0 309
Deleted 0 309 picture 00:00:40.00 E:\Типа проги\погода.png
14:41:38.48 Hotkey Shedule.Start
Skip: 0 211 [ wait operator 0  ]
14:41:38.68 Script skip: 0 212 [ comment 0 Рекламный блок 2v начало - 14:37 ]
14:41:38.68 Script skip: 0 213 [ comment 0 Нет рекламы в блоке ]
14:41:38.69 Script skip: 0 214 [ comment 0 Рекламный блок 2v конец ]
14:41:38.69 Script skip: 0 215 [ comment 0 Рекламный блок 23 начало - 14:43 ]
14:41:38.70 Script skip: 0 216 [ comment 0 Нет рекламы в блоке ]
14:41:38.70 Script skip: 0 217 [ comment 0 Рекламный блок 23 конец ]
14:41:38.71 Script take: 0 218 [ movie 00:01:15.52 Z:\OnAir\12_05\-3_Поводдя_йылысь_14_30_5_12.m2t ]
14:42:01.79 FilePage  Shedule.AddItem 0 219 1 0 0 movie 00:00:25.88  Z:\Promo\-3 ПРОМО_ТЗ_2019_2_НОВ _ ставим в день эфира.m2t
14:42:04.50 Button Shedule.DeleteItem 0 221
Deleted 0 221 movie 00:00:36.08 Z:\Promo\-3_ПРОМО Тот самый Мюнхгаузен _ 07.12 _ в 16,00 .m2t
14:42:27.44 SheduleEdit Shedule.SetItemDuration 0 209 700000 (00:11:40.00)
14:42:41.95 Button Shedule.DeleteItem 0 229
Deleted 0 229 movie 00:01:00.76 Z:\Promo\-3_ПРОМО Здравствуй, страна героев! (концерт) _ 08.12 _ в 16,00.m2t
14:42:44.86 FilePage  Shedule.AddItem 0 230 1 0 0 movie 00:01:00.76  Z:\Promo\-3_ПРОМО Здравствуй, страна героев! (концерт) _ 08.12 _ в 16,00.m2t
14:42:54.55 Script take: 0 219 [ movie 00:00:59.20 Z:\Promo\-3_Глава 83 16х9.m2t ]
14:42:56.48 FilePage  Shedule.AddItem 0 242 1 0 0 movie 00:00:05.20  Z:\Promo\ПЕРЕБИВКИ_ПРОМО_СЕНТЯБРЬ_2019\-3_перебивка_5ИСПР _ капли.m2t
14:43:18.47 FilePage  Shedule.AddItem 0 237 1 0 0 movie 00:00:48.52  Z:\Promo\-3_ПРОМО Жена смотрителя зоопарка _ 08.12 _ в 19,20.m2t
14:43:23.48 Button Shedule.DeleteItem 0 245
Deleted 0 245 movie 00:00:48.52 Z:\Promo\-3_ПРОМО Жена смотрителя зоопарка _ 08.12 _ в 19,20.m2t
14:43:40.89 SheduleEdit Shedule.SetItemInOut 0 236 0 618560 (00:00:00.00, 00:10:18.56)
14:43:53.48 Script take: 0 220 [ movie 00:00:25.88 Z:\Promo\-3 ПРОМО_ТЗ_2019_2_НОВ _ ставим в день эфира.m2t ]
14:44:19.46 Script take: 0 221 [ movie 00:00:58.60 Z:\Promo\-3_ПРОМО Гардемарины, вперед _ 07.12 _ в 20,10 .m2t ]
14:45:17.86 Script take: 0 222 [ movie 01:27:00.20 Z:\OnAir\12_05\-3_Я ВОЛОНТЕР. Истории неравнодушных. Режиссёрская версия.m2t ]
15:11:50.79 FilePage  Shedule.AddItem 0 393 1 0 0 movie 00:02:59.48  Z:\OnAir\12_05\-3_Завтра-по-магазинам_05-12-2019.m2t
15:11:53.81 Button Shedule.DeleteItem 0 395
Deleted 0 395 picture 00:03:00.00 E:\Типа проги\ЗАВТРА ПО МАГАЗИНАМ.png
15:11:57.65 Watchdog timeout 1 sec.  Actual interval 1.37

15:12:02.27 SheduleEdit Shedule.SetItemInOut 0 394 0 179480 (00:00:00.00, 00:02:59.48)
16:09:51.66 Watchdog timeout 1 sec.  Actual interval 1.09

16:09:59.46 FilePage  Shedule.AddItem 0 261 1 0 0 movie 00:01:59.60  Z:\OnAir\12_05\-3_Все_о_погоде_16_30_5_12_ЮРГАН.m2t
16:10:02.44 Button Shedule.DeleteItem 0 263
Deleted 0 263 picture 00:02:00.00 E:\Типа проги\погода.png
16:10:33.72 FilePage  Shedule.AddItem 0 358 1 0 0 movie 00:01:59.60  Z:\OnAir\12_05\-3_Все_о_погоде_16_30_5_12_ЮРГАН.m2t
16:10:36.50 Button Shedule.DeleteItem 0 360
Deleted 0 360 picture 00:02:00.00 E:\Типа проги\погода.png
16:10:40.79 Watchdog timeout 1 sec.  Actual interval 1.03

16:10:42.64 Watchdog timeout 1 sec.  Actual interval 1.01

16:10:47.76 FilePage  Shedule.AddItem 0 411 1 0 0 movie 00:01:59.60  Z:\OnAir\12_05\-3_Все_о_погоде_16_30_5_12_ЮРГАН.m2t
16:10:51.48 Button Shedule.DeleteItem 0 413
Deleted 0 413 picture 00:02:00.00 E:\Типа проги\погода.png
16:10:55.79 Watchdog timeout 1 sec.  Actual interval 1.01

16:12:18.37 Script skip: 0 223 [ comment 0 Рекламный блок 24 начало - 15:10 ]
16:12:18.37 Script skip: 0 224 [ comment 0 Нет рекламы в блоке ]
16:12:18.39 Script skip: 0 225 [ comment 0 Рекламный блок 24 конец ]
16:12:18.40 Script skip: 0 226 [ comment 0 Рекламный блок 25 начало - 15:30 ]
16:12:18.41 Script skip: 0 227 [ comment 0 Нет рекламы в блоке ]
16:12:18.42 Script skip: 0 228 [ comment 0 Рекламный блок 25 конец ]
16:12:18.43 Script take: 0 229 [ movie 00:00:58.60 Z:\Promo\-3_ПРОМО Гардемарины, вперед _ 07.12 _ в 20,10 .m2t ]
16:13:16.75 Script take: 0 230 [ movie 00:00:56.44 Z:\Promo\-3_ПРОМО Сердцеед _ 07.12 _ в 00,25.m2t ]
16:14:13.33 Script take: 0 231 [ movie 00:01:00.76 Z:\Promo\-3_ПРОМО Здравствуй, страна героев! (концерт) _ 08.12 _ в 16,00.m2t ]
16:15:13.95 Script skip: 0 232 [ comment 0 Рекламный блок 26 начало - 16:12 ]
16:15:13.95 Script skip: 0 233 [ comment 0 Нет рекламы в блоке ]
16:15:13.95 Script skip: 0 234 [ comment 0 Рекламный блок 26 конец ]
16:15:13.96 Script skip: 0 235 [ comment 0 @ время новостей.avi ]
16:15:13.97 Script take: 0 236 [ movie 00:10:18.56 Z:\OnAir\12_05\-3_тз от 03.12_коми_титры_04_12_00.m2t ]
16:22:08.24 Watchdog timeout 1 sec.  Actual interval 1.29

16:22:19.72 SheduleEdit Shedule.SetItemInOut 0 236 0 618560 (00:00:00.00, 00:10:18.56)
16:25:32.46 Script take: 0 237 [ movie 00:00:12.44 Z:\Promo\ПРИЗЫ ВК\-3 ПризыВК_Эд.m2t ]
16:25:42.46 SheduleEdit Shedule.SetItemDuration 0 250 0 (00:00:00.00)
16:25:44.46 SheduleEdit Shedule.SetItemDuration 0 256 0 (00:00:00.00)
16:25:44.85 Script take: 0 238 [ movie 00:00:48.52 Z:\Promo\-3_ПРОМО Жена смотрителя зоопарка _ 08.12 _ в 19,20.m2t ]
16:26:33.47 Script skip: 0 239 [ comment 0 Рекламный блок 27 начало - 16:25 ]
16:26:33.47 Script take: 0 240 [ movie 00:00:05.20 Z:\Reklama\ПЕРЕБИВКИ_РЕКЛАМА_СЕНТЯБРЬ_2019\-3_перебивка_реклама_5 _ капли _ 300-700.m2t ]
16:26:38.59 Script take: 0 241 [ movie 00:00:15.16 Z:\Reklama\-3 КС-Керамик_Уже началась СТРОЙМАТ.m2t ]
16:26:53.75 Script skip: 0 242 [ comment 0 Рекламный блок 27 конец ]
16:26:53.75 Script take: 0 243 [ movie 00:00:15.00 Z:\Reklama\Антитеррор\-3_Bndr_Ролик № 9.   «Бдительность» хронометраж 15 сек.avi ]
16:27:08.90 Script take: 0 244 [ movie 00:00:05.20 Z:\Promo\ПЕРЕБИВКИ_ПРОМО_СЕНТЯБРЬ_2019\-3_перебивка_5ИСПР _ капли.m2t ]
16:27:14.44 Script take: 0 245 [ movie 00:00:58.60 Z:\Promo\-3_ПРОМО Гардемарины, вперед _ 07.12 _ в 20,10 .m2t ]
16:28:12.53 Script take: 0 246 [ movie 00:00:26.32 Z:\OnAir\ГОРОДА 12+\-3_города_Инта_корр.m2t ]
16:28:38.94 Script take: 0 247 [ movie 00:00:08.16 Z:\Promo\-3_Bndr_ЛИЦЕНЗИЯ_2019.m2t ]
16:28:47.44 Script take: 0 248 [ movie 00:00:44.20 Z:\Promo\-3_Глава 82 16х9.m2t ]
16:29:31.44 Script skip: 0 249 [ comment 0 Слот 5___16,30-18,30 = 2 часа  (Рекл=18,30 мин)=1 час 41,30 мин ]
16:29:31.44 Script take: 0 250 [ video1 0 Время новостей 16-30 ]
16:29:31.45 Script stop: 0 252 [ wait operator 0  ]
16:29:31.45 Script wait: 0 252 [ wait operator 0  ]
16:29:45.45 ScheduleDblClick Shedule.SetRunPosition 0 258
16:29:45.51 Script wait: 0 258 [ wait operator 0  ]
16:29:55.22 Watchdog timeout 1 sec.  Actual interval 1.26

16:30:20.66 SheduleEdit Shedule.SetItemInOut 0 264 0 1662040 (00:00:00.00, 00:27:42.04)
16:30:32.01 Watchdog timeout 1 sec.  Actual interval 1.03

16:30:37.97 SheduleEdit Shedule.SetItemInOut 0 264 0 1662040 (00:00:00.00, 00:27:42.04)
16:43:24.38 SheduleEdit Shedule.SetItemInOut 0 273 0 856720 (00:00:00.00, 00:14:16.72)
16:48:35.49 FilePage  Shedule.AddItem 0 269 1 0 0 movie 00:00:05.20  Z:\Promo\ПЕРЕБИВКИ_ПРОМО_СЕНТЯБРЬ_2019\-3_перебивка_3ИСПР _ золото.m2t
16:50:29.79 FilePage  Shedule.AddItem 0 288 1 0 0 movie 00:13:20.16  Z:\OnAir\12_05\-3 Время новостей УХТА 5-12.m2t
16:50:32.88 Button Shedule.DeleteItem 0 290
Deleted 0 290 picture 00:13:30.00 E:\Типа проги\УХТА.png
16:53:03.31 FilePage  Shedule.AddItem 0 279 1 0 0 movie 00:01:01.88  Z:\OnAir\12_05\-3_ВН Главное на 12-30 5-12.m2t
16:53:06.32 Button Shedule.DeleteItem 0 279
Deleted 0 279 picture 00:00:50.00 E:\Типа проги\ВН Главное 17,45.png
16:53:39.70 Button Shedule.DeleteItem 0 285
Deleted 0 285 movie 00:00:36.08 Z:\Promo\-3_ПРОМО Тот самый Мюнхгаузен _ 07.12 _ в 16,00 .m2t
16:57:28.46 FilePage  Shedule.AddItem 0 287 1 0 0 movie 00:00:33.68  Z:\OnAir\ГОРОДА 12+\-3_Визинга кинотеатр испр.m2t
16:57:30.85 Watchdog timeout 1 sec.  Actual interval 1.03

16:57:46.65 SheduleEdit Shedule.SetItemInOut 0 288 0 33680 (00:00:00.00, 00:00:33.68)
16:58:24.30 Hotkey Shedule.Start
Skip: 0 258 [ wait operator 0  ]
16:58:24.47 Script skip: 0 259 [ comment 0 Рекламный блок 28 начало - 16:48 ]
16:58:24.47 Script skip: 0 260 [ comment 0 Нет рекламы в блоке ]
16:58:24.48 Script skip: 0 261 [ comment 0 Рекламный блок 28 конец ]
16:58:24.48 Script take: 0 262 [ movie 00:01:59.60 Z:\OnAir\12_05\-3_Все_о_погоде_16_30_5_12_ЮРГАН.m2t ]
16:58:52.73 SheduleEdit Shedule.SetItemDuration 0 250 1120000 (00:18:40.00)
16:58:57.29 SheduleEdit Shedule.SetItemDuration 0 256 600000 (00:10:00.00)
17:00:24.26 Script take: 0 263 [ movie 00:00:59.20 Z:\Promo\-3_Глава 83 16х9.m2t ]
17:00:52.79 Watchdog timeout 1 sec.  Actual interval 1.05

17:01:08.69 SheduleEdit Shedule.SetItemInOut 0 284 0 580000 (00:00:00.00, 00:09:40.00)
17:01:23.29 Script take: 0 264 [ movie 00:27:42.04 Z:\OnAir\12_05\-3_Детали Откровенное_Галина Дубровская_эфир _18_11_2019.m2t ]
17:01:23.46 SheduleEdit Shedule.SetItemInOut 0 288 0 33680 (00:00:00.00, 00:00:33.68)
17:01:33.21 Button Shedule.SaveToFile 0 Z:\PlayList\AirPlay 05.12.2019_91.air
17:10:32.46 Watchdog timeout 1 sec.  Actual interval 1.09

17:10:40.44 FilePage  Shedule.AddItem 0 327 1 0 0 movie 00:08:52.72  Z:\OnAir\12_05\-3_Телезащитник 05,12.m2t
17:10:44.09 Button Shedule.DeleteItem 0 329
Deleted 0 329 picture 00:09:00.00 E:\Типа проги\Телезащитник.png
17:10:46.88 Watchdog timeout 1 sec.  Actual interval 1.28

17:11:02.06 SheduleEdit Shedule.SetItemInOut 0 328 0 532720 (00:00:00.00, 00:08:52.72)
17:12:43.27 SheduleEdit Shedule.SetItemDuration 0 297 900000 (00:15:00.00)
17:13:43.12 Button Shedule.DeleteItem 0 313
Deleted 0 313 movie 00:00:56.44 Z:\Promo\-3_ПРОМО Сердцеед _ 07.12 _ в 00,25.m2t
17:27:27.44 FilePage  Shedule.AddItem 0 413 1 0 0 movie 00:08:52.72  Z:\OnAir\12_05\-3_Телезащитник 05,12.m2t
17:27:31.15 Button Shedule.DeleteItem 0 415
Deleted 0 415 picture 00:13:00.00 E:\Типа проги\Телезащитник.png
17:27:33.86 Watchdog timeout 1 sec.  Actual interval 1.25

17:27:39.11 SheduleEdit Shedule.SetItemInOut 0 414 0 532720 (00:00:00.00, 00:08:52.72)
17:29:05.31 Script skip: 0 265 [ comment 0 Рекламный блок 29 начало - 17:00 ]
17:29:05.31 Script take: 0 266 [ movie 00:00:05.20 Z:\Reklama\ПЕРЕБИВКИ_РЕКЛАМА_СЕНТЯБРЬ_2019\-3_перебивка_реклама_3 _ золото _ 300-700.m2t ]
17:29:10.63 Script take: 0 267 [ movie 00:00:30.16 Z:\Reklama\ЗОЖ 27 июня\-3 11_Insagram_Master_h264.m2t ]
17:29:41.11 Script skip: 0 268 [ comment 0 Рекламный блок 29 конец ]
17:29:41.11 Script take: 0 269 [ movie 00:00:16.00 Z:\Reklama\АНТИКОРРУПЦИЯ\-3_Bndr_Антикорупционный_диплом 1.avi ]
17:29:57.14 Script take: 0 270 [ movie 00:00:05.20 Z:\Promo\ПЕРЕБИВКИ_ПРОМО_СЕНТЯБРЬ_2019\-3_перебивка_3ИСПР _ золото.m2t ]
17:30:02.15 Script skip: 0 271 [ comment 0 Рекламный блок 30 начало - 17:18 ]
17:30:02.15 Script skip: 0 272 [ comment 0 Нет рекламы в блоке ]
17:30:02.19 Script skip: 0 273 [ comment 0 Рекламный блок 30 конец ]
17:30:02.20 Script take: 0 274 [ movie 00:14:16.72 Z:\OnAir\12_05\-3 Наши Люди Араз Набиев 05 12 19.m2t ]
17:30:31.63 SheduleEdit Shedule.SetItemInOut 0 274 0 856720 (00:00:00.00, 00:14:16.72)
17:44:18.70 Script skip: 0 275 [ comment 0 Рекламный блок 31 начало - 17:36 ]
17:44:18.70 Script take: 0 276 [ movie 00:00:05.20 Z:\Reklama\ПЕРЕБИВКИ_РЕКЛАМА_СЕНТЯБРЬ_2019\-3_перебивка_реклама_5 _ капли _ 300-700.m2t ]
17:44:23.78 Script take: 0 277 [ movie 00:00:20.12 Z:\Reklama\Телекарта\-3 02_Multiroom_0-20_1080p.m2t ]
17:44:44.27 Script skip: 0 278 [ comment 0 Рекламный блок 31 конец ]
17:44:44.27 Script take: 0 279 [ movie 00:01:01.88 Z:\OnAir\12_05\-3_ВН Главное на 12-30 5-12.m2t ]
17:45:45.82 Script take: 0 280 [ movie 00:18:56.72 Z:\OnAir\12_05\-3_Студия11_05-12-2019_full.m2t ]
17:54:15.30 Button Shedule.DeleteItem 0 288
Deleted 0 288 movie 00:00:33.68 Z:\OnAir\ГОРОДА 12+\-3_Визинга кинотеатр испр.m2t
17:54:22.32 FilePage  Shedule.AddItem 0 287 1 0 0 movie 00:00:43.12  Z:\Promo\-3_Анонс Детали Недели 6-12 .m2t
17:54:25.04 Watchdog timeout 1 sec.  Actual interval 1.23

17:54:57.42 SheduleEdit Shedule.SetItemInOut 0 288 0 43120 (00:00:00.00, 00:00:43.12)
17:55:12.33 Button Shedule.DeleteItem 0 312
Deleted 0 312 movie 00:00:36.08 Z:\Promo\-3_ПРОМО Тот самый Мюнхгаузен _ 07.12 _ в 16,00 .m2t
17:55:12.84 Button Shedule.DeleteItem 0 312
Deleted 0 312 movie 00:00:25.88 Z:\Promo\-3 ПРОМО_ТЗ_2019_2_НОВ _ ставим в день эфира.m2t
17:55:15.48 FilePage  Shedule.AddItem 0 311 1 0 0 movie 00:00:43.12  Z:\Promo\-3_Анонс Детали Недели 6-12 .m2t
17:55:22.33 Button Shedule.SaveToFile 0 Z:\PlayList\AirPlay 05.12.2019_91.air
18:00:51.34 Watchdog timeout 1 sec.  Actual interval 1.03

18:00:55.53 FilePage  Shedule.AddItem 0 349 1 0 0 movie 00:10:39.32  Z:\OnAir\12_05\-3 ВН вечер 2 часть 5-12.m2t
18:00:58.32 Button Shedule.DeleteItem 0 351
Deleted 0 351 video1 00:10:00.00 Время новостей 19-30
18:01:00.32 Button Shedule.DeleteItem 0 352
Deleted 0 352 wait operator 0 
18:04:42.54 Script skip: 0 281 [ comment 0 Рекламный блок 32 начало - 17:52 ]
18:04:42.54 Script skip: 0 282 [ comment 0 Нет рекламы в блоке ]
18:04:42.54 Script skip: 0 283 [ comment 0 Рекламный блок 32 конец ]
18:04:42.55 Script take: 0 284 [ movie 00:09:40.00 Z:\OnAir\12_05\-3_Бестселлер_30.11.2019.m2t ]
18:14:22.53 Script skip: 0 285 [ comment 0 Рекламный блок 33 начало - 18:08 ]
18:14:22.53 Script skip: 0 286 [ comment 0 Нет рекламы в блоке ]
18:14:22.54 Script skip: 0 287 [ comment 0 Рекламный блок 33 конец ]
18:14:22.55 Script take: 0 288 [ movie 00:00:43.12 Z:\Promo\-3_Анонс Детали Недели 6-12 .m2t ]
18:15:05.69 Script take: 0 289 [ movie 00:13:20.16 Z:\OnAir\12_05\-3 Время новостей УХТА 5-12.m2t ]
18:15:26.76 FilePage  Shedule.AddItem 0 295 1 0 0 movie 00:01:00.28  Z:\Часы\Сlock_18_30 (06_30).m2t
18:15:30.04 Watchdog timeout 1 sec.  Actual interval 1.4

SLTrimEditorAdapter.Create instance() 734
18:15:36.62 SheduleEdit Shedule.SetItemInOut 0 296 36480 60280 (00:00:36.48, 00:01:00.28)
18:15:41.17 Watchdog timeout 1 sec.  Actual interval 1.12

18:16:37.09 Watchdog timeout 1 sec.  Actual interval 1.2

18:16:39.62 SheduleEdit Shedule.SetItemInOut 0 296 0 60280 (00:00:00.00, 00:01:00.28)
18:16:49.75 SheduleEdit Shedule.SetItemInOut 0 296 36840 60280 (00:00:36.84, 00:01:00.28)
18:16:53.55 Watchdog timeout 1 sec.  Actual interval 1.59

18:17:02.45 FilePage  Shedule.AddItem 0 297 1 0 0 movie 00:11:47.08  Z:\OnAir\12_05\-3 ТАЛУН 18-30 1 часть 5-12.m2t
18:17:05.45 Button Shedule.DeleteItem 0 299
Deleted 0 299 video1 00:15:00.00 Талун 18-30
18:17:07.54 Button Shedule.DeleteItem 0 300
Deleted 0 300 wait operator 0 
18:18:31.85 FilePage  Shedule.AddItem 0 336 1 0 0 movie 00:01:00.28  Z:\Часы\Сlock_19_30 (07_30).m2t
18:18:36.76 FilePage  Shedule.AddItem 0 338 1 0 0 movie 00:18:52.48  Z:\OnAir\12_05\-3 ВН вечер и ночь 1ч 5-12.m2t
18:18:39.44 Button Shedule.DeleteItem 0 340
Deleted 0 340 video1 00:18:26.00 Время новостей 19-30
18:18:41.81 Button Shedule.DeleteItem 0 341
Deleted 0 341 wait operator 0 
18:18:49.42 FilePage  Shedule.AddItem 0 394 1 0 0 movie 00:18:52.48  Z:\OnAir\12_05\-3 ВН вечер и ночь 1ч 5-12.m2t
18:18:51.69 Button Shedule.DeleteItem 0 396
Deleted 0 396 picture 00:16:00.00 E:\Типа проги\Время новостей 21,30.png
18:20:01.47 FilePage  Shedule.AddItem 0 301 1 0 0 movie 0  Z:\OnAir\12_05\-3 ТАЛУН 18-30 2-1 часть 5-12.m2t
DebugInfo2: 18:20:01.90 movie 0 Z:\OnAir\12_05\-3 ТАЛУН 18-30 2-1 часть 5-12.m2t Check change: State (None->Error)
DebugInfo2: 18:20:09.39 movie 00:06:20.28 Z:\OnAir\12_05\-3 ТАЛУН 18-30 2-1 часть 5-12.m2t Check change: State (Error->None) Duration (00:00:00.00->00:06:20.28)
18:28:25.88 Script skip: 0 290 [ comment 0 Рекламный блок 34 начало - 18:25 ]
18:28:25.88 Script take: 0 291 [ movie 00:00:05.20 Z:\Reklama\ПЕРЕБИВКИ_РЕКЛАМА_СЕНТЯБРЬ_2019\-3_перебивка_реклама_3 _ золото _ 300-700.m2t ]
18:28:31.06 Script take: 0 292 [ movie 00:00:13.20 Z:\Reklama\-3_ТГ_Вахта_Повар.m2t ]
18:28:37.83 FilePage  Shedule.AddItem 0 302 1 0 0 movie 0  Z:\OnAir\12_05\-3 ТАЛУН 18-30 2-2 часть 5-12.m2t
DebugInfo2: 18:28:38.25 movie 0 Z:\OnAir\12_05\-3 ТАЛУН 18-30 2-2 часть 5-12.m2t Check change: State (None->Error)
18:28:44.29 Script skip: 0 293 [ comment 0 Рекламный блок 34 конец ]
18:28:44.29 Script take: 0 294 [ movie 00:00:08.16 Z:\Promo\-3_Bndr_ЛИЦЕНЗИЯ_2019.m2t ]
18:28:52.74 Script take: 0 295 [ movie 00:00:44.20 Z:\Promo\-3_Глава 82 16х9.m2t ]
18:28:58.64 Watchdog timeout 1 sec.  Actual interval 1.45

18:29:03.92 SheduleEdit Shedule.SetItemInOut 0 302 0 380280 (00:00:00.00, 00:06:20.28)
18:29:07.21 Button Shedule.DeleteItem 0 304
Deleted 0 304 video1 00:10:00.00 Талун 18-30
18:29:10.05 Button Shedule.DeleteItem 0 305
Deleted 0 305 wait operator 0 
DebugInfo2: 18:29:17.75 movie 00:09:03.04 Z:\OnAir\12_05\-3 ТАЛУН 18-30 2-2 часть 5-12.m2t Check change: State (Error->None) Duration (00:00:00.00->00:09:03.04)
18:29:23.33 Watchdog timeout 1 sec.  Actual interval 1.01

18:29:35.91 SheduleEdit Shedule.SetItemInOut 0 303 0 543040 (00:00:00.00, 00:09:03.04)
18:29:36.83 Script take: 0 296 [ movie <00:00:36.84> 00:00:23.44 Z:\Часы\Сlock_18_30 (06_30).m2t ]
18:29:47.93 Button Shedule.SaveToFile 0 Z:\PlayList\AirPlay 05.12.2019_91.air
18:30:00.04 Script skip: 0 297 [ comment 0 Слот 6___18,30-19,30 = 1 час (Рекл=10 мин)=50 мин ]
18:30:00.04 Script take: 0 298 [ movie 00:11:47.08 Z:\OnAir\12_05\-3 ТАЛУН 18-30 1 часть 5-12.m2t ]
18:34:07.54 Watchdog timeout 1 sec.  Actual interval 1.34

18:34:12.03 SheduleEdit Shedule.SetItemInOut 0 306 0 28880 (00:00:00.00, 00:00:28.88)
18:35:18.30 Watchdog timeout 1 sec.  Actual interval 1.05

18:35:26.89 SheduleEdit Shedule.SetItemInOut 0 336 50960 60280 (00:00:50.96, 00:01:00.28)
18:35:43.25 FilePage  Shedule.AddItem 0 400 1 0 0 movie 00:10:47.00  Z:\OnAir\12_05\-3 ВН ночь 2 часть 5-12.m2t
18:35:46.29 Button Shedule.DeleteItem 0 402
Deleted 0 402 picture 00:10:00.00 E:\Типа проги\Время новостей 21,30.png
18:41:47.07 Script skip: 0 299 [ comment 0 Рекламный блок 35 начало - 18:45 ]
18:41:47.07 Script take: 0 300 [ movie 00:00:05.20 Z:\Reklama\-3_Магия меха_ликвидация коллекции.m2t ]
18:41:52.32 Script skip: 0 301 [ comment 0 Рекламный блок 35 конец ]
18:41:52.32 Script take: 0 302 [ movie 00:06:20.28 Z:\OnAir\12_05\-3 ТАЛУН 18-30 2-1 часть 5-12.m2t ]
18:48:12.82 Script take: 0 303 [ movie 00:09:03.04 Z:\OnAir\12_05\-3 ТАЛУН 18-30 2-2 часть 5-12.m2t ]
18:48:28.36 Watchdog timeout 1 sec.  Actual interval 1.17

SLTrimEditorAdapter.Create instance() 608
18:48:33.95 SheduleEdit Shedule.SetItemInOut 0 310 0 43120 (00:00:00.00, 00:00:43.12)
18:48:53.32 Button Shedule.DeleteItem 0 313
Deleted 0 313 movie 00:00:08.60 Z:\Promo\ПРИЗЫ ВК\-3_ПризыВК_Женя (утверждён).m2t
18:49:03.82 FilePage  Shedule.AddItem 0 321 1 0 0 movie 00:00:08.60  Z:\Promo\ПРИЗЫ ВК\-3_ПризыВК_Женя (утверждён).m2t
18:49:10.22 SheduleEdit Shedule.SetItemInOut 0 322 0 8600 (00:00:00.00, 00:00:08.60)
18:49:19.89 SheduleEdit Shedule.SetItemInOut 0 321 0 25160 (00:00:00.00, 00:00:25.16)
18:49:23.82 Button Shedule.DeleteItem 0 322
Deleted 0 322 movie 00:00:08.60 Z:\Promo\ПРИЗЫ ВК\-3_ПризыВК_Женя (утверждён).m2t
18:49:25.80 FilePage  Shedule.AddItem 0 320 1 0 0 movie 00:00:08.60  Z:\Promo\ПРИЗЫ ВК\-3_ПризыВК_Женя (утверждён).m2t
18:49:33.94 SheduleEdit Shedule.SetItemInOut 0 312 0 788480 (00:00:00.00, 00:13:08.48)
18:49:46.89 SheduleEdit Shedule.SetItemInOut 0 324 0 532720 (00:00:00.00, 00:08:52.72)
18:49:56.91 SheduleEdit Shedule.SetItemInOut 0 333 0 179480 (00:00:00.00, 00:02:59.48)
18:50:05.10 FilePage  Shedule.AddItem 0 331 1 0 0 movie 00:00:08.60  Z:\Promo\ПРИЗЫ ВК\-3_ПризыВК_Женя (утверждён).m2t
18:50:08.77 Button Shedule.DeleteItem 0 325
Deleted 0 325 movie 00:00:08.60 Z:\Promo\ПРИЗЫ ВК\-3 ПризыВК_Алёна.m2t
18:50:14.82 FilePage  Shedule.AddItem 0 321 1 0 0 movie 00:00:08.60  Z:\Promo\ПРИЗЫ ВК\-3 ПризыВК_Алёна.m2t
18:50:17.75 Button Shedule.DeleteItem 0 321
Deleted 0 321 movie 00:00:08.60 Z:\Promo\ПРИЗЫ ВК\-3_ПризыВК_Женя (утверждён).m2t
18:50:23.31 Button  Shedule.AddItem 0 331 1 0 0 comment 0
18:50:28.76 Button  Shedule.AddItem 0 334 1 0 0 comment 0
18:50:39.99 SheduleEdit Shedule.SetItemInOut 0 334 0 179480 (00:00:00.00, 00:02:59.48)
18:50:51.93 SheduleEdit Shedule.SetItemInOut 0 340 0 1132480 (00:00:00.00, 00:18:52.48)
18:51:21.68 Button  Shedule.AddItem 0 388 1 0 0 comment 0
18:51:25.65 Button  Shedule.AddItem 0 391 1 0 0 comment 0
18:51:33.09 Button Shedule.DeleteItem 0 375
Deleted 0 375 movie 00:00:36.08 Z:\Promo\-3_ПРОМО Тот самый Мюнхгаузен _ 07.12 _ в 16,00 .m2t
18:51:42.62 SheduleEdit Shedule.SetItemDuration 0 357 780000 (00:13:00.00)
18:51:56.75 FilePage  Shedule.AddItem 0 366 1 0 0 movie 00:00:43.12  Z:\Promo\-3_Анонс Детали Недели 6-12 .m2t
18:52:01.62 FilePage  Shedule.AddItem 0 375 1 0 0 movie 00:00:05.20  Z:\Promo\ПЕРЕБИВКИ_ПРОМО_СЕНТЯБРЬ_2019\-3_перебивка_5ИСПР _ капли.m2t
18:52:26.78 Button Shedule.SaveToFile 0 Z:\PlayList\AirPlay 05.12.2019_91.air
18:57:15.66 Script skip: 0 304 [ comment 0 Рекламный блок 3а начало - 18:57 ]
18:57:15.66 Script take: 0 305 [ movie 00:00:05.20 Z:\Reklama\ПЕРЕБИВКИ_РЕКЛАМА_СЕНТЯБРЬ_2019\-3_перебивка_реклама_5 _ капли _ 300-700.m2t ]
18:57:20.78 Script take: 0 306 [ movie 00:00:28.88 Z:\Reklama\ППСиГЗ_2019\-3_Bndr_Rolik_4_1_Спички - не игрушка КОМИ.m2t ]
18:57:49.76 Script skip: 0 307 [ comment 0 Рекламный блок 3а конец ]
18:57:49.76 Script take: 0 308 [ movie 00:01:15.52 Z:\OnAir\12_05\-3_Поводдя_йылысь_14_30_5_12.m2t ]
18:59:05.68 Script take: 0 309 [ movie 00:00:59.20 Z:\Promo\-3_Глава 83 16х9.m2t ]
19:00:04.68 Script take: 0 310 [ movie 00:00:43.12 Z:\Promo\-3_Анонс Детали Недели 6-12 .m2t ]
19:00:47.70 Script skip: 0 311 [ comment 0 @ телезащитник.avi ]
19:00:47.70 Script take: 0 312 [ movie 00:13:08.48 Z:\OnAir\12_05\-3 Вочакыв Гарнов 5 12 19.m2t ]
19:13:56.07 Script skip: 0 313 [ comment 0 Рекламный блок 36 начало - 19:12 ]
19:13:56.07 Script take: 0 314 [ movie 00:00:05.20 Z:\Reklama\ПЕРЕБИВКИ_РЕКЛАМА_СЕНТЯБРЬ_2019\-3_перебивка_реклама_3 _ золото _ 300-700.m2t ]
19:14:01.20 Script take: 0 315 [ movie 00:00:15.16 Z:\Reklama\-3 КС-Керамик_Уже началась СТРОЙМАТ.m2t ]
19:14:16.73 Script take: 0 316 [ movie 00:00:15.20 Z:\Reklama\-3 MORI_01.m2t ]
19:14:31.73 Script take: 0 317 [ movie 00:00:05.20 Z:\Reklama\-3_Магия меха_новое поступление Зима.m2t ]
19:14:36.86 Script take: 0 318 [ movie 00:00:15.92 Z:\Reklama\-3_Автосмотр_исправлен.m2t ]
19:14:52.75 Script take: 0 319 [ movie 00:00:20.12 Z:\Reklama\Телекарта\-3_Bndr_05_Narodniy_premier-85_16+_0-20_1080p.m2t ]
19:15:12.87 Script skip: 0 320 [ comment 0 Рекламный блок 36 конец ]
19:15:12.87 Script take: 0 321 [ movie 00:00:08.60 Z:\Promo\ПРИЗЫ ВК\-3 ПризыВК_Алёна.m2t ]
19:15:21.76 Script take: 0 322 [ movie 00:00:25.16 Z:\Promo\-3 KomiExpoTravel_промо_с 4 по 6 декабря_по медиаплану.m2t ]
19:15:46.74 Script skip: 0 323 [ comment 0 @ время новостей.avi ]
19:15:46.74 Script take: 0 324 [ movie 00:08:52.72 Z:\OnAir\12_05\-3_Телезащитник 05,12.m2t ]
19:24:39.37 Script skip: 0 325 [ comment 0 Рекламный блок 37 начало - 19:25 ]
19:24:39.37 Script take: 0 326 [ movie 00:00:05.20 Z:\Reklama\ПЕРЕБИВКИ_РЕКЛАМА_СЕНТЯБРЬ_2019\-3_перебивка_реклама_5 _ капли _ 300-700.m2t ]
19:24:44.88 Script take: 0 327 [ movie 00:00:15.16 Z:\Reklama\-3_Дом книги_15 с.m2t ]
19:24:59.91 Script take: 0 328 [ movie 00:00:15.20 Z:\Reklama\-3 MORI_01.m2t ]
19:25:14.84 Script take: 0 329 [ movie 00:00:13.20 Z:\Reklama\-3_ТГ_Вахта_Повар.m2t ]
19:25:28.09 Script skip: 0 330 [ comment 0 Рекламный блок 37 конец ]
19:25:28.09 Script take: 0 331 [ movie 00:00:08.60 Z:\Promo\ПРИЗЫ ВК\-3_ПризыВК_Женя (утверждён).m2t ]
19:25:36.83 Script skip: 0 332 [ comment 0  ]
19:25:36.83 Script take: 0 333 [ movie 00:00:05.20 Z:\Reklama\ПЕРЕБИВКИ_РЕКЛАМА_СЕНТЯБРЬ_2019\-3_перебивка_реклама_3 _ золото _ 300-700.m2t ]
19:25:41.82 Script take: 0 334 [ movie 00:02:59.48 Z:\OnAir\12_05\-3_Завтра-по-магазинам_05-12-2019.m2t ]
19:28:41.67 Script skip: 0 335 [ comment 0  ]
19:28:41.67 Script take: 0 336 [ movie 00:00:25.16 Z:\Promo\-3 KomiExpoTravel_промо_с 4 по 6 декабря_по медиаплану.m2t ]
19:29:06.70 Script take: 0 337 [ movie 00:00:44.20 Z:\Promo\-3_Глава 82 16х9.m2t ]
19:29:50.72 Script take: 0 338 [ movie <00:00:50.96> 00:00:09.32 Z:\Часы\Сlock_19_30 (07_30).m2t ]
19:30:00.07 Script skip: 0 339 [ comment 0 Слот 7___19,30-21,30 = 2 час (10,30 мин)=1 час 49,30 мин ]
19:30:00.07 Script take: 0 340 [ movie 00:18:52.48 Z:\OnAir\12_05\-3 ВН вечер и ночь 1ч 5-12.m2t ]
19:48:52.58 Script skip: 0 341 [ comment 0 Рекламный блок 38 начало - 19:45 ]
19:48:52.58 Script take: 0 342 [ movie 00:00:05.20 Z:\Reklama\-3_Магия меха_ликвидация коллекции.m2t ]
19:48:58.00 Script take: 0 343 [ movie 00:00:18.20 Z:\Reklama\-3_Центр эстетической медицины_18с.m2t ]
19:49:15.97 Script take: 0 344 [ movie 00:00:15.92 Z:\Reklama\-3_Автосмотр_исправлен.m2t ]
19:49:31.94 Script take: 0 345 [ movie 00:00:13.24 Z:\Reklama\-3_Лидер Морозова 13 сек.m2t ]
19:49:45.07 Script take: 0 346 [ movie 00:00:10.12 Z:\Reklama\-3_Еврочехлы новогодний_1.m2t ]
19:49:55.20 Script take: 0 347 [ movie 00:00:15.16 Z:\Reklama\-3_АЛМАГ+ ЛАМПА (Орбита) Full-HD 15 сек - Коми (Будь здоров и Планета здор-я).m2t ]
19:50:10.33 Script skip: 0 348 [ comment 0 Рекламный блок 38 конец ]
19:50:10.33 Script take: 0 349 [ movie 00:10:39.32 Z:\OnAir\12_05\-3 ВН вечер 2 часть 5-12.m2t ]
19:53:20.26 SheduleEdit Shedule.SetItemDuration 0 357 0 (00:00:00.00)
19:53:21.93 SheduleEdit Shedule.SetItemDuration 0 363 0 (00:00:00.00)
20:00:49.73 Script skip: 0 350 [ comment 0 Рекламный блок 39 начало - 19:57 ]
20:00:49.73 Script take: 0 351 [ movie 00:00:05.20 Z:\Reklama\ПЕРЕБИВКИ_РЕКЛАМА_СЕНТЯБРЬ_2019\-3_перебивка_реклама_3 _ золото _ 300-700.m2t ]
20:00:55.14 Script take: 0 352 [ movie 00:00:15.20 Z:\Reklama\-3 MORI_01.m2t ]
20:01:10.16 Script take: 0 353 [ movie 00:00:13.20 Z:\Reklama\-3_ТГ_Вахта_Повар.m2t ]
20:01:23.27 Script skip: 0 354 [ comment 0 Рекламный блок 39 конец ]
20:01:23.27 Script take: 0 355 [ movie 00:01:59.60 Z:\OnAir\12_05\-3_Все_о_погоде_16_30_5_12_ЮРГАН.m2t ]
20:03:23.29 Script take: 0 356 [ movie 00:00:59.20 Z:\Promo\-3_Глава 83 16х9.m2t ]
20:04:22.30 Script take: 0 357 [ video1 0 ДЕТАЛИ ЧАСТЬ 1 ]
20:04:22.31 Script stop: 0 359 [ wait operator 0  ]
20:04:22.31 Script wait: 0 359 [ wait operator 0  ]
20:04:29.54 ScheduleDblClick Shedule.SetRunPosition 0 365
20:04:29.62 Script wait: 0 365 [ wait operator 0  ]
20:27:33.78 ScheduleDblClick Shedule.SetRunPosition 0 365
20:29:01.46 FilePage  Shedule.AddItem 0 365 1 0 0 movie 00:00:43.12  Z:\Promo\-3_Анонс Детали Недели 6-12 .m2t
20:29:16.61 Hotkey Shedule.Start
Skip: 0 365 [ wait operator 0  ]
20:29:16.82 Script take: 0 366 [ movie 00:00:43.12 Z:\Promo\-3_Анонс Детали Недели 6-12 .m2t ]
20:29:42.40 FilePage  Shedule.AddItem 0 390 1 0 0 movie 00:00:43.12  Z:\Promo\-3_Анонс Детали Недели 6-12 .m2t
20:29:48.41 FilePage  Shedule.AddItem 0 397 1 0 0 movie 00:00:43.12  Z:\Promo\-3_Анонс Детали Недели 6-12 .m2t
20:29:56.74 FilePage  Shedule.AddItem 0 377 1 0 0 movie 00:00:43.12  Z:\Promo\-3_Анонс Детали Недели 6-12 .m2t
20:30:00.00 Script take: 0 367 [ movie <00:00:00.00> 00:12:04.96 Y:\НТС_12_02_08\Ночные ласточки 4 серия.mpg ]
20:30:06.39 FilePage  Shedule.AddItem 0 383 1 0 0 movie 00:00:43.12  Z:\Promo\-3_Анонс Детали Недели 6-12 .m2t
20:30:22.22 Watchdog timeout 1 sec.  Actual interval 1.25

20:30:29.50 SheduleEdit Shedule.SetItemInOut 0 367 0 724960 (00:00:00.00, 00:12:04.96)
20:30:59.65 SheduleEdit Shedule.SetItemDuration 0 357 1520000 (00:25:20.00)
20:31:02.65 SheduleEdit Shedule.SetItemDuration 0 363 600000 (00:10:00.00)
20:31:29.35 SheduleEdit Shedule.SetItemInOut 0 378 0 43120 (00:00:00.00, 00:00:43.12)
20:31:33.93 Watchdog timeout 1 sec.  Actual interval 1.05

20:31:50.42 SheduleEdit Shedule.SetItemInOut 0 383 725240 2859440 (00:12:05.24, 00:47:39.44)
20:32:36.42 SheduleEdit Shedule.SetItemInOut 0 378 0 43120 (00:00:00.00, 00:00:43.12)
20:34:43.43 SheduleEdit Shedule.SetItemInOut 0 396 0 179480 (00:00:00.00, 00:02:59.48)
20:35:48.39 SheduleEdit Shedule.SetItemInOut 0 396 0 179480 (00:00:00.00, 00:02:59.48)
20:36:12.89 Watchdog timeout 1 sec.  Actual interval 1.03

20:36:15.39 SheduleEdit Shedule.SetItemInOut 0 402 0 60280 (00:00:00.00, 00:01:00.28)
20:36:25.41 SheduleEdit Shedule.SetItemInOut 0 402 52720 60280 (00:00:52.72, 00:01:00.28)
20:36:36.35 Button Shedule.SaveToFile 0 Z:\PlayList\AirPlay 05.12.2019_91.air
20:37:57.89 Watchdog timeout 1 sec.  Actual interval 1.11

20:38:02.56 SheduleEdit Shedule.SetItemInOut 0 411 0 647000 (00:00:00.00, 00:10:47.00)
20:38:18.40 SheduleEdit Shedule.SetItemInOut 0 418 0 532720 (00:00:00.00, 00:08:52.72)
20:38:26.30 FilePage  Shedule.AddItem 0 418 1 0 0 movie 00:00:43.12  Z:\Promo\-3_Анонс Детали Недели 6-12 .m2t
20:38:33.30 Button Shedule.DeleteItem 0 423
Deleted 0 423 movie 00:00:36.08 Z:\Promo\-3_ПРОМО Тот самый Мюнхгаузен _ 07.12 _ в 16,00 .m2t
20:38:34.31 Button Shedule.DeleteItem 0 423
Deleted 0 423 movie 00:00:56.44 Z:\Promo\-3_ПРОМО Сердцеед _ 07.12 _ в 00,25.m2t
20:38:47.32 FilePage  Shedule.AddItem 0 419 1 0 0 movie 00:00:58.60  Z:\Promo\-3_ПРОМО Гардемарины, вперед _ 07.12 _ в 20,10 .m2t
20:38:54.63 FilePage  Shedule.AddItem 0 420 1 0 0 movie 00:00:48.52  Z:\Promo\-3_ПРОМО Жена смотрителя зоопарка _ 08.12 _ в 19,20.m2t
20:38:57.36 FilePage  Shedule.AddItem 0 421 1 0 0 movie 00:01:00.76  Z:\Promo\-3_ПРОМО Здравствуй, страна героев! (концерт) _ 08.12 _ в 16,00.m2t
20:38:59.47 Button Shedule.DeleteItem 0 421
Deleted 0 421 movie 00:00:48.52 Z:\Promo\-3_ПРОМО Жена смотрителя зоопарка _ 08.12 _ в 19,20.m2t
20:39:13.95 Watchdog timeout 1 sec.  Actual interval 1.06

20:39:40.43 SheduleEdit Shedule.SetItemInOut 0 429 80 2213000 (00:00:00.08, 00:36:53.00)
20:39:57.36 FilePage  Shedule.AddItem 0 435 1 0 0 movie 00:00:43.12  Z:\Promo\-3_Анонс Детали Недели 6-12 .m2t
20:40:01.84 Button Shedule.DeleteItem 0 436
Deleted 0 436 movie 00:00:43.12 Z:\Promo\-3_Анонс Детали Недели 6-12 .m2t
20:40:04.36 FilePage  Shedule.AddItem 0 435 1 0 0 movie 00:00:05.20  Z:\Promo\ПЕРЕБИВКИ_ПРОМО_СЕНТЯБРЬ_2019\-3_перебивка_3ИСПР _ золото.m2t
20:40:08.75 FilePage  Shedule.AddItem 0 442 1 0 0 movie 00:00:05.20  Z:\Promo\ПЕРЕБИВКИ_ПРОМО_СЕНТЯБРЬ_2019\-3_перебивка_3ИСПР _ золото.m2t
20:40:12.35 FilePage  Shedule.AddItem 0 442 1 0 0 movie 00:00:43.12  Z:\Promo\-3_Анонс Детали Недели 6-12 .m2t
20:40:15.54 FilePage  Shedule.AddItem 0 429 1 0 0 movie 00:00:43.12  Z:\Promo\-3_Анонс Детали Недели 6-12 .m2t
20:40:24.85 FilePage  Shedule.AddItem 0 453 1 0 0 movie 00:00:43.12  Z:\Promo\-3_Анонс Детали Недели 6-12 .m2t
20:40:33.90 Watchdog timeout 1 sec.  Actual interval 1.06

20:40:45.59 SheduleEdit Shedule.SetItemInOut 0 455 120 2660080 (00:00:00.12, 00:44:20.08)
20:40:59.42 SheduleEdit Shedule.SetItemInOut 0 462 0 2417040 (00:00:00.00, 00:40:17.04)
20:41:01.88 Button Shedule.DeleteItem 0 463
Deleted 0 463 movie 00:00:36.08 Z:\Promo\-3_ПРОМО Тот самый Мюнхгаузен _ 07.12 _ в 16,00 .m2t
20:41:02.74 Button Shedule.DeleteItem 0 463
Deleted 0 463 movie 00:00:56.44 Z:\Promo\-3_ПРОМО Сердцеед _ 07.12 _ в 00,25.m2t
20:41:03.32 Button Shedule.DeleteItem 0 463
Deleted 0 463 movie 00:00:58.60 Z:\Promo\-3_ПРОМО Гардемарины, вперед _ 07.12 _ в 20,10 .m2t
20:41:03.81 Button Shedule.DeleteItem 0 463
Deleted 0 463 movie 00:00:48.52 Z:\Promo\-3_ПРОМО Жена смотрителя зоопарка _ 08.12 _ в 19,20.m2t
20:41:04.77 Button Shedule.DeleteItem 0 463
Deleted 0 463 movie 00:01:00.76 Z:\Promo\-3_ПРОМО Здравствуй, страна героев! (концерт) _ 08.12 _ в 16,00.m2t
20:41:09.32 FilePage  Shedule.AddItem 0 462 1 0 0 movie 00:00:43.12  Z:\Promo\-3_Анонс Детали Недели 6-12 .m2t
20:41:21.30 FilePage  Shedule.AddItem 0 463 1 0 0 movie 00:00:36.08  Z:\Promo\-3_ПРОМО Тот самый Мюнхгаузен _ 07.12 _ в 16,00 .m2t
20:41:25.83 Watchdog timeout 1 sec.  Actual interval 1.03

20:41:32.37 SheduleEdit Shedule.SetItemInOut 0 468 320 735440 (00:00:00.32, 00:12:15.44)
20:41:47.32 Button Shedule.DeleteItem 0 470
Deleted 0 470 movie 00:00:48.52 Z:\Promo\-3_ПРОМО Жена смотрителя зоопарка _ 08.12 _ в 19,20.m2t
20:41:50.30 FilePage  Shedule.AddItem 0 469 1 0 0 movie 00:00:43.12  Z:\Promo\-3_Анонс Детали Недели 6-12 .m2t
20:42:04.89 Script take: 0 368 [ movie 00:00:43.12 Z:\Promo\-3_Анонс Детали Недели 6-12 .m2t ]
20:42:10.42 SheduleEdit Shedule.SetItemInOut 0 472 0 856720 (00:00:00.00, 00:14:16.72)
20:42:21.30 Button Shedule.SaveToFile 0 Z:\PlayList\AirPlay 05.12.2019_91.air
20:42:48.30 Script skip: 0 369 [ comment 0 Рекламный блок 41 начало - 20:43 ]
20:42:48.30 Script take: 0 370 [ movie 00:00:05.20 Z:\Reklama\ПЕРЕБИВКИ_РЕКЛАМА_СЕНТЯБРЬ_2019\-3_перебивка_реклама_5 _ капли _ 300-700.m2t ]
20:42:53.30 Script take: 0 371 [ movie 00:00:40.16 Z:\Reklama\КОГБУЗ\-3_01016_КОГБУЗ_Эндоваскулярная хирургия_04_12.03.2018_1080p_40Mbps.m2t ]
20:43:33.33 Script take: 0 372 [ movie 00:00:56.16 Z:\Reklama\КОГБУЗ\-3 56 сек - КОГБУЗ_сюжет 1_04_22.04.2016 FullHD готовый.m2t ]
20:44:29.61 Script take: 0 373 [ movie 00:00:15.16 Z:\Reklama\ЗОЖ 27 июня\-3 11_Insagram_15_27.08.m2t ]
20:44:44.77 Script take: 0 374 [ movie 00:00:20.20 Z:\Reklama\Телекарта\-3_Bndr_04_KUKUSHKA_Zapad_1080p.m2t ]
20:45:04.85 Script skip: 0 375 [ comment 0 Рекламный блок 41 конец ]
20:45:04.85 Script take: 0 376 [ movie 00:00:30.16 Z:\Reklama\Делаю добро\-3_30sec_fullhd_0.m2t ]
20:45:35.32 Script take: 0 377 [ movie 00:00:05.20 Z:\Promo\ПЕРЕБИВКИ_ПРОМО_СЕНТЯБРЬ_2019\-3_перебивка_5ИСПР _ капли.m2t ]
20:45:40.32 Script take: 0 378 [ movie 00:00:43.12 Z:\Promo\-3_Анонс Детали Недели 6-12 .m2t ]
20:46:23.45 Script skip: 0 379 [ comment 0 Рекламный блок 42 начало - 21:13 ]
20:46:23.45 Script skip: 0 380 [ comment 0 Нет рекламы в блоке ]
20:46:23.46 Script skip: 0 381 [ comment 0 Рекламный блок 42 конец ]
20:46:23.47 Script skip: 0 382 [ comment 0 & ночные ласточки.avi ]
20:46:23.47 Script take: 0 383 [ movie <00:12:05.24> 00:35:34.20 Y:\НТС_12_02_08\Ночные ласточки 4 серия.mpg ]
21:21:57.79 Script take: 0 384 [ movie 00:00:43.12 Z:\Promo\-3_Анонс Детали Недели 6-12 .m2t ]
21:22:40.79 Script skip: 0 385 [ comment 0 Рекламный блок 43 начало - 21:25 ]
21:22:40.79 Script take: 0 386 [ movie 00:00:05.20 Z:\Reklama\ПЕРЕБИВКИ_РЕКЛАМА_СЕНТЯБРЬ_2019\-3_перебивка_реклама_3 _ золото _ 300-700.m2t ]
21:22:45.90 Script take: 0 387 [ movie 00:00:15.20 Z:\Reklama\-3 MORI_01.m2t ]
21:23:01.17 Script take: 0 388 [ movie 00:00:05.20 Z:\Reklama\-3_Магия меха_новое поступление Зима.m2t ]
21:23:06.29 Script take: 0 389 [ movie 00:00:13.20 Z:\Reklama\-3_ТГ_Вахта_Повар.m2t ]
21:23:19.81 Script take: 0 390 [ movie 00:00:15.16 Z:\Reklama\-3_ПОДАРОК А+ Full-HD 15 сек - Коми (Будь здоров и Планета здор-я).m2t ]
21:23:34.77 Script skip: 0 391 [ comment 0 Рекламный блок 43 конец ]
21:23:34.77 Script take: 0 392 [ movie 00:00:15.16 Z:\Reklama\Делаю добро\-3_DobroRF15_notitles_no0_.m2t ]
21:23:49.89 Script take: 0 393 [ movie 00:00:43.12 Z:\Promo\-3_Анонс Детали Недели 6-12 .m2t ]
21:24:32.99 Script skip: 0 394 [ comment 0  ]
21:24:32.99 Script take: 0 395 [ movie 00:00:05.20 Z:\Reklama\ПЕРЕБИВКИ_РЕКЛАМА_СЕНТЯБРЬ_2019\-3_перебивка_реклама_5 _ капли _ 300-700.m2t ]
21:24:38.14 Script take: 0 396 [ movie 00:02:59.48 Z:\OnAir\12_05\-3_Завтра-по-магазинам_05-12-2019.m2t ]
21:27:37.63 Script skip: 0 397 [ comment 0  ]
21:27:37.63 Script take: 0 398 [ movie 00:00:25.16 Z:\Promo\-3 KomiExpoTravel_промо_с 4 по 6 декабря_по медиаплану.m2t ]
21:28:02.80 Script take: 0 399 [ movie 00:00:22.39 Z:\OnAir\ГОРОДА 12+\-3_города_Воркута_корр_блюр.mpg ]
21:28:25.14 Script take: 0 400 [ movie 00:00:43.12 Z:\Promo\-3_Анонс Детали Недели 6-12 .m2t ]
21:29:08.65 Script take: 0 401 [ movie 00:00:44.20 Z:\Promo\-3_Глава 82 16х9.m2t ]
21:29:52.68 Script take: 0 402 [ movie <00:00:52.72> 00:00:07.56 Z:\Часы\Сlock_21_30.m2t ]
21:30:00.05 Script skip: 0 403 [ comment 0 Слот 8___21,30-02,00 = 4 часа 30 минут (20,30)=4 часа 9,30 мин ]
21:30:00.05 Script take: 0 404 [ movie 00:18:52.48 Z:\OnAir\12_05\-3 ВН вечер и ночь 1ч 5-12.m2t ]
21:48:52.75 Script skip: 0 405 [ comment 0 Рекламный блок 44 начало - 21:45 ]
21:48:52.75 Script take: 0 406 [ movie 00:00:15.16 Z:\Reklama\-3 КС-Керамик_Уже началась СТРОЙМАТ.m2t ]
21:49:07.73 Script take: 0 407 [ movie 00:00:15.92 Z:\Reklama\-3_Автосмотр_исправлен.m2t ]
21:49:23.70 Script take: 0 408 [ movie 00:00:13.24 Z:\OnAir\12_05\-3 Лидер_СПЕЦОДЕЖДА.m2t ]
21:49:36.81 Script take: 0 409 [ movie 00:00:10.12 Z:\Reklama\-3_Еврочехлы новогодний_1.m2t ]
21:49:46.94 Script skip: 0 410 [ comment 0 Рекламный блок 44 конец ]
21:49:46.94 Script take: 0 411 [ movie 00:10:47.00 Z:\OnAir\12_05\-3 ВН ночь 2 часть 5-12.m2t ]
22:00:33.93 Script skip: 0 412 [ comment 0 Рекламный блок 45 начало - 21:57 ]
22:00:33.93 Script take: 0 413 [ movie 00:00:05.20 Z:\Reklama\ПЕРЕБИВКИ_РЕКЛАМА_СЕНТЯБРЬ_2019\-3_перебивка_реклама_3 _ золото _ 300-700.m2t ]
22:00:39.18 Script take: 0 414 [ movie 00:00:20.12 Z:\Reklama\Телекарта\-3_Bndr_05_Narodniy_premier-85_16+_0-20_1080p.m2t ]
22:00:59.30 Script skip: 0 415 [ comment 0 Рекламный блок 45 конец ]
22:00:59.30 Script take: 0 416 [ movie 00:01:59.60 Z:\OnAir\12_05\-3_Все_о_погоде_16_30_5_12_ЮРГАН.m2t ]
22:02:58.98 Script take: 0 417 [ movie 00:00:59.20 Z:\Promo\-3_Глава 83 16х9.m2t ]
22:03:58.16 Script take: 0 418 [ movie 00:08:52.72 Z:\OnAir\12_05\-3_Телезащитник 05,12.m2t ]
22:12:51.01 Script take: 0 419 [ movie 00:00:43.12 Z:\Promo\-3_Анонс Детали Недели 6-12 .m2t ]
22:13:34.00 Script take: 0 420 [ movie 00:00:58.60 Z:\Promo\-3_ПРОМО Гардемарины, вперед _ 07.12 _ в 20,10 .m2t ]
22:14:32.55 Script take: 0 421 [ movie 00:01:00.76 Z:\Promo\-3_ПРОМО Здравствуй, страна героев! (концерт) _ 08.12 _ в 16,00.m2t ]
22:15:33.36 Script skip: 0 422 [ comment 0 Рекламный блок 46 начало - 22:13 ]
22:15:33.36 Script skip: 0 423 [ comment 0 Нет рекламы в блоке ]
22:15:33.37 Script skip: 0 424 [ comment 0 Рекламный блок 46 конец ]
22:15:33.37 Script take: 0 425 [ movie 00:00:08.16 Z:\Promo\-3_Bndr_ЛИЦЕНЗИЯ_2019.m2t ]
22:15:41.52 Script skip: 0 426 [ comment 0 Рекламный блок 47 начало - 22:32 ]
22:15:41.52 Script skip: 0 427 [ comment 0 Нет рекламы в блоке ]
22:15:41.53 Script skip: 0 428 [ comment 0 Рекламный блок 47 конец ]
22:15:41.54 Script take: 0 429 [ movie <00:00:00.08> 00:36:52.92 Y:\НТС_12_02_08\Презумпция вины.mpg ]
22:52:34.39 Script take: 0 430 [ movie 00:00:43.12 Z:\Promo\-3_Анонс Детали Недели 6-12 .m2t ]
22:53:17.45 Script skip: 0 431 [ comment 0 Рекламный блок 48 начало - 22:51 ]
22:53:17.45 Script take: 0 432 [ movie 00:00:05.20 Z:\Reklama\ПЕРЕБИВКИ_РЕКЛАМА_СЕНТЯБРЬ_2019\-3_перебивка_реклама_3 _ золото _ 300-700.m2t ]
22:53:22.69 Script take: 0 433 [ movie 00:00:20.20 Z:\Reklama\Телекарта\-3_Bndr_04_KUKUSHKA_Zapad_1080p.m2t ]
22:53:43.29 Script skip: 0 434 [ comment 0 Рекламный блок 48 конец ]
22:53:43.29 Script take: 0 435 [ movie 00:00:15.32 Z:\Reklama\Антитеррор\-3_Bndr_Ролик № 4.   «Обман» хронометраж 15 сек.avi ]
22:53:58.27 Script take: 0 436 [ movie 00:00:56.25 Z:\Reklama\АНТИНАРКО\Антинаркотик. Ролик на конкурс.mpg ]
22:54:54.53 Script take: 0 437 [ movie 00:00:05.20 Z:\Promo\ПЕРЕБИВКИ_ПРОМО_СЕНТЯБРЬ_2019\-3_перебивка_3ИСПР _ золото.m2t ]
22:54:59.69 Script skip: 0 438 [ comment 0 & презумпция вины.avi ]
22:54:59.69 Script take: 0 439 [ movie <00:36:53.28> 00:17:14.24 Y:\НТС_12_02_08\Презумпция вины.mpg ]
23:12:13.93 Script skip: 0 440 [ comment 0 Рекламный блок 49 начало - 23:10 ]
23:12:13.93 Script take: 0 441 [ movie 00:00:05.20 Z:\Reklama\ПЕРЕБИВКИ_РЕКЛАМА_СЕНТЯБРЬ_2019\-3_перебивка_реклама_3 _ золото _ 300-700.m2t ]
23:12:19.43 Script take: 0 442 [ movie 00:00:30.16 Z:\Reklama\Десятилетие детства\К 10 летию детства\Отцовство  -  твой  главный  жизненный  проект\-3_Bndr_Алексей Кортнев. Отцовство твой главный жизненный проект. 30 секунд.m2t ]
23:12:49.41 Script skip: 0 443 [ comment 0 Рекламный блок 49 конец ]
23:12:49.41 Script take: 0 444 [ movie 00:00:43.12 Z:\Promo\-3_Анонс Детали Недели 6-12 .m2t ]
23:13:32.44 Script take: 0 445 [ movie 00:00:05.20 Z:\Promo\ПЕРЕБИВКИ_ПРОМО_СЕНТЯБРЬ_2019\-3_перебивка_3ИСПР _ золото.m2t ]
23:13:37.69 Script skip: 0 446 [ comment 0 & презумпция вины.avi ]
23:13:37.69 Script take: 0 447 [ movie <00:54:07.80> 00:50:01.12 Y:\НТС_12_02_08\Презумпция вины.mpg ]
